[35m[1mConsolidate compiler generated dependencies of target node[0m
[ 50%] [32mBuilding CXX object CMakeFiles/node.dir/src/node.cpp.o[0m
[100%] [32m[1mLinking CXX executable node[0m
[100%] Built target node
-- Install configuration: ""
-- Installing: /home/budiman/RIVAL/cdc/install/pkg1/lib/pkg1/node
-- Set runtime path of "/home/budiman/RIVAL/cdc/install/pkg1/lib/pkg1/node" to ""
-- Up-to-date: /home/budiman/RIVAL/cdc/install/pkg1/share/ament_index/resource_index/package_run_dependencies/pkg1
-- Up-to-date: /home/budiman/RIVAL/cdc/install/pkg1/share/ament_index/resource_index/parent_prefix_path/pkg1
-- Up-to-date: /home/budiman/RIVAL/cdc/install/pkg1/share/pkg1/environment/ament_prefix_path.sh
-- Up-to-date: /home/budiman/RIVAL/cdc/install/pkg1/share/pkg1/environment/ament_prefix_path.dsv
-- Up-to-date: /home/budiman/RIVAL/cdc/install/pkg1/share/pkg1/environment/path.sh
-- Up-to-date: /home/budiman/RIVAL/cdc/install/pkg1/share/pkg1/environment/path.dsv
-- Up-to-date: /home/budiman/RIVAL/cdc/install/pkg1/share/pkg1/local_setup.bash
-- Up-to-date: /home/budiman/RIVAL/cdc/install/pkg1/share/pkg1/local_setup.sh
-- Up-to-date: /home/budiman/RIVAL/cdc/install/pkg1/share/pkg1/local_setup.zsh
-- Up-to-date: /home/budiman/RIVAL/cdc/install/pkg1/share/pkg1/local_setup.dsv
-- Installing: /home/budiman/RIVAL/cdc/install/pkg1/share/pkg1/package.dsv
-- Up-to-date: /home/budiman/RIVAL/cdc/install/pkg1/share/ament_index/resource_index/packages/pkg1
-- Up-to-date: /home/budiman/RIVAL/cdc/install/pkg1/share/pkg1/cmake/ament_cmake_export_include_directories-extras.cmake
-- Up-to-date: /home/budiman/RIVAL/cdc/install/pkg1/share/pkg1/cmake/pkg1Config.cmake
-- Up-to-date: /home/budiman/RIVAL/cdc/install/pkg1/share/pkg1/cmake/pkg1Config-version.cmake
-- Up-to-date: /home/budiman/RIVAL/cdc/install/pkg1/share/pkg1/package.xml
