[0.202s] DEBUG:colcon:Command line arguments: ['/usr/bin/colcon', 'build']
[0.202s] DEBUG:colcon:Parsed command line arguments: Namespace(log_base=None, log_level=None, verb_name='build', build_base='build', install_base='install', merge_install=False, symlink_install=False, test_result_base=None, continue_on_error=False, executor='parallel', parallel_workers=8, event_handlers=None, ignore_user_meta=False, metas=['./colcon.meta'], base_paths=['.'], packages_ignore=None, packages_ignore_regex=None, paths=None, packages_up_to=None, packages_up_to_regex=None, packages_above=None, packages_above_and_dependencies=None, packages_above_depth=None, packages_select_by_dep=None, packages_skip_by_dep=None, packages_skip_up_to=None, packages_select_build_failed=False, packages_skip_build_finished=False, packages_select_test_failures=False, packages_skip_test_passed=False, packages_select=None, packages_skip=None, packages_select_regex=None, packages_skip_regex=None, packages_start=None, packages_end=None, allow_overriding=[], cmake_args=None, cmake_target=None, cmake_target_skip_unavailable=False, cmake_clean_cache=False, cmake_clean_first=False, cmake_force_configure=False, ament_cmake_args=None, catkin_cmake_args=None, catkin_skip_building_tests=False, mixin_files=None, mixin=None, verb_parser=<colcon_mixin.mixin.mixin_argument.MixinArgumentDecorator object at 0x74c2c9c6ae00>, verb_extension=<colcon_core.verb.build.BuildVerb object at 0x74c2c9c6a890>, main=<bound method BuildVerb.main of <colcon_core.verb.build.BuildVerb object at 0x74c2c9c6a890>>, mixin_verb=('build',))
[0.359s] Level 1:colcon.colcon_core.package_discovery:discover_packages(colcon_meta) check parameters
[0.360s] Level 1:colcon.colcon_core.package_discovery:discover_packages(recursive) check parameters
[0.360s] Level 1:colcon.colcon_core.package_discovery:discover_packages(ignore) check parameters
[0.360s] Level 1:colcon.colcon_core.package_discovery:discover_packages(path) check parameters
[0.360s] Level 1:colcon.colcon_core.package_discovery:discover_packages(colcon_meta) discover
[0.360s] Level 1:colcon.colcon_core.package_discovery:discover_packages(recursive) discover
[0.360s] INFO:colcon.colcon_core.package_discovery:Crawling recursively for packages in '/home/budiman/RIVAL/cdc'
[0.360s] Level 1:colcon.colcon_core.package_identification:_identify(.) by extensions ['ignore', 'ignore_ament_install']
[0.360s] Level 1:colcon.colcon_core.package_identification:_identify(.) by extension 'ignore'
[0.360s] Level 1:colcon.colcon_core.package_identification:_identify(.) by extension 'ignore_ament_install'
[0.360s] Level 1:colcon.colcon_core.package_identification:_identify(.) by extensions ['colcon_pkg']
[0.360s] Level 1:colcon.colcon_core.package_identification:_identify(.) by extension 'colcon_pkg'
[0.360s] Level 1:colcon.colcon_core.package_identification:_identify(.) by extensions ['colcon_meta']
[0.360s] Level 1:colcon.colcon_core.package_identification:_identify(.) by extension 'colcon_meta'
[0.360s] Level 1:colcon.colcon_core.package_identification:_identify(.) by extensions ['ros']
[0.360s] Level 1:colcon.colcon_core.package_identification:_identify(.) by extension 'ros'
[0.370s] Level 1:colcon.colcon_core.package_identification:_identify(.) by extensions ['cmake', 'python']
[0.370s] Level 1:colcon.colcon_core.package_identification:_identify(.) by extension 'cmake'
[0.370s] Level 1:colcon.colcon_core.package_identification:_identify(.) by extension 'python'
[0.370s] Level 1:colcon.colcon_core.package_identification:_identify(.) by extensions ['python_setup_py']
[0.370s] Level 1:colcon.colcon_core.package_identification:_identify(.) by extension 'python_setup_py'
[0.370s] Level 1:colcon.colcon_core.package_identification:_identify(build) by extensions ['ignore', 'ignore_ament_install']
[0.370s] Level 1:colcon.colcon_core.package_identification:_identify(build) by extension 'ignore'
[0.370s] Level 1:colcon.colcon_core.package_identification:_identify(build) ignored
[0.370s] Level 1:colcon.colcon_core.package_identification:_identify(install) by extensions ['ignore', 'ignore_ament_install']
[0.370s] Level 1:colcon.colcon_core.package_identification:_identify(install) by extension 'ignore'
[0.371s] Level 1:colcon.colcon_core.package_identification:_identify(install) ignored
[0.371s] Level 1:colcon.colcon_core.package_identification:_identify(log) by extensions ['ignore', 'ignore_ament_install']
[0.371s] Level 1:colcon.colcon_core.package_identification:_identify(log) by extension 'ignore'
[0.371s] Level 1:colcon.colcon_core.package_identification:_identify(log) ignored
[0.371s] Level 1:colcon.colcon_core.package_identification:_identify(src) by extensions ['ignore', 'ignore_ament_install']
[0.371s] Level 1:colcon.colcon_core.package_identification:_identify(src) by extension 'ignore'
[0.371s] Level 1:colcon.colcon_core.package_identification:_identify(src) by extension 'ignore_ament_install'
[0.371s] Level 1:colcon.colcon_core.package_identification:_identify(src) by extensions ['colcon_pkg']
[0.371s] Level 1:colcon.colcon_core.package_identification:_identify(src) by extension 'colcon_pkg'
[0.371s] Level 1:colcon.colcon_core.package_identification:_identify(src) by extensions ['colcon_meta']
[0.371s] Level 1:colcon.colcon_core.package_identification:_identify(src) by extension 'colcon_meta'
[0.371s] Level 1:colcon.colcon_core.package_identification:_identify(src) by extensions ['ros']
[0.371s] Level 1:colcon.colcon_core.package_identification:_identify(src) by extension 'ros'
[0.371s] Level 1:colcon.colcon_core.package_identification:_identify(src) by extensions ['cmake', 'python']
[0.371s] Level 1:colcon.colcon_core.package_identification:_identify(src) by extension 'cmake'
[0.371s] Level 1:colcon.colcon_core.package_identification:_identify(src) by extension 'python'
[0.371s] Level 1:colcon.colcon_core.package_identification:_identify(src) by extensions ['python_setup_py']
[0.371s] Level 1:colcon.colcon_core.package_identification:_identify(src) by extension 'python_setup_py'
[0.372s] Level 1:colcon.colcon_core.package_identification:_identify(src/global_messages) by extensions ['ignore', 'ignore_ament_install']
[0.372s] Level 1:colcon.colcon_core.package_identification:_identify(src/global_messages) by extension 'ignore'
[0.372s] Level 1:colcon.colcon_core.package_identification:_identify(src/global_messages) by extension 'ignore_ament_install'
[0.372s] Level 1:colcon.colcon_core.package_identification:_identify(src/global_messages) by extensions ['colcon_pkg']
[0.372s] Level 1:colcon.colcon_core.package_identification:_identify(src/global_messages) by extension 'colcon_pkg'
[0.372s] Level 1:colcon.colcon_core.package_identification:_identify(src/global_messages) by extensions ['colcon_meta']
[0.372s] Level 1:colcon.colcon_core.package_identification:_identify(src/global_messages) by extension 'colcon_meta'
[0.372s] Level 1:colcon.colcon_core.package_identification:_identify(src/global_messages) by extensions ['ros']
[0.372s] Level 1:colcon.colcon_core.package_identification:_identify(src/global_messages) by extension 'ros'
[0.374s] DEBUG:colcon.colcon_core.package_identification:Package 'src/global_messages' with type 'ros.ament_cmake' and name 'global_messages'
[0.374s] Level 1:colcon.colcon_core.package_identification:_identify(src/pkg1) by extensions ['ignore', 'ignore_ament_install']
[0.374s] Level 1:colcon.colcon_core.package_identification:_identify(src/pkg1) by extension 'ignore'
[0.374s] Level 1:colcon.colcon_core.package_identification:_identify(src/pkg1) by extension 'ignore_ament_install'
[0.374s] Level 1:colcon.colcon_core.package_identification:_identify(src/pkg1) by extensions ['colcon_pkg']
[0.374s] Level 1:colcon.colcon_core.package_identification:_identify(src/pkg1) by extension 'colcon_pkg'
[0.374s] Level 1:colcon.colcon_core.package_identification:_identify(src/pkg1) by extensions ['colcon_meta']
[0.374s] Level 1:colcon.colcon_core.package_identification:_identify(src/pkg1) by extension 'colcon_meta'
[0.374s] Level 1:colcon.colcon_core.package_identification:_identify(src/pkg1) by extensions ['ros']
[0.374s] Level 1:colcon.colcon_core.package_identification:_identify(src/pkg1) by extension 'ros'
[0.375s] DEBUG:colcon.colcon_core.package_identification:Package 'src/pkg1' with type 'ros.ament_cmake' and name 'pkg1'
[0.375s] Level 1:colcon.colcon_core.package_discovery:discover_packages(recursive) using defaults
[0.375s] Level 1:colcon.colcon_core.package_discovery:discover_packages(ignore) discover
[0.375s] Level 1:colcon.colcon_core.package_discovery:discover_packages(ignore) using defaults
[0.375s] Level 1:colcon.colcon_core.package_discovery:discover_packages(path) discover
[0.375s] Level 1:colcon.colcon_core.package_discovery:discover_packages(path) using defaults
[0.402s] Level 1:colcon.colcon_core.package_discovery:discover_packages(prefix_path) check parameters
[0.402s] Level 1:colcon.colcon_core.package_discovery:discover_packages(prefix_path) discover
[0.404s] DEBUG:colcon.colcon_installed_package_information.package_discovery:Found 369 installed packages in /opt/ros/humble
[0.406s] Level 1:colcon.colcon_core.package_discovery:discover_packages(prefix_path) using defaults
[0.448s] Level 5:colcon.colcon_core.verb:set package 'global_messages' build argument 'cmake_args' from command line to 'None'
[0.448s] Level 5:colcon.colcon_core.verb:set package 'global_messages' build argument 'cmake_target' from command line to 'None'
[0.448s] Level 5:colcon.colcon_core.verb:set package 'global_messages' build argument 'cmake_target_skip_unavailable' from command line to 'False'
[0.448s] Level 5:colcon.colcon_core.verb:set package 'global_messages' build argument 'cmake_clean_cache' from command line to 'False'
[0.448s] Level 5:colcon.colcon_core.verb:set package 'global_messages' build argument 'cmake_clean_first' from command line to 'False'
[0.448s] Level 5:colcon.colcon_core.verb:set package 'global_messages' build argument 'cmake_force_configure' from command line to 'False'
[0.448s] Level 5:colcon.colcon_core.verb:set package 'global_messages' build argument 'ament_cmake_args' from command line to 'None'
[0.448s] Level 5:colcon.colcon_core.verb:set package 'global_messages' build argument 'catkin_cmake_args' from command line to 'None'
[0.448s] Level 5:colcon.colcon_core.verb:set package 'global_messages' build argument 'catkin_skip_building_tests' from command line to 'False'
[0.448s] DEBUG:colcon.colcon_core.verb:Building package 'global_messages' with the following arguments: {'ament_cmake_args': None, 'build_base': '/home/budiman/RIVAL/cdc/build/global_messages', 'catkin_cmake_args': None, 'catkin_skip_building_tests': False, 'cmake_args': None, 'cmake_clean_cache': False, 'cmake_clean_first': False, 'cmake_force_configure': False, 'cmake_target': None, 'cmake_target_skip_unavailable': False, 'install_base': '/home/budiman/RIVAL/cdc/install/global_messages', 'merge_install': False, 'path': '/home/budiman/RIVAL/cdc/src/global_messages', 'symlink_install': False, 'test_result_base': None}
[0.449s] Level 5:colcon.colcon_core.verb:set package 'pkg1' build argument 'cmake_args' from command line to 'None'
[0.449s] Level 5:colcon.colcon_core.verb:set package 'pkg1' build argument 'cmake_target' from command line to 'None'
[0.449s] Level 5:colcon.colcon_core.verb:set package 'pkg1' build argument 'cmake_target_skip_unavailable' from command line to 'False'
[0.449s] Level 5:colcon.colcon_core.verb:set package 'pkg1' build argument 'cmake_clean_cache' from command line to 'False'
[0.449s] Level 5:colcon.colcon_core.verb:set package 'pkg1' build argument 'cmake_clean_first' from command line to 'False'
[0.449s] Level 5:colcon.colcon_core.verb:set package 'pkg1' build argument 'cmake_force_configure' from command line to 'False'
[0.449s] Level 5:colcon.colcon_core.verb:set package 'pkg1' build argument 'ament_cmake_args' from command line to 'None'
[0.449s] Level 5:colcon.colcon_core.verb:set package 'pkg1' build argument 'catkin_cmake_args' from command line to 'None'
[0.449s] Level 5:colcon.colcon_core.verb:set package 'pkg1' build argument 'catkin_skip_building_tests' from command line to 'False'
[0.449s] DEBUG:colcon.colcon_core.verb:Building package 'pkg1' with the following arguments: {'ament_cmake_args': None, 'build_base': '/home/budiman/RIVAL/cdc/build/pkg1', 'catkin_cmake_args': None, 'catkin_skip_building_tests': False, 'cmake_args': None, 'cmake_clean_cache': False, 'cmake_clean_first': False, 'cmake_force_configure': False, 'cmake_target': None, 'cmake_target_skip_unavailable': False, 'install_base': '/home/budiman/RIVAL/cdc/install/pkg1', 'merge_install': False, 'path': '/home/budiman/RIVAL/cdc/src/pkg1', 'symlink_install': False, 'test_result_base': None}
[0.449s] INFO:colcon.colcon_core.executor:Executing jobs using 'parallel' executor
[0.450s] DEBUG:colcon.colcon_parallel_executor.executor.parallel:run_until_complete
[0.450s] INFO:colcon.colcon_ros.task.ament_cmake.build:Building ROS package in '/home/budiman/RIVAL/cdc/src/global_messages' with build type 'ament_cmake'
[0.450s] INFO:colcon.colcon_cmake.task.cmake.build:Building CMake package in '/home/budiman/RIVAL/cdc/src/global_messages'
[0.453s] INFO:colcon.colcon_core.plugin_system:Skipping extension 'colcon_core.shell.bat': Not used on non-Windows systems
[0.453s] INFO:colcon.colcon_core.shell:Skip shell extension 'powershell' for command environment: Not usable outside of PowerShell
[0.453s] DEBUG:colcon.colcon_core.shell:Skip shell extension 'dsv' for command environment
[0.465s] DEBUG:colcon.colcon_core.event_handler.log_command:Invoking command in '/home/budiman/RIVAL/cdc/build/global_messages': CMAKE_PREFIX_PATH=/opt/ros/humble /usr/bin/cmake --build /home/budiman/RIVAL/cdc/build/global_messages -- -j8 -l8
[0.790s] DEBUG:colcon.colcon_core.event_handler.log_command:Invoked command in '/home/budiman/RIVAL/cdc/build/global_messages' returned '0': CMAKE_PREFIX_PATH=/opt/ros/humble /usr/bin/cmake --build /home/budiman/RIVAL/cdc/build/global_messages -- -j8 -l8
[0.800s] DEBUG:colcon.colcon_core.event_handler.log_command:Invoking command in '/home/budiman/RIVAL/cdc/build/global_messages': CMAKE_PREFIX_PATH=/opt/ros/humble /usr/bin/cmake --install /home/budiman/RIVAL/cdc/build/global_messages
[0.848s] Level 1:colcon.colcon_core.environment:create_environment_scripts_only(global_messages)
[0.849s] DEBUG:colcon.colcon_core.event_handler.log_command:Invoked command in '/home/budiman/RIVAL/cdc/build/global_messages' returned '0': CMAKE_PREFIX_PATH=/opt/ros/humble /usr/bin/cmake --install /home/budiman/RIVAL/cdc/build/global_messages
[0.851s] Level 1:colcon.colcon_core.environment:checking '/home/budiman/RIVAL/cdc/install/global_messages' for CMake module files
[0.851s] Level 1:colcon.colcon_core.environment:checking '/home/budiman/RIVAL/cdc/install/global_messages' for CMake config files
[0.852s] Level 1:colcon.colcon_core.shell:create_environment_hook('global_messages', 'cmake_prefix_path')
[0.852s] INFO:colcon.colcon_core.shell:Creating environment hook '/home/budiman/RIVAL/cdc/install/global_messages/share/global_messages/hook/cmake_prefix_path.ps1'
[0.853s] INFO:colcon.colcon_core.shell:Creating environment descriptor '/home/budiman/RIVAL/cdc/install/global_messages/share/global_messages/hook/cmake_prefix_path.dsv'
[0.853s] INFO:colcon.colcon_core.shell:Creating environment hook '/home/budiman/RIVAL/cdc/install/global_messages/share/global_messages/hook/cmake_prefix_path.sh'
[0.854s] Level 1:colcon.colcon_core.environment:checking '/home/budiman/RIVAL/cdc/install/global_messages/lib'
[0.854s] Level 1:colcon.colcon_core.shell:create_environment_hook('global_messages', 'ld_library_path_lib')
[0.854s] INFO:colcon.colcon_core.shell:Creating environment hook '/home/budiman/RIVAL/cdc/install/global_messages/share/global_messages/hook/ld_library_path_lib.ps1'
[0.854s] INFO:colcon.colcon_core.shell:Creating environment descriptor '/home/budiman/RIVAL/cdc/install/global_messages/share/global_messages/hook/ld_library_path_lib.dsv'
[0.855s] INFO:colcon.colcon_core.shell:Creating environment hook '/home/budiman/RIVAL/cdc/install/global_messages/share/global_messages/hook/ld_library_path_lib.sh'
[0.855s] Level 1:colcon.colcon_core.environment:checking '/home/budiman/RIVAL/cdc/install/global_messages/bin'
[0.855s] Level 1:colcon.colcon_core.environment:checking '/home/budiman/RIVAL/cdc/install/global_messages/lib/pkgconfig/global_messages.pc'
[0.855s] Level 1:colcon.colcon_core.environment:checking '/home/budiman/RIVAL/cdc/install/global_messages/lib/python3.10/site-packages'
[0.855s] Level 1:colcon.colcon_core.environment:checking '/home/budiman/RIVAL/cdc/install/global_messages/bin'
[0.856s] INFO:colcon.colcon_core.shell:Creating package script '/home/budiman/RIVAL/cdc/install/global_messages/share/global_messages/package.ps1'
[0.856s] INFO:colcon.colcon_core.shell:Creating package descriptor '/home/budiman/RIVAL/cdc/install/global_messages/share/global_messages/package.dsv'
[0.857s] INFO:colcon.colcon_core.shell:Creating package script '/home/budiman/RIVAL/cdc/install/global_messages/share/global_messages/package.sh'
[0.857s] INFO:colcon.colcon_core.shell:Creating package script '/home/budiman/RIVAL/cdc/install/global_messages/share/global_messages/package.bash'
[0.858s] INFO:colcon.colcon_core.shell:Creating package script '/home/budiman/RIVAL/cdc/install/global_messages/share/global_messages/package.zsh'
[0.858s] Level 1:colcon.colcon_core.environment:create_file_with_runtime_dependencies(/home/budiman/RIVAL/cdc/install/global_messages/share/colcon-core/packages/global_messages)
[0.859s] Level 1:colcon.colcon_core.environment:create_environment_scripts_only(global_messages)
[0.859s] Level 1:colcon.colcon_core.environment:checking '/home/budiman/RIVAL/cdc/install/global_messages' for CMake module files
[0.860s] Level 1:colcon.colcon_core.environment:checking '/home/budiman/RIVAL/cdc/install/global_messages' for CMake config files
[0.860s] Level 1:colcon.colcon_core.shell:create_environment_hook('global_messages', 'cmake_prefix_path')
[0.860s] INFO:colcon.colcon_core.shell:Creating environment hook '/home/budiman/RIVAL/cdc/install/global_messages/share/global_messages/hook/cmake_prefix_path.ps1'
[0.861s] INFO:colcon.colcon_core.shell:Creating environment descriptor '/home/budiman/RIVAL/cdc/install/global_messages/share/global_messages/hook/cmake_prefix_path.dsv'
[0.861s] INFO:colcon.colcon_core.shell:Creating environment hook '/home/budiman/RIVAL/cdc/install/global_messages/share/global_messages/hook/cmake_prefix_path.sh'
[0.862s] Level 1:colcon.colcon_core.environment:checking '/home/budiman/RIVAL/cdc/install/global_messages/lib'
[0.862s] Level 1:colcon.colcon_core.shell:create_environment_hook('global_messages', 'ld_library_path_lib')
[0.862s] INFO:colcon.colcon_core.shell:Creating environment hook '/home/budiman/RIVAL/cdc/install/global_messages/share/global_messages/hook/ld_library_path_lib.ps1'
[0.862s] INFO:colcon.colcon_core.shell:Creating environment descriptor '/home/budiman/RIVAL/cdc/install/global_messages/share/global_messages/hook/ld_library_path_lib.dsv'
[0.863s] INFO:colcon.colcon_core.shell:Creating environment hook '/home/budiman/RIVAL/cdc/install/global_messages/share/global_messages/hook/ld_library_path_lib.sh'
[0.863s] Level 1:colcon.colcon_core.environment:checking '/home/budiman/RIVAL/cdc/install/global_messages/bin'
[0.863s] Level 1:colcon.colcon_core.environment:checking '/home/budiman/RIVAL/cdc/install/global_messages/lib/pkgconfig/global_messages.pc'
[0.864s] Level 1:colcon.colcon_core.environment:checking '/home/budiman/RIVAL/cdc/install/global_messages/lib/python3.10/site-packages'
[0.864s] Level 1:colcon.colcon_core.environment:checking '/home/budiman/RIVAL/cdc/install/global_messages/bin'
[0.864s] INFO:colcon.colcon_core.shell:Creating package script '/home/budiman/RIVAL/cdc/install/global_messages/share/global_messages/package.ps1'
[0.865s] INFO:colcon.colcon_core.shell:Creating package descriptor '/home/budiman/RIVAL/cdc/install/global_messages/share/global_messages/package.dsv'
[0.865s] INFO:colcon.colcon_core.shell:Creating package script '/home/budiman/RIVAL/cdc/install/global_messages/share/global_messages/package.sh'
[0.865s] INFO:colcon.colcon_core.shell:Creating package script '/home/budiman/RIVAL/cdc/install/global_messages/share/global_messages/package.bash'
[0.866s] INFO:colcon.colcon_core.shell:Creating package script '/home/budiman/RIVAL/cdc/install/global_messages/share/global_messages/package.zsh'
[0.866s] Level 1:colcon.colcon_core.environment:create_file_with_runtime_dependencies(/home/budiman/RIVAL/cdc/install/global_messages/share/colcon-core/packages/global_messages)
[0.866s] INFO:colcon.colcon_ros.task.ament_cmake.build:Building ROS package in '/home/budiman/RIVAL/cdc/src/pkg1' with build type 'ament_cmake'
[0.867s] INFO:colcon.colcon_cmake.task.cmake.build:Building CMake package in '/home/budiman/RIVAL/cdc/src/pkg1'
[0.867s] INFO:colcon.colcon_core.shell:Skip shell extension 'powershell' for command environment: Not usable outside of PowerShell
[0.867s] DEBUG:colcon.colcon_core.shell:Skip shell extension 'dsv' for command environment
[0.874s] DEBUG:colcon.colcon_core.event_handler.log_command:Invoking command in '/home/budiman/RIVAL/cdc/build/pkg1': AMENT_PREFIX_PATH=/home/budiman/RIVAL/cdc/install/global_messages:${AMENT_PREFIX_PATH} CMAKE_PREFIX_PATH=/home/budiman/RIVAL/cdc/install/global_messages:/opt/ros/humble LD_LIBRARY_PATH=/home/budiman/RIVAL/cdc/install/global_messages/lib:/usr/lib/x86_64-linux-gnu/gazebo-11/plugins:/opt/ros/humble/opt/rviz_ogre_vendor/lib:/opt/ros/humble/lib/x86_64-linux-gnu:/opt/ros/humble/opt/libphidget22/lib:/opt/ros/humble/lib:/usr/share/gazebo/../../lib/x86_64-linux-gnu/gazebo-11/plugins PYTHONPATH=/home/budiman/RIVAL/cdc/install/global_messages/local/lib/python3.10/dist-packages:${PYTHONPATH} /usr/bin/cmake --build /home/budiman/RIVAL/cdc/build/pkg1 -- -j8 -l8
[7.415s] DEBUG:colcon.colcon_core.event_handler.log_command:Invoked command in '/home/budiman/RIVAL/cdc/build/pkg1' returned '2': AMENT_PREFIX_PATH=/home/budiman/RIVAL/cdc/install/global_messages:${AMENT_PREFIX_PATH} CMAKE_PREFIX_PATH=/home/budiman/RIVAL/cdc/install/global_messages:/opt/ros/humble LD_LIBRARY_PATH=/home/budiman/RIVAL/cdc/install/global_messages/lib:/usr/lib/x86_64-linux-gnu/gazebo-11/plugins:/opt/ros/humble/opt/rviz_ogre_vendor/lib:/opt/ros/humble/lib/x86_64-linux-gnu:/opt/ros/humble/opt/libphidget22/lib:/opt/ros/humble/lib:/usr/share/gazebo/../../lib/x86_64-linux-gnu/gazebo-11/plugins PYTHONPATH=/home/budiman/RIVAL/cdc/install/global_messages/local/lib/python3.10/dist-packages:${PYTHONPATH} /usr/bin/cmake --build /home/budiman/RIVAL/cdc/build/pkg1 -- -j8 -l8
[7.415s] Level 1:colcon.colcon_core.environment:create_environment_scripts_only(pkg1)
[7.415s] Level 1:colcon.colcon_core.environment:checking '/home/budiman/RIVAL/cdc/install/pkg1' for CMake module files
[7.415s] Level 1:colcon.colcon_core.environment:checking '/home/budiman/RIVAL/cdc/install/pkg1' for CMake config files
[7.416s] Level 1:colcon.colcon_core.shell:create_environment_hook('pkg1', 'cmake_prefix_path')
[7.416s] INFO:colcon.colcon_core.shell:Creating environment hook '/home/budiman/RIVAL/cdc/install/pkg1/share/pkg1/hook/cmake_prefix_path.ps1'
[7.416s] INFO:colcon.colcon_core.shell:Creating environment descriptor '/home/budiman/RIVAL/cdc/install/pkg1/share/pkg1/hook/cmake_prefix_path.dsv'
[7.417s] INFO:colcon.colcon_core.shell:Creating environment hook '/home/budiman/RIVAL/cdc/install/pkg1/share/pkg1/hook/cmake_prefix_path.sh'
[7.417s] Level 1:colcon.colcon_core.environment:checking '/home/budiman/RIVAL/cdc/install/pkg1/lib'
[7.417s] Level 1:colcon.colcon_core.environment:checking '/home/budiman/RIVAL/cdc/install/pkg1/bin'
[7.417s] Level 1:colcon.colcon_core.environment:checking '/home/budiman/RIVAL/cdc/install/pkg1/lib/pkgconfig/pkg1.pc'
[7.417s] Level 1:colcon.colcon_core.environment:checking '/home/budiman/RIVAL/cdc/install/pkg1/lib/python3.10/site-packages'
[7.418s] Level 1:colcon.colcon_core.environment:checking '/home/budiman/RIVAL/cdc/install/pkg1/bin'
[7.418s] INFO:colcon.colcon_core.shell:Creating package script '/home/budiman/RIVAL/cdc/install/pkg1/share/pkg1/package.ps1'
[7.418s] INFO:colcon.colcon_core.shell:Creating package descriptor '/home/budiman/RIVAL/cdc/install/pkg1/share/pkg1/package.dsv'
[7.419s] INFO:colcon.colcon_core.shell:Creating package script '/home/budiman/RIVAL/cdc/install/pkg1/share/pkg1/package.sh'
[7.419s] INFO:colcon.colcon_core.shell:Creating package script '/home/budiman/RIVAL/cdc/install/pkg1/share/pkg1/package.bash'
[7.419s] INFO:colcon.colcon_core.shell:Creating package script '/home/budiman/RIVAL/cdc/install/pkg1/share/pkg1/package.zsh'
[7.420s] Level 1:colcon.colcon_core.environment:create_file_with_runtime_dependencies(/home/budiman/RIVAL/cdc/install/pkg1/share/colcon-core/packages/pkg1)
[7.430s] DEBUG:colcon.colcon_parallel_executor.executor.parallel:closing loop
[7.430s] DEBUG:colcon.colcon_parallel_executor.executor.parallel:loop closed
[7.430s] DEBUG:colcon.colcon_parallel_executor.executor.parallel:run_until_complete finished with '2'
[7.430s] DEBUG:colcon.colcon_core.event_reactor:joining thread
[7.707s] INFO:colcon.colcon_core.plugin_system:Skipping extension 'colcon_notification.desktop_notification.terminal_notifier': Not used on non-Darwin systems
[7.707s] INFO:colcon.colcon_core.plugin_system:Skipping extension 'colcon_notification.desktop_notification.win32': Not used on non-Windows systems
[7.707s] INFO:colcon.colcon_notification.desktop_notification:Sending desktop notification using 'notify2'
[7.809s] DEBUG:colcon.colcon_core.event_reactor:joined thread
[7.810s] INFO:colcon.colcon_core.shell:Creating prefix script '/home/budiman/RIVAL/cdc/install/local_setup.ps1'
[7.813s] INFO:colcon.colcon_core.shell:Creating prefix util module '/home/budiman/RIVAL/cdc/install/_local_setup_util_ps1.py'
[7.818s] INFO:colcon.colcon_core.shell:Creating prefix chain script '/home/budiman/RIVAL/cdc/install/setup.ps1'
[7.821s] INFO:colcon.colcon_core.shell:Creating prefix script '/home/budiman/RIVAL/cdc/install/local_setup.sh'
[7.823s] INFO:colcon.colcon_core.shell:Creating prefix util module '/home/budiman/RIVAL/cdc/install/_local_setup_util_sh.py'
[7.824s] INFO:colcon.colcon_core.shell:Creating prefix chain script '/home/budiman/RIVAL/cdc/install/setup.sh'
[7.826s] INFO:colcon.colcon_core.shell:Creating prefix script '/home/budiman/RIVAL/cdc/install/local_setup.bash'
[7.827s] INFO:colcon.colcon_core.shell:Creating prefix chain script '/home/budiman/RIVAL/cdc/install/setup.bash'
[7.829s] INFO:colcon.colcon_core.shell:Creating prefix script '/home/budiman/RIVAL/cdc/install/local_setup.zsh'
[7.830s] INFO:colcon.colcon_core.shell:Creating prefix chain script '/home/budiman/RIVAL/cdc/install/setup.zsh'
