[  2%] Built target global_messages__cpp
[35m[1mConsolidate compiler generated dependencies of target global_messages__rosidl_generator_c[0m
[ 12%] Built target global_messages__rosidl_generator_c
[35m[1mConsolidate compiler generated dependencies of target global_messages__rosidl_typesupport_cpp[0m
[ 23%] Built target global_messages__rosidl_typesupport_cpp
[35m[1mConsolidate compiler generated dependencies of target global_messages__rosidl_typesupport_fastrtps_cpp[0m
[35m[1mConsolidate compiler generated dependencies of target global_messages__rosidl_typesupport_fastrtps_c[0m
[ 42%] Built target global_messages__rosidl_typesupport_fastrtps_c
[ 44%] Built target global_messages__rosidl_typesupport_fastrtps_cpp
[35m[1mConsolidate compiler generated dependencies of target global_messages__rosidl_typesupport_introspection_c[0m
[35m[1mConsolidate compiler generated dependencies of target global_messages__rosidl_typesupport_introspection_cpp[0m
[ 55%] Built target global_messages__rosidl_typesupport_introspection_c
[ 65%] Built target global_messages__rosidl_typesupport_introspection_cpp
[35m[1mConsolidate compiler generated dependencies of target global_messages__rosidl_typesupport_c[0m
[ 76%] Built target global_messages__rosidl_typesupport_c
[ 76%] Built target ament_cmake_python_copy_global_messages
[ 76%] Built target global_messages
[ 78%] Built target global_messages__py
[35m[1mConsolidate compiler generated dependencies of target global_messages__rosidl_generator_py[0m
[ 87%] Built target global_messages__rosidl_generator_py
[35m[1mConsolidate compiler generated dependencies of target global_messages__rosidl_typesupport_fastrtps_c__pyext[0m
[ 91%] Built target global_messages__rosidl_typesupport_fastrtps_c__pyext
[35m[1mConsolidate compiler generated dependencies of target global_messages__rosidl_typesupport_introspection_c__pyext[0m
[35m[1mConsolidate compiler generated dependencies of target global_messages__rosidl_typesupport_c__pyext[0m
[100%] Built target global_messages__rosidl_typesupport_c__pyext
[100%] Built target global_messages__rosidl_typesupport_introspection_c__pyext
running egg_info
writing global_messages.egg-info/PKG-INFO
writing dependency_links to global_messages.egg-info/dependency_links.txt
writing top-level names to global_messages.egg-info/top_level.txt
reading manifest file 'global_messages.egg-info/SOURCES.txt'
writing manifest file 'global_messages.egg-info/SOURCES.txt'
[100%] Built target ament_cmake_python_build_global_messages_egg
-- Install configuration: ""
-- Up-to-date: /home/budiman/RIVAL/cdc/install/global_messages/share/ament_index/resource_index/rosidl_interfaces/global_messages
-- Up-to-date: /home/budiman/RIVAL/cdc/install/global_messages/include/global_messages/global_messages
-- Up-to-date: /home/budiman/RIVAL/cdc/install/global_messages/include/global_messages/global_messages/msg
-- Up-to-date: /home/budiman/RIVAL/cdc/install/global_messages/include/global_messages/global_messages/msg/swerve_module_state.h
-- Up-to-date: /home/budiman/RIVAL/cdc/install/global_messages/include/global_messages/global_messages/msg/swerve_module_states.h
-- Up-to-date: /home/budiman/RIVAL/cdc/install/global_messages/include/global_messages/global_messages/msg/controller.h
-- Up-to-date: /home/budiman/RIVAL/cdc/install/global_messages/include/global_messages/global_messages/msg/rosidl_generator_c__visibility_control.h
-- Up-to-date: /home/budiman/RIVAL/cdc/install/global_messages/include/global_messages/global_messages/msg/detail
-- Up-to-date: /home/budiman/RIVAL/cdc/install/global_messages/include/global_messages/global_messages/msg/detail/controller__struct.h
-- Up-to-date: /home/budiman/RIVAL/cdc/install/global_messages/include/global_messages/global_messages/msg/detail/swerve_module_states__functions.c
-- Up-to-date: /home/budiman/RIVAL/cdc/install/global_messages/include/global_messages/global_messages/msg/detail/controller__type_support.h
-- Up-to-date: /home/budiman/RIVAL/cdc/install/global_messages/include/global_messages/global_messages/msg/detail/controller__functions.c
-- Up-to-date: /home/budiman/RIVAL/cdc/install/global_messages/include/global_messages/global_messages/msg/detail/swerve_module_states__functions.h
-- Up-to-date: /home/budiman/RIVAL/cdc/install/global_messages/include/global_messages/global_messages/msg/detail/swerve_module_states__type_support.h
-- Up-to-date: /home/budiman/RIVAL/cdc/install/global_messages/include/global_messages/global_messages/msg/detail/swerve_module_state__functions.c
-- Up-to-date: /home/budiman/RIVAL/cdc/install/global_messages/include/global_messages/global_messages/msg/detail/swerve_module_state__type_support.h
-- Up-to-date: /home/budiman/RIVAL/cdc/install/global_messages/include/global_messages/global_messages/msg/detail/swerve_module_state__struct.h
-- Up-to-date: /home/budiman/RIVAL/cdc/install/global_messages/include/global_messages/global_messages/msg/detail/swerve_module_states__struct.h
-- Up-to-date: /home/budiman/RIVAL/cdc/install/global_messages/include/global_messages/global_messages/msg/detail/swerve_module_state__functions.h
-- Up-to-date: /home/budiman/RIVAL/cdc/install/global_messages/include/global_messages/global_messages/msg/detail/controller__functions.h
-- Up-to-date: /home/budiman/RIVAL/cdc/install/global_messages/share/global_messages/environment/library_path.sh
-- Up-to-date: /home/budiman/RIVAL/cdc/install/global_messages/share/global_messages/environment/library_path.dsv
-- Up-to-date: /home/budiman/RIVAL/cdc/install/global_messages/lib/libglobal_messages__rosidl_generator_c.so
-- Up-to-date: /home/budiman/RIVAL/cdc/install/global_messages/include/global_messages/global_messages
-- Up-to-date: /home/budiman/RIVAL/cdc/install/global_messages/include/global_messages/global_messages/msg
-- Up-to-date: /home/budiman/RIVAL/cdc/install/global_messages/include/global_messages/global_messages/msg/rosidl_typesupport_fastrtps_c__visibility_control.h
-- Up-to-date: /home/budiman/RIVAL/cdc/install/global_messages/include/global_messages/global_messages/msg/detail
-- Up-to-date: /home/budiman/RIVAL/cdc/install/global_messages/include/global_messages/global_messages/msg/detail/controller__rosidl_typesupport_fastrtps_c.h
-- Up-to-date: /home/budiman/RIVAL/cdc/install/global_messages/include/global_messages/global_messages/msg/detail/swerve_module_states__rosidl_typesupport_fastrtps_c.h
-- Up-to-date: /home/budiman/RIVAL/cdc/install/global_messages/include/global_messages/global_messages/msg/detail/swerve_module_state__rosidl_typesupport_fastrtps_c.h
-- Up-to-date: /home/budiman/RIVAL/cdc/install/global_messages/lib/libglobal_messages__rosidl_typesupport_fastrtps_c.so
-- Up-to-date: /home/budiman/RIVAL/cdc/install/global_messages/include/global_messages/global_messages
-- Up-to-date: /home/budiman/RIVAL/cdc/install/global_messages/include/global_messages/global_messages/msg
-- Up-to-date: /home/budiman/RIVAL/cdc/install/global_messages/include/global_messages/global_messages/msg/swerve_module_states.hpp
-- Up-to-date: /home/budiman/RIVAL/cdc/install/global_messages/include/global_messages/global_messages/msg/rosidl_generator_cpp__visibility_control.hpp
-- Up-to-date: /home/budiman/RIVAL/cdc/install/global_messages/include/global_messages/global_messages/msg/swerve_module_state.hpp
-- Up-to-date: /home/budiman/RIVAL/cdc/install/global_messages/include/global_messages/global_messages/msg/controller.hpp
-- Up-to-date: /home/budiman/RIVAL/cdc/install/global_messages/include/global_messages/global_messages/msg/detail
-- Up-to-date: /home/budiman/RIVAL/cdc/install/global_messages/include/global_messages/global_messages/msg/detail/controller__type_support.hpp
-- Up-to-date: /home/budiman/RIVAL/cdc/install/global_messages/include/global_messages/global_messages/msg/detail/swerve_module_states__struct.hpp
-- Up-to-date: /home/budiman/RIVAL/cdc/install/global_messages/include/global_messages/global_messages/msg/detail/swerve_module_state__builder.hpp
-- Up-to-date: /home/budiman/RIVAL/cdc/install/global_messages/include/global_messages/global_messages/msg/detail/swerve_module_states__type_support.hpp
-- Up-to-date: /home/budiman/RIVAL/cdc/install/global_messages/include/global_messages/global_messages/msg/detail/swerve_module_states__builder.hpp
-- Up-to-date: /home/budiman/RIVAL/cdc/install/global_messages/include/global_messages/global_messages/msg/detail/swerve_module_state__traits.hpp
-- Up-to-date: /home/budiman/RIVAL/cdc/install/global_messages/include/global_messages/global_messages/msg/detail/swerve_module_state__type_support.hpp
-- Up-to-date: /home/budiman/RIVAL/cdc/install/global_messages/include/global_messages/global_messages/msg/detail/swerve_module_state__struct.hpp
-- Up-to-date: /home/budiman/RIVAL/cdc/install/global_messages/include/global_messages/global_messages/msg/detail/swerve_module_states__traits.hpp
-- Up-to-date: /home/budiman/RIVAL/cdc/install/global_messages/include/global_messages/global_messages/msg/detail/controller__traits.hpp
-- Up-to-date: /home/budiman/RIVAL/cdc/install/global_messages/include/global_messages/global_messages/msg/detail/controller__builder.hpp
-- Up-to-date: /home/budiman/RIVAL/cdc/install/global_messages/include/global_messages/global_messages/msg/detail/controller__struct.hpp
-- Up-to-date: /home/budiman/RIVAL/cdc/install/global_messages/include/global_messages/global_messages
-- Up-to-date: /home/budiman/RIVAL/cdc/install/global_messages/include/global_messages/global_messages/msg
-- Up-to-date: /home/budiman/RIVAL/cdc/install/global_messages/include/global_messages/global_messages/msg/rosidl_typesupport_fastrtps_cpp__visibility_control.h
-- Up-to-date: /home/budiman/RIVAL/cdc/install/global_messages/include/global_messages/global_messages/msg/detail
-- Up-to-date: /home/budiman/RIVAL/cdc/install/global_messages/include/global_messages/global_messages/msg/detail/swerve_module_states__rosidl_typesupport_fastrtps_cpp.hpp
-- Up-to-date: /home/budiman/RIVAL/cdc/install/global_messages/include/global_messages/global_messages/msg/detail/dds_fastrtps
-- Up-to-date: /home/budiman/RIVAL/cdc/install/global_messages/include/global_messages/global_messages/msg/detail/controller__rosidl_typesupport_fastrtps_cpp.hpp
-- Up-to-date: /home/budiman/RIVAL/cdc/install/global_messages/include/global_messages/global_messages/msg/detail/swerve_module_state__rosidl_typesupport_fastrtps_cpp.hpp
-- Up-to-date: /home/budiman/RIVAL/cdc/install/global_messages/lib/libglobal_messages__rosidl_typesupport_fastrtps_cpp.so
-- Up-to-date: /home/budiman/RIVAL/cdc/install/global_messages/include/global_messages/global_messages
-- Up-to-date: /home/budiman/RIVAL/cdc/install/global_messages/include/global_messages/global_messages/msg
-- Up-to-date: /home/budiman/RIVAL/cdc/install/global_messages/include/global_messages/global_messages/msg/rosidl_typesupport_introspection_c__visibility_control.h
-- Up-to-date: /home/budiman/RIVAL/cdc/install/global_messages/include/global_messages/global_messages/msg/detail
-- Up-to-date: /home/budiman/RIVAL/cdc/install/global_messages/include/global_messages/global_messages/msg/detail/swerve_module_states__type_support.c
-- Up-to-date: /home/budiman/RIVAL/cdc/install/global_messages/include/global_messages/global_messages/msg/detail/swerve_module_states__rosidl_typesupport_introspection_c.h
-- Up-to-date: /home/budiman/RIVAL/cdc/install/global_messages/include/global_messages/global_messages/msg/detail/controller__type_support.c
-- Up-to-date: /home/budiman/RIVAL/cdc/install/global_messages/include/global_messages/global_messages/msg/detail/swerve_module_state__rosidl_typesupport_introspection_c.h
-- Up-to-date: /home/budiman/RIVAL/cdc/install/global_messages/include/global_messages/global_messages/msg/detail/controller__rosidl_typesupport_introspection_c.h
-- Up-to-date: /home/budiman/RIVAL/cdc/install/global_messages/include/global_messages/global_messages/msg/detail/swerve_module_state__type_support.c
-- Up-to-date: /home/budiman/RIVAL/cdc/install/global_messages/lib/libglobal_messages__rosidl_typesupport_introspection_c.so
-- Up-to-date: /home/budiman/RIVAL/cdc/install/global_messages/lib/libglobal_messages__rosidl_typesupport_c.so
-- Up-to-date: /home/budiman/RIVAL/cdc/install/global_messages/include/global_messages/global_messages
-- Up-to-date: /home/budiman/RIVAL/cdc/install/global_messages/include/global_messages/global_messages/msg
-- Up-to-date: /home/budiman/RIVAL/cdc/install/global_messages/include/global_messages/global_messages/msg/detail
-- Up-to-date: /home/budiman/RIVAL/cdc/install/global_messages/include/global_messages/global_messages/msg/detail/swerve_module_states__rosidl_typesupport_introspection_cpp.hpp
-- Up-to-date: /home/budiman/RIVAL/cdc/install/global_messages/include/global_messages/global_messages/msg/detail/controller__type_support.cpp
-- Up-to-date: /home/budiman/RIVAL/cdc/install/global_messages/include/global_messages/global_messages/msg/detail/controller__rosidl_typesupport_introspection_cpp.hpp
-- Up-to-date: /home/budiman/RIVAL/cdc/install/global_messages/include/global_messages/global_messages/msg/detail/swerve_module_states__type_support.cpp
-- Up-to-date: /home/budiman/RIVAL/cdc/install/global_messages/include/global_messages/global_messages/msg/detail/swerve_module_state__type_support.cpp
-- Up-to-date: /home/budiman/RIVAL/cdc/install/global_messages/include/global_messages/global_messages/msg/detail/swerve_module_state__rosidl_typesupport_introspection_cpp.hpp
-- Up-to-date: /home/budiman/RIVAL/cdc/install/global_messages/lib/libglobal_messages__rosidl_typesupport_introspection_cpp.so
-- Up-to-date: /home/budiman/RIVAL/cdc/install/global_messages/lib/libglobal_messages__rosidl_typesupport_cpp.so
-- Up-to-date: /home/budiman/RIVAL/cdc/install/global_messages/share/global_messages/environment/pythonpath.sh
-- Up-to-date: /home/budiman/RIVAL/cdc/install/global_messages/share/global_messages/environment/pythonpath.dsv
-- Up-to-date: /home/budiman/RIVAL/cdc/install/global_messages/local/lib/python3.10/dist-packages/global_messages-0.0.0-py3.10.egg-info
-- Installing: /home/budiman/RIVAL/cdc/install/global_messages/local/lib/python3.10/dist-packages/global_messages-0.0.0-py3.10.egg-info/PKG-INFO
-- Installing: /home/budiman/RIVAL/cdc/install/global_messages/local/lib/python3.10/dist-packages/global_messages-0.0.0-py3.10.egg-info/dependency_links.txt
-- Installing: /home/budiman/RIVAL/cdc/install/global_messages/local/lib/python3.10/dist-packages/global_messages-0.0.0-py3.10.egg-info/top_level.txt
-- Installing: /home/budiman/RIVAL/cdc/install/global_messages/local/lib/python3.10/dist-packages/global_messages-0.0.0-py3.10.egg-info/SOURCES.txt
-- Up-to-date: /home/budiman/RIVAL/cdc/install/global_messages/local/lib/python3.10/dist-packages/global_messages
-- Up-to-date: /home/budiman/RIVAL/cdc/install/global_messages/local/lib/python3.10/dist-packages/global_messages/_global_messages_s.ep.rosidl_typesupport_c.c
-- Up-to-date: /home/budiman/RIVAL/cdc/install/global_messages/local/lib/python3.10/dist-packages/global_messages/msg
-- Up-to-date: /home/budiman/RIVAL/cdc/install/global_messages/local/lib/python3.10/dist-packages/global_messages/msg/_controller_s.c
-- Up-to-date: /home/budiman/RIVAL/cdc/install/global_messages/local/lib/python3.10/dist-packages/global_messages/msg/_controller.py
-- Up-to-date: /home/budiman/RIVAL/cdc/install/global_messages/local/lib/python3.10/dist-packages/global_messages/msg/__init__.py
-- Up-to-date: /home/budiman/RIVAL/cdc/install/global_messages/local/lib/python3.10/dist-packages/global_messages/msg/_swerve_module_states.py
-- Up-to-date: /home/budiman/RIVAL/cdc/install/global_messages/local/lib/python3.10/dist-packages/global_messages/msg/_swerve_module_states_s.c
-- Up-to-date: /home/budiman/RIVAL/cdc/install/global_messages/local/lib/python3.10/dist-packages/global_messages/msg/_swerve_module_state.py
-- Up-to-date: /home/budiman/RIVAL/cdc/install/global_messages/local/lib/python3.10/dist-packages/global_messages/msg/_swerve_module_state_s.c
-- Up-to-date: /home/budiman/RIVAL/cdc/install/global_messages/local/lib/python3.10/dist-packages/global_messages/global_messages_s__rosidl_typesupport_fastrtps_c.cpython-310-x86_64-linux-gnu.so
-- Up-to-date: /home/budiman/RIVAL/cdc/install/global_messages/local/lib/python3.10/dist-packages/global_messages/_global_messages_s.ep.rosidl_typesupport_fastrtps_c.c
-- Up-to-date: /home/budiman/RIVAL/cdc/install/global_messages/local/lib/python3.10/dist-packages/global_messages/global_messages_s__rosidl_typesupport_introspection_c.cpython-310-x86_64-linux-gnu.so
-- Up-to-date: /home/budiman/RIVAL/cdc/install/global_messages/local/lib/python3.10/dist-packages/global_messages/__init__.py
-- Up-to-date: /home/budiman/RIVAL/cdc/install/global_messages/local/lib/python3.10/dist-packages/global_messages/libglobal_messages__rosidl_generator_py.so
-- Up-to-date: /home/budiman/RIVAL/cdc/install/global_messages/local/lib/python3.10/dist-packages/global_messages/_global_messages_s.ep.rosidl_typesupport_introspection_c.c
-- Up-to-date: /home/budiman/RIVAL/cdc/install/global_messages/local/lib/python3.10/dist-packages/global_messages/global_messages_s__rosidl_typesupport_c.cpython-310-x86_64-linux-gnu.so
Listing '/home/budiman/RIVAL/cdc/install/global_messages/local/lib/python3.10/dist-packages/global_messages'...
Listing '/home/budiman/RIVAL/cdc/install/global_messages/local/lib/python3.10/dist-packages/global_messages/msg'...
-- Up-to-date: /home/budiman/RIVAL/cdc/install/global_messages/local/lib/python3.10/dist-packages/global_messages/global_messages_s__rosidl_typesupport_fastrtps_c.cpython-310-x86_64-linux-gnu.so
-- Up-to-date: /home/budiman/RIVAL/cdc/install/global_messages/local/lib/python3.10/dist-packages/global_messages/global_messages_s__rosidl_typesupport_introspection_c.cpython-310-x86_64-linux-gnu.so
-- Up-to-date: /home/budiman/RIVAL/cdc/install/global_messages/local/lib/python3.10/dist-packages/global_messages/global_messages_s__rosidl_typesupport_c.cpython-310-x86_64-linux-gnu.so
-- Up-to-date: /home/budiman/RIVAL/cdc/install/global_messages/lib/libglobal_messages__rosidl_generator_py.so
-- Up-to-date: /home/budiman/RIVAL/cdc/install/global_messages/share/global_messages/msg/Controller.idl
-- Up-to-date: /home/budiman/RIVAL/cdc/install/global_messages/share/global_messages/msg/SwerveModuleState.idl
-- Up-to-date: /home/budiman/RIVAL/cdc/install/global_messages/share/global_messages/msg/SwerveModuleStates.idl
-- Up-to-date: /home/budiman/RIVAL/cdc/install/global_messages/share/global_messages/msg/Controller.msg
-- Up-to-date: /home/budiman/RIVAL/cdc/install/global_messages/share/global_messages/msg/SwerveModuleState.msg
-- Up-to-date: /home/budiman/RIVAL/cdc/install/global_messages/share/global_messages/msg/SwerveModuleStates.msg
-- Up-to-date: /home/budiman/RIVAL/cdc/install/global_messages/share/ament_index/resource_index/package_run_dependencies/global_messages
-- Up-to-date: /home/budiman/RIVAL/cdc/install/global_messages/share/ament_index/resource_index/parent_prefix_path/global_messages
-- Up-to-date: /home/budiman/RIVAL/cdc/install/global_messages/share/global_messages/environment/ament_prefix_path.sh
-- Up-to-date: /home/budiman/RIVAL/cdc/install/global_messages/share/global_messages/environment/ament_prefix_path.dsv
-- Up-to-date: /home/budiman/RIVAL/cdc/install/global_messages/share/global_messages/environment/path.sh
-- Up-to-date: /home/budiman/RIVAL/cdc/install/global_messages/share/global_messages/environment/path.dsv
-- Up-to-date: /home/budiman/RIVAL/cdc/install/global_messages/share/global_messages/local_setup.bash
-- Up-to-date: /home/budiman/RIVAL/cdc/install/global_messages/share/global_messages/local_setup.sh
-- Up-to-date: /home/budiman/RIVAL/cdc/install/global_messages/share/global_messages/local_setup.zsh
-- Up-to-date: /home/budiman/RIVAL/cdc/install/global_messages/share/global_messages/local_setup.dsv
-- Installing: /home/budiman/RIVAL/cdc/install/global_messages/share/global_messages/package.dsv
-- Up-to-date: /home/budiman/RIVAL/cdc/install/global_messages/share/ament_index/resource_index/packages/global_messages
-- Up-to-date: /home/budiman/RIVAL/cdc/install/global_messages/share/global_messages/cmake/export_global_messages__rosidl_generator_cExport.cmake
-- Up-to-date: /home/budiman/RIVAL/cdc/install/global_messages/share/global_messages/cmake/export_global_messages__rosidl_generator_cExport-noconfig.cmake
-- Up-to-date: /home/budiman/RIVAL/cdc/install/global_messages/share/global_messages/cmake/export_global_messages__rosidl_typesupport_fastrtps_cExport.cmake
-- Up-to-date: /home/budiman/RIVAL/cdc/install/global_messages/share/global_messages/cmake/export_global_messages__rosidl_typesupport_fastrtps_cExport-noconfig.cmake
-- Up-to-date: /home/budiman/RIVAL/cdc/install/global_messages/share/global_messages/cmake/export_global_messages__rosidl_generator_cppExport.cmake
-- Up-to-date: /home/budiman/RIVAL/cdc/install/global_messages/share/global_messages/cmake/export_global_messages__rosidl_typesupport_fastrtps_cppExport.cmake
-- Up-to-date: /home/budiman/RIVAL/cdc/install/global_messages/share/global_messages/cmake/export_global_messages__rosidl_typesupport_fastrtps_cppExport-noconfig.cmake
-- Up-to-date: /home/budiman/RIVAL/cdc/install/global_messages/share/global_messages/cmake/global_messages__rosidl_typesupport_introspection_cExport.cmake
-- Up-to-date: /home/budiman/RIVAL/cdc/install/global_messages/share/global_messages/cmake/global_messages__rosidl_typesupport_introspection_cExport-noconfig.cmake
-- Up-to-date: /home/budiman/RIVAL/cdc/install/global_messages/share/global_messages/cmake/global_messages__rosidl_typesupport_cExport.cmake
-- Up-to-date: /home/budiman/RIVAL/cdc/install/global_messages/share/global_messages/cmake/global_messages__rosidl_typesupport_cExport-noconfig.cmake
-- Up-to-date: /home/budiman/RIVAL/cdc/install/global_messages/share/global_messages/cmake/global_messages__rosidl_typesupport_introspection_cppExport.cmake
-- Up-to-date: /home/budiman/RIVAL/cdc/install/global_messages/share/global_messages/cmake/global_messages__rosidl_typesupport_introspection_cppExport-noconfig.cmake
-- Up-to-date: /home/budiman/RIVAL/cdc/install/global_messages/share/global_messages/cmake/global_messages__rosidl_typesupport_cppExport.cmake
-- Up-to-date: /home/budiman/RIVAL/cdc/install/global_messages/share/global_messages/cmake/global_messages__rosidl_typesupport_cppExport-noconfig.cmake
-- Up-to-date: /home/budiman/RIVAL/cdc/install/global_messages/share/global_messages/cmake/export_global_messages__rosidl_generator_pyExport.cmake
-- Up-to-date: /home/budiman/RIVAL/cdc/install/global_messages/share/global_messages/cmake/export_global_messages__rosidl_generator_pyExport-noconfig.cmake
-- Up-to-date: /home/budiman/RIVAL/cdc/install/global_messages/share/global_messages/cmake/rosidl_cmake-extras.cmake
-- Up-to-date: /home/budiman/RIVAL/cdc/install/global_messages/share/global_messages/cmake/ament_cmake_export_dependencies-extras.cmake
-- Up-to-date: /home/budiman/RIVAL/cdc/install/global_messages/share/global_messages/cmake/ament_cmake_export_include_directories-extras.cmake
-- Up-to-date: /home/budiman/RIVAL/cdc/install/global_messages/share/global_messages/cmake/ament_cmake_export_libraries-extras.cmake
-- Up-to-date: /home/budiman/RIVAL/cdc/install/global_messages/share/global_messages/cmake/ament_cmake_export_targets-extras.cmake
-- Up-to-date: /home/budiman/RIVAL/cdc/install/global_messages/share/global_messages/cmake/rosidl_cmake_export_typesupport_targets-extras.cmake
-- Up-to-date: /home/budiman/RIVAL/cdc/install/global_messages/share/global_messages/cmake/rosidl_cmake_export_typesupport_libraries-extras.cmake
-- Up-to-date: /home/budiman/RIVAL/cdc/install/global_messages/share/global_messages/cmake/global_messagesConfig.cmake
-- Up-to-date: /home/budiman/RIVAL/cdc/install/global_messages/share/global_messages/cmake/global_messagesConfig-version.cmake
-- Up-to-date: /home/budiman/RIVAL/cdc/install/global_messages/share/global_messages/package.xml
