[0.380s] Invoking command in '/home/budiman/RIVAL/cdc/build/global_messages': CMAKE_PREFIX_PATH=/opt/ros/humble /usr/bin/cmake --build /home/budiman/RIVAL/cdc/build/global_messages -- -j8 -l8
[1.517s] [  2%] Built target global_messages__cpp
[1.528s] [35m[1mConsolidate compiler generated dependencies of target global_messages__rosidl_generator_c[0m
[1.552s] [ 12%] Built target global_messages__rosidl_generator_c
[1.560s] [35m[1mConsolidate compiler generated dependencies of target global_messages__rosidl_typesupport_cpp[0m
[1.574s] [ 23%] Built target global_messages__rosidl_typesupport_cpp
[1.581s] [35m[1mConsolidate compiler generated dependencies of target global_messages__rosidl_typesupport_fastrtps_cpp[0m
[1.587s] [35m[1mConsolidate compiler generated dependencies of target global_messages__rosidl_typesupport_fastrtps_c[0m
[1.608s] [ 42%] Built target global_messages__rosidl_typesupport_fastrtps_c
[1.608s] [ 44%] Built target global_messages__rosidl_typesupport_fastrtps_cpp
[1.656s] [35m[1mConsolidate compiler generated dependencies of target global_messages__rosidl_typesupport_introspection_c[0m
[1.665s] [35m[1mConsolidate compiler generated dependencies of target global_messages__rosidl_typesupport_introspection_cpp[0m
[1.674s] [ 55%] Built target global_messages__rosidl_typesupport_introspection_c
[1.676s] [ 65%] Built target global_messages__rosidl_typesupport_introspection_cpp
[1.677s] [35m[1mConsolidate compiler generated dependencies of target global_messages__rosidl_typesupport_c[0m
[1.685s] [ 76%] Built target global_messages__rosidl_typesupport_c
[1.695s] [ 76%] Built target ament_cmake_python_copy_global_messages
[1.703s] [ 76%] Built target global_messages
[1.724s] [ 78%] Built target global_messages__py
[1.740s] [35m[1mConsolidate compiler generated dependencies of target global_messages__rosidl_generator_py[0m
[1.755s] [ 87%] Built target global_messages__rosidl_generator_py
[1.812s] [35m[1mConsolidate compiler generated dependencies of target global_messages__rosidl_typesupport_fastrtps_c__pyext[0m
[1.822s] [ 91%] Built target global_messages__rosidl_typesupport_fastrtps_c__pyext
[1.827s] [35m[1mConsolidate compiler generated dependencies of target global_messages__rosidl_typesupport_introspection_c__pyext[0m
[1.828s] [35m[1mConsolidate compiler generated dependencies of target global_messages__rosidl_typesupport_c__pyext[0m
[1.838s] [100%] Built target global_messages__rosidl_typesupport_c__pyext
[1.838s] [100%] Built target global_messages__rosidl_typesupport_introspection_c__pyext
[2.126s] running egg_info
[2.126s] writing global_messages.egg-info/PKG-INFO
[2.127s] writing dependency_links to global_messages.egg-info/dependency_links.txt
[2.127s] writing top-level names to global_messages.egg-info/top_level.txt
[2.166s] reading manifest file 'global_messages.egg-info/SOURCES.txt'
[2.175s] writing manifest file 'global_messages.egg-info/SOURCES.txt'
[2.198s] [100%] Built target ament_cmake_python_build_global_messages_egg
[2.208s] Invoked command in '/home/budiman/RIVAL/cdc/build/global_messages' returned '0': CMAKE_PREFIX_PATH=/opt/ros/humble /usr/bin/cmake --build /home/budiman/RIVAL/cdc/build/global_messages -- -j8 -l8
[2.310s] Invoking command in '/home/budiman/RIVAL/cdc/build/global_messages': CMAKE_PREFIX_PATH=/opt/ros/humble /usr/bin/cmake --install /home/budiman/RIVAL/cdc/build/global_messages
[2.332s] -- Install configuration: ""
[2.341s] -- Up-to-date: /home/budiman/RIVAL/cdc/install/global_messages/share/ament_index/resource_index/rosidl_interfaces/global_messages
[2.341s] -- Up-to-date: /home/budiman/RIVAL/cdc/install/global_messages/include/global_messages/global_messages
[2.341s] -- Up-to-date: /home/budiman/RIVAL/cdc/install/global_messages/include/global_messages/global_messages/msg
[2.341s] -- Up-to-date: /home/budiman/RIVAL/cdc/install/global_messages/include/global_messages/global_messages/msg/swerve_module_state.h
[2.341s] -- Up-to-date: /home/budiman/RIVAL/cdc/install/global_messages/include/global_messages/global_messages/msg/swerve_module_states.h
[2.341s] -- Up-to-date: /home/budiman/RIVAL/cdc/install/global_messages/include/global_messages/global_messages/msg/controller.h
[2.341s] -- Up-to-date: /home/budiman/RIVAL/cdc/install/global_messages/include/global_messages/global_messages/msg/rosidl_generator_c__visibility_control.h
[2.341s] -- Up-to-date: /home/budiman/RIVAL/cdc/install/global_messages/include/global_messages/global_messages/msg/detail
[2.341s] -- Up-to-date: /home/budiman/RIVAL/cdc/install/global_messages/include/global_messages/global_messages/msg/detail/controller__struct.h
[2.342s] -- Up-to-date: /home/budiman/RIVAL/cdc/install/global_messages/include/global_messages/global_messages/msg/detail/swerve_module_states__functions.c
[2.342s] -- Up-to-date: /home/budiman/RIVAL/cdc/install/global_messages/include/global_messages/global_messages/msg/detail/controller__type_support.h
[2.342s] -- Up-to-date: /home/budiman/RIVAL/cdc/install/global_messages/include/global_messages/global_messages/msg/detail/controller__functions.c
[2.342s] -- Up-to-date: /home/budiman/RIVAL/cdc/install/global_messages/include/global_messages/global_messages/msg/detail/swerve_module_states__functions.h
[2.342s] -- Up-to-date: /home/budiman/RIVAL/cdc/install/global_messages/include/global_messages/global_messages/msg/detail/swerve_module_states__type_support.h
[2.342s] -- Up-to-date: /home/budiman/RIVAL/cdc/install/global_messages/include/global_messages/global_messages/msg/detail/swerve_module_state__functions.c
[2.342s] -- Up-to-date: /home/budiman/RIVAL/cdc/install/global_messages/include/global_messages/global_messages/msg/detail/swerve_module_state__type_support.h
[2.342s] -- Up-to-date: /home/budiman/RIVAL/cdc/install/global_messages/include/global_messages/global_messages/msg/detail/swerve_module_state__struct.h
[2.342s] -- Up-to-date: /home/budiman/RIVAL/cdc/install/global_messages/include/global_messages/global_messages/msg/detail/swerve_module_states__struct.h
[2.342s] -- Up-to-date: /home/budiman/RIVAL/cdc/install/global_messages/include/global_messages/global_messages/msg/detail/swerve_module_state__functions.h
[2.342s] -- Up-to-date: /home/budiman/RIVAL/cdc/install/global_messages/include/global_messages/global_messages/msg/detail/controller__functions.h
[2.342s] -- Up-to-date: /home/budiman/RIVAL/cdc/install/global_messages/share/global_messages/environment/library_path.sh
[2.342s] -- Up-to-date: /home/budiman/RIVAL/cdc/install/global_messages/share/global_messages/environment/library_path.dsv
[2.342s] -- Up-to-date: /home/budiman/RIVAL/cdc/install/global_messages/lib/libglobal_messages__rosidl_generator_c.so
[2.343s] -- Up-to-date: /home/budiman/RIVAL/cdc/install/global_messages/include/global_messages/global_messages
[2.343s] -- Up-to-date: /home/budiman/RIVAL/cdc/install/global_messages/include/global_messages/global_messages/msg
[2.343s] -- Up-to-date: /home/budiman/RIVAL/cdc/install/global_messages/include/global_messages/global_messages/msg/rosidl_typesupport_fastrtps_c__visibility_control.h
[2.343s] -- Up-to-date: /home/budiman/RIVAL/cdc/install/global_messages/include/global_messages/global_messages/msg/detail
[2.343s] -- Up-to-date: /home/budiman/RIVAL/cdc/install/global_messages/include/global_messages/global_messages/msg/detail/controller__rosidl_typesupport_fastrtps_c.h
[2.343s] -- Up-to-date: /home/budiman/RIVAL/cdc/install/global_messages/include/global_messages/global_messages/msg/detail/swerve_module_states__rosidl_typesupport_fastrtps_c.h
[2.343s] -- Up-to-date: /home/budiman/RIVAL/cdc/install/global_messages/include/global_messages/global_messages/msg/detail/swerve_module_state__rosidl_typesupport_fastrtps_c.h
[2.343s] -- Up-to-date: /home/budiman/RIVAL/cdc/install/global_messages/lib/libglobal_messages__rosidl_typesupport_fastrtps_c.so
[2.343s] -- Up-to-date: /home/budiman/RIVAL/cdc/install/global_messages/include/global_messages/global_messages
[2.343s] -- Up-to-date: /home/budiman/RIVAL/cdc/install/global_messages/include/global_messages/global_messages/msg
[2.343s] -- Up-to-date: /home/budiman/RIVAL/cdc/install/global_messages/include/global_messages/global_messages/msg/swerve_module_states.hpp
[2.343s] -- Up-to-date: /home/budiman/RIVAL/cdc/install/global_messages/include/global_messages/global_messages/msg/rosidl_generator_cpp__visibility_control.hpp
[2.344s] -- Up-to-date: /home/budiman/RIVAL/cdc/install/global_messages/include/global_messages/global_messages/msg/swerve_module_state.hpp
[2.344s] -- Up-to-date: /home/budiman/RIVAL/cdc/install/global_messages/include/global_messages/global_messages/msg/controller.hpp
[2.344s] -- Up-to-date: /home/budiman/RIVAL/cdc/install/global_messages/include/global_messages/global_messages/msg/detail
[2.344s] -- Up-to-date: /home/budiman/RIVAL/cdc/install/global_messages/include/global_messages/global_messages/msg/detail/controller__type_support.hpp
[2.344s] -- Up-to-date: /home/budiman/RIVAL/cdc/install/global_messages/include/global_messages/global_messages/msg/detail/swerve_module_states__struct.hpp
[2.344s] -- Up-to-date: /home/budiman/RIVAL/cdc/install/global_messages/include/global_messages/global_messages/msg/detail/swerve_module_state__builder.hpp
[2.344s] -- Up-to-date: /home/budiman/RIVAL/cdc/install/global_messages/include/global_messages/global_messages/msg/detail/swerve_module_states__type_support.hpp
[2.344s] -- Up-to-date: /home/budiman/RIVAL/cdc/install/global_messages/include/global_messages/global_messages/msg/detail/swerve_module_states__builder.hpp
[2.344s] -- Up-to-date: /home/budiman/RIVAL/cdc/install/global_messages/include/global_messages/global_messages/msg/detail/swerve_module_state__traits.hpp
[2.344s] -- Up-to-date: /home/budiman/RIVAL/cdc/install/global_messages/include/global_messages/global_messages/msg/detail/swerve_module_state__type_support.hpp
[2.344s] -- Up-to-date: /home/budiman/RIVAL/cdc/install/global_messages/include/global_messages/global_messages/msg/detail/swerve_module_state__struct.hpp
[2.344s] -- Up-to-date: /home/budiman/RIVAL/cdc/install/global_messages/include/global_messages/global_messages/msg/detail/swerve_module_states__traits.hpp
[2.344s] -- Up-to-date: /home/budiman/RIVAL/cdc/install/global_messages/include/global_messages/global_messages/msg/detail/controller__traits.hpp
[2.344s] -- Up-to-date: /home/budiman/RIVAL/cdc/install/global_messages/include/global_messages/global_messages/msg/detail/controller__builder.hpp
[2.344s] -- Up-to-date: /home/budiman/RIVAL/cdc/install/global_messages/include/global_messages/global_messages/msg/detail/controller__struct.hpp
[2.344s] -- Up-to-date: /home/budiman/RIVAL/cdc/install/global_messages/include/global_messages/global_messages
[2.344s] -- Up-to-date: /home/budiman/RIVAL/cdc/install/global_messages/include/global_messages/global_messages/msg
[2.344s] -- Up-to-date: /home/budiman/RIVAL/cdc/install/global_messages/include/global_messages/global_messages/msg/rosidl_typesupport_fastrtps_cpp__visibility_control.h
[2.344s] -- Up-to-date: /home/budiman/RIVAL/cdc/install/global_messages/include/global_messages/global_messages/msg/detail
[2.344s] -- Up-to-date: /home/budiman/RIVAL/cdc/install/global_messages/include/global_messages/global_messages/msg/detail/swerve_module_states__rosidl_typesupport_fastrtps_cpp.hpp
[2.345s] -- Up-to-date: /home/budiman/RIVAL/cdc/install/global_messages/include/global_messages/global_messages/msg/detail/dds_fastrtps
[2.345s] -- Up-to-date: /home/budiman/RIVAL/cdc/install/global_messages/include/global_messages/global_messages/msg/detail/controller__rosidl_typesupport_fastrtps_cpp.hpp
[2.345s] -- Up-to-date: /home/budiman/RIVAL/cdc/install/global_messages/include/global_messages/global_messages/msg/detail/swerve_module_state__rosidl_typesupport_fastrtps_cpp.hpp
[2.345s] -- Up-to-date: /home/budiman/RIVAL/cdc/install/global_messages/lib/libglobal_messages__rosidl_typesupport_fastrtps_cpp.so
[2.345s] -- Up-to-date: /home/budiman/RIVAL/cdc/install/global_messages/include/global_messages/global_messages
[2.345s] -- Up-to-date: /home/budiman/RIVAL/cdc/install/global_messages/include/global_messages/global_messages/msg
[2.345s] -- Up-to-date: /home/budiman/RIVAL/cdc/install/global_messages/include/global_messages/global_messages/msg/rosidl_typesupport_introspection_c__visibility_control.h
[2.345s] -- Up-to-date: /home/budiman/RIVAL/cdc/install/global_messages/include/global_messages/global_messages/msg/detail
[2.345s] -- Up-to-date: /home/budiman/RIVAL/cdc/install/global_messages/include/global_messages/global_messages/msg/detail/swerve_module_states__type_support.c
[2.345s] -- Up-to-date: /home/budiman/RIVAL/cdc/install/global_messages/include/global_messages/global_messages/msg/detail/swerve_module_states__rosidl_typesupport_introspection_c.h
[2.345s] -- Up-to-date: /home/budiman/RIVAL/cdc/install/global_messages/include/global_messages/global_messages/msg/detail/controller__type_support.c
[2.345s] -- Up-to-date: /home/budiman/RIVAL/cdc/install/global_messages/include/global_messages/global_messages/msg/detail/swerve_module_state__rosidl_typesupport_introspection_c.h
[2.345s] -- Up-to-date: /home/budiman/RIVAL/cdc/install/global_messages/include/global_messages/global_messages/msg/detail/controller__rosidl_typesupport_introspection_c.h
[2.345s] -- Up-to-date: /home/budiman/RIVAL/cdc/install/global_messages/include/global_messages/global_messages/msg/detail/swerve_module_state__type_support.c
[2.345s] -- Up-to-date: /home/budiman/RIVAL/cdc/install/global_messages/lib/libglobal_messages__rosidl_typesupport_introspection_c.so
[2.346s] -- Up-to-date: /home/budiman/RIVAL/cdc/install/global_messages/lib/libglobal_messages__rosidl_typesupport_c.so
[2.346s] -- Up-to-date: /home/budiman/RIVAL/cdc/install/global_messages/include/global_messages/global_messages
[2.346s] -- Up-to-date: /home/budiman/RIVAL/cdc/install/global_messages/include/global_messages/global_messages/msg
[2.346s] -- Up-to-date: /home/budiman/RIVAL/cdc/install/global_messages/include/global_messages/global_messages/msg/detail
[2.346s] -- Up-to-date: /home/budiman/RIVAL/cdc/install/global_messages/include/global_messages/global_messages/msg/detail/swerve_module_states__rosidl_typesupport_introspection_cpp.hpp
[2.346s] -- Up-to-date: /home/budiman/RIVAL/cdc/install/global_messages/include/global_messages/global_messages/msg/detail/controller__type_support.cpp
[2.346s] -- Up-to-date: /home/budiman/RIVAL/cdc/install/global_messages/include/global_messages/global_messages/msg/detail/controller__rosidl_typesupport_introspection_cpp.hpp
[2.346s] -- Up-to-date: /home/budiman/RIVAL/cdc/install/global_messages/include/global_messages/global_messages/msg/detail/swerve_module_states__type_support.cpp
[2.346s] -- Up-to-date: /home/budiman/RIVAL/cdc/install/global_messages/include/global_messages/global_messages/msg/detail/swerve_module_state__type_support.cpp
[2.346s] -- Up-to-date: /home/budiman/RIVAL/cdc/install/global_messages/include/global_messages/global_messages/msg/detail/swerve_module_state__rosidl_typesupport_introspection_cpp.hpp
[2.361s] -- Up-to-date: /home/budiman/RIVAL/cdc/install/global_messages/lib/libglobal_messages__rosidl_typesupport_introspection_cpp.so
[2.362s] -- Up-to-date: /home/budiman/RIVAL/cdc/install/global_messages/lib/libglobal_messages__rosidl_typesupport_cpp.so
[2.362s] -- Up-to-date: /home/budiman/RIVAL/cdc/install/global_messages/share/global_messages/environment/pythonpath.sh
[2.362s] -- Up-to-date: /home/budiman/RIVAL/cdc/install/global_messages/share/global_messages/environment/pythonpath.dsv
[2.362s] -- Up-to-date: /home/budiman/RIVAL/cdc/install/global_messages/local/lib/python3.10/dist-packages/global_messages-0.0.0-py3.10.egg-info
[2.362s] -- Installing: /home/budiman/RIVAL/cdc/install/global_messages/local/lib/python3.10/dist-packages/global_messages-0.0.0-py3.10.egg-info/PKG-INFO
[2.362s] -- Installing: /home/budiman/RIVAL/cdc/install/global_messages/local/lib/python3.10/dist-packages/global_messages-0.0.0-py3.10.egg-info/dependency_links.txt
[2.362s] -- Installing: /home/budiman/RIVAL/cdc/install/global_messages/local/lib/python3.10/dist-packages/global_messages-0.0.0-py3.10.egg-info/top_level.txt
[2.363s] -- Installing: /home/budiman/RIVAL/cdc/install/global_messages/local/lib/python3.10/dist-packages/global_messages-0.0.0-py3.10.egg-info/SOURCES.txt
[2.363s] -- Up-to-date: /home/budiman/RIVAL/cdc/install/global_messages/local/lib/python3.10/dist-packages/global_messages
[2.363s] -- Up-to-date: /home/budiman/RIVAL/cdc/install/global_messages/local/lib/python3.10/dist-packages/global_messages/_global_messages_s.ep.rosidl_typesupport_c.c
[2.363s] -- Up-to-date: /home/budiman/RIVAL/cdc/install/global_messages/local/lib/python3.10/dist-packages/global_messages/msg
[2.363s] -- Up-to-date: /home/budiman/RIVAL/cdc/install/global_messages/local/lib/python3.10/dist-packages/global_messages/msg/_controller_s.c
[2.363s] -- Up-to-date: /home/budiman/RIVAL/cdc/install/global_messages/local/lib/python3.10/dist-packages/global_messages/msg/_controller.py
[2.363s] -- Up-to-date: /home/budiman/RIVAL/cdc/install/global_messages/local/lib/python3.10/dist-packages/global_messages/msg/__init__.py
[2.363s] -- Up-to-date: /home/budiman/RIVAL/cdc/install/global_messages/local/lib/python3.10/dist-packages/global_messages/msg/_swerve_module_states.py
[2.363s] -- Up-to-date: /home/budiman/RIVAL/cdc/install/global_messages/local/lib/python3.10/dist-packages/global_messages/msg/_swerve_module_states_s.c
[2.363s] -- Up-to-date: /home/budiman/RIVAL/cdc/install/global_messages/local/lib/python3.10/dist-packages/global_messages/msg/_swerve_module_state.py
[2.364s] -- Up-to-date: /home/budiman/RIVAL/cdc/install/global_messages/local/lib/python3.10/dist-packages/global_messages/msg/_swerve_module_state_s.c
[2.364s] -- Up-to-date: /home/budiman/RIVAL/cdc/install/global_messages/local/lib/python3.10/dist-packages/global_messages/global_messages_s__rosidl_typesupport_fastrtps_c.cpython-310-x86_64-linux-gnu.so
[2.364s] -- Up-to-date: /home/budiman/RIVAL/cdc/install/global_messages/local/lib/python3.10/dist-packages/global_messages/_global_messages_s.ep.rosidl_typesupport_fastrtps_c.c
[2.364s] -- Up-to-date: /home/budiman/RIVAL/cdc/install/global_messages/local/lib/python3.10/dist-packages/global_messages/global_messages_s__rosidl_typesupport_introspection_c.cpython-310-x86_64-linux-gnu.so
[2.364s] -- Up-to-date: /home/budiman/RIVAL/cdc/install/global_messages/local/lib/python3.10/dist-packages/global_messages/__init__.py
[2.364s] -- Up-to-date: /home/budiman/RIVAL/cdc/install/global_messages/local/lib/python3.10/dist-packages/global_messages/libglobal_messages__rosidl_generator_py.so
[2.364s] -- Up-to-date: /home/budiman/RIVAL/cdc/install/global_messages/local/lib/python3.10/dist-packages/global_messages/_global_messages_s.ep.rosidl_typesupport_introspection_c.c
[2.364s] -- Up-to-date: /home/budiman/RIVAL/cdc/install/global_messages/local/lib/python3.10/dist-packages/global_messages/global_messages_s__rosidl_typesupport_c.cpython-310-x86_64-linux-gnu.so
[2.529s] Listing '/home/budiman/RIVAL/cdc/install/global_messages/local/lib/python3.10/dist-packages/global_messages'...
[2.529s] Listing '/home/budiman/RIVAL/cdc/install/global_messages/local/lib/python3.10/dist-packages/global_messages/msg'...
[2.535s] -- Up-to-date: /home/budiman/RIVAL/cdc/install/global_messages/local/lib/python3.10/dist-packages/global_messages/global_messages_s__rosidl_typesupport_fastrtps_c.cpython-310-x86_64-linux-gnu.so
[2.535s] -- Up-to-date: /home/budiman/RIVAL/cdc/install/global_messages/local/lib/python3.10/dist-packages/global_messages/global_messages_s__rosidl_typesupport_introspection_c.cpython-310-x86_64-linux-gnu.so
[2.536s] -- Up-to-date: /home/budiman/RIVAL/cdc/install/global_messages/local/lib/python3.10/dist-packages/global_messages/global_messages_s__rosidl_typesupport_c.cpython-310-x86_64-linux-gnu.so
[2.569s] -- Up-to-date: /home/budiman/RIVAL/cdc/install/global_messages/lib/libglobal_messages__rosidl_generator_py.so
[2.570s] -- Up-to-date: /home/budiman/RIVAL/cdc/install/global_messages/share/global_messages/msg/Controller.idl
[2.570s] -- Up-to-date: /home/budiman/RIVAL/cdc/install/global_messages/share/global_messages/msg/SwerveModuleState.idl
[2.570s] -- Up-to-date: /home/budiman/RIVAL/cdc/install/global_messages/share/global_messages/msg/SwerveModuleStates.idl
[2.571s] -- Up-to-date: /home/budiman/RIVAL/cdc/install/global_messages/share/global_messages/msg/Controller.msg
[2.572s] -- Up-to-date: /home/budiman/RIVAL/cdc/install/global_messages/share/global_messages/msg/SwerveModuleState.msg
[2.572s] -- Up-to-date: /home/budiman/RIVAL/cdc/install/global_messages/share/global_messages/msg/SwerveModuleStates.msg
[2.573s] -- Up-to-date: /home/budiman/RIVAL/cdc/install/global_messages/share/ament_index/resource_index/package_run_dependencies/global_messages
[2.573s] -- Up-to-date: /home/budiman/RIVAL/cdc/install/global_messages/share/ament_index/resource_index/parent_prefix_path/global_messages
[2.573s] -- Up-to-date: /home/budiman/RIVAL/cdc/install/global_messages/share/global_messages/environment/ament_prefix_path.sh
[2.574s] -- Up-to-date: /home/budiman/RIVAL/cdc/install/global_messages/share/global_messages/environment/ament_prefix_path.dsv
[2.574s] -- Up-to-date: /home/budiman/RIVAL/cdc/install/global_messages/share/global_messages/environment/path.sh
[2.574s] -- Up-to-date: /home/budiman/RIVAL/cdc/install/global_messages/share/global_messages/environment/path.dsv
[2.575s] -- Up-to-date: /home/budiman/RIVAL/cdc/install/global_messages/share/global_messages/local_setup.bash
[2.575s] -- Up-to-date: /home/budiman/RIVAL/cdc/install/global_messages/share/global_messages/local_setup.sh
[2.575s] -- Up-to-date: /home/budiman/RIVAL/cdc/install/global_messages/share/global_messages/local_setup.zsh
[2.576s] -- Up-to-date: /home/budiman/RIVAL/cdc/install/global_messages/share/global_messages/local_setup.dsv
[2.576s] -- Installing: /home/budiman/RIVAL/cdc/install/global_messages/share/global_messages/package.dsv
[2.577s] -- Up-to-date: /home/budiman/RIVAL/cdc/install/global_messages/share/ament_index/resource_index/packages/global_messages
[2.577s] -- Up-to-date: /home/budiman/RIVAL/cdc/install/global_messages/share/global_messages/cmake/export_global_messages__rosidl_generator_cExport.cmake
[2.577s] -- Up-to-date: /home/budiman/RIVAL/cdc/install/global_messages/share/global_messages/cmake/export_global_messages__rosidl_generator_cExport-noconfig.cmake
[2.578s] -- Up-to-date: /home/budiman/RIVAL/cdc/install/global_messages/share/global_messages/cmake/export_global_messages__rosidl_typesupport_fastrtps_cExport.cmake
[2.578s] -- Up-to-date: /home/budiman/RIVAL/cdc/install/global_messages/share/global_messages/cmake/export_global_messages__rosidl_typesupport_fastrtps_cExport-noconfig.cmake
[2.579s] -- Up-to-date: /home/budiman/RIVAL/cdc/install/global_messages/share/global_messages/cmake/export_global_messages__rosidl_generator_cppExport.cmake
[2.579s] -- Up-to-date: /home/budiman/RIVAL/cdc/install/global_messages/share/global_messages/cmake/export_global_messages__rosidl_typesupport_fastrtps_cppExport.cmake
[2.579s] -- Up-to-date: /home/budiman/RIVAL/cdc/install/global_messages/share/global_messages/cmake/export_global_messages__rosidl_typesupport_fastrtps_cppExport-noconfig.cmake
[2.580s] -- Up-to-date: /home/budiman/RIVAL/cdc/install/global_messages/share/global_messages/cmake/global_messages__rosidl_typesupport_introspection_cExport.cmake
[2.580s] -- Up-to-date: /home/budiman/RIVAL/cdc/install/global_messages/share/global_messages/cmake/global_messages__rosidl_typesupport_introspection_cExport-noconfig.cmake
[2.580s] -- Up-to-date: /home/budiman/RIVAL/cdc/install/global_messages/share/global_messages/cmake/global_messages__rosidl_typesupport_cExport.cmake
[2.580s] -- Up-to-date: /home/budiman/RIVAL/cdc/install/global_messages/share/global_messages/cmake/global_messages__rosidl_typesupport_cExport-noconfig.cmake
[2.582s] -- Up-to-date: /home/budiman/RIVAL/cdc/install/global_messages/share/global_messages/cmake/global_messages__rosidl_typesupport_introspection_cppExport.cmake
[2.583s] -- Up-to-date: /home/budiman/RIVAL/cdc/install/global_messages/share/global_messages/cmake/global_messages__rosidl_typesupport_introspection_cppExport-noconfig.cmake
[2.583s] -- Up-to-date: /home/budiman/RIVAL/cdc/install/global_messages/share/global_messages/cmake/global_messages__rosidl_typesupport_cppExport.cmake
[2.584s] -- Up-to-date: /home/budiman/RIVAL/cdc/install/global_messages/share/global_messages/cmake/global_messages__rosidl_typesupport_cppExport-noconfig.cmake
[2.601s] -- Up-to-date: /home/budiman/RIVAL/cdc/install/global_messages/share/global_messages/cmake/export_global_messages__rosidl_generator_pyExport.cmake
[2.601s] -- Up-to-date: /home/budiman/RIVAL/cdc/install/global_messages/share/global_messages/cmake/export_global_messages__rosidl_generator_pyExport-noconfig.cmake
[2.602s] -- Up-to-date: /home/budiman/RIVAL/cdc/install/global_messages/share/global_messages/cmake/rosidl_cmake-extras.cmake
[2.602s] -- Up-to-date: /home/budiman/RIVAL/cdc/install/global_messages/share/global_messages/cmake/ament_cmake_export_dependencies-extras.cmake
[2.602s] -- Up-to-date: /home/budiman/RIVAL/cdc/install/global_messages/share/global_messages/cmake/ament_cmake_export_include_directories-extras.cmake
[2.602s] -- Up-to-date: /home/budiman/RIVAL/cdc/install/global_messages/share/global_messages/cmake/ament_cmake_export_libraries-extras.cmake
[2.602s] -- Up-to-date: /home/budiman/RIVAL/cdc/install/global_messages/share/global_messages/cmake/ament_cmake_export_targets-extras.cmake
[2.603s] -- Up-to-date: /home/budiman/RIVAL/cdc/install/global_messages/share/global_messages/cmake/rosidl_cmake_export_typesupport_targets-extras.cmake
[2.603s] -- Up-to-date: /home/budiman/RIVAL/cdc/install/global_messages/share/global_messages/cmake/rosidl_cmake_export_typesupport_libraries-extras.cmake
[2.603s] -- Up-to-date: /home/budiman/RIVAL/cdc/install/global_messages/share/global_messages/cmake/global_messagesConfig.cmake
[2.603s] -- Up-to-date: /home/budiman/RIVAL/cdc/install/global_messages/share/global_messages/cmake/global_messagesConfig-version.cmake
[2.603s] -- Up-to-date: /home/budiman/RIVAL/cdc/install/global_messages/share/global_messages/package.xml
[2.607s] Invoked command in '/home/budiman/RIVAL/cdc/build/global_messages' returned '0': CMAKE_PREFIX_PATH=/opt/ros/humble /usr/bin/cmake --install /home/budiman/RIVAL/cdc/build/global_messages
