[0.006s] Invoking command in '/home/budiman/RIVAL/cdc/build/global_messages': CMAKE_PREFIX_PATH=/opt/ros/humble /usr/bin/cmake /home/budiman/RIVAL/cdc/src/global_messages -DCMAKE_INSTALL_PREFIX=/home/budiman/RIVAL/cdc/install/global_messages
[0.043s] -- The C compiler identification is GNU 11.4.0
[0.083s] -- The CXX compiler identification is GNU 11.4.0
[0.088s] -- Detecting C compiler ABI info
[0.134s] -- Detecting C compiler ABI info - done
[0.140s] -- Check for working C compiler: /usr/bin/cc - skipped
[0.140s] -- Detecting C compile features
[0.141s] -- Detecting C compile features - done
[0.143s] -- Detecting CXX compiler ABI info
[0.197s] -- Detecting CXX compiler ABI info - done
[0.203s] -- Check for working CXX compiler: /usr/bin/c++ - skipped
[0.203s] -- Detecting CXX compile features
[0.204s] -- Detecting CXX compile features - done
[0.205s] -- Found ament_cmake: 1.3.12 (/opt/ros/humble/share/ament_cmake/cmake)
[0.315s] -- Found Python3: /usr/bin/python3 (found version "3.10.12") found components: Interpreter 
[0.393s] -- Found rclcpp: 16.0.16 (/opt/ros/humble/share/rclcpp/cmake)
[0.422s] -- Found rosidl_generator_c: 3.1.7 (/opt/ros/humble/share/rosidl_generator_c/cmake)
[0.426s] -- Found rosidl_adapter: 3.1.7 (/opt/ros/humble/share/rosidl_adapter/cmake)
[0.431s] -- Found rosidl_generator_cpp: 3.1.7 (/opt/ros/humble/share/rosidl_generator_cpp/cmake)
[0.440s] -- Using all available rosidl_typesupport_c: rosidl_typesupport_fastrtps_c;rosidl_typesupport_introspection_c
[0.453s] -- Using all available rosidl_typesupport_cpp: rosidl_typesupport_fastrtps_cpp;rosidl_typesupport_introspection_cpp
[0.485s] -- Found rmw_implementation_cmake: 6.1.2 (/opt/ros/humble/share/rmw_implementation_cmake/cmake)
[0.487s] -- Found rmw_fastrtps_cpp: 6.2.9 (/opt/ros/humble/share/rmw_fastrtps_cpp/cmake)
[0.543s] -- Found OpenSSL: /usr/lib/x86_64-linux-gnu/libcrypto.so (found version "3.0.2")  
[0.562s] -- Found FastRTPS: /opt/ros/humble/include  
[0.590s] -- Using RMW implementation 'rmw_fastrtps_cpp' as default
[0.596s] -- Looking for pthread.h
[0.645s] -- Looking for pthread.h - found
[0.645s] -- Performing Test CMAKE_HAVE_LIBC_PTHREAD
[0.697s] -- Performing Test CMAKE_HAVE_LIBC_PTHREAD - Success
[0.698s] -- Found Threads: TRUE  
[0.739s] -- Found rosidl_default_generators: 1.2.0 (/opt/ros/humble/share/rosidl_default_generators/cmake)
[0.953s] -- Found ament_cmake_ros: 0.10.0 (/opt/ros/humble/share/ament_cmake_ros/cmake)
[1.225s] -- Using all available rosidl_typesupport_c: rosidl_typesupport_fastrtps_c;rosidl_typesupport_introspection_c
[1.334s] -- Using all available rosidl_typesupport_cpp: rosidl_typesupport_fastrtps_cpp;rosidl_typesupport_introspection_cpp
[1.352s] -- Found PythonInterp: /usr/bin/python3 (found suitable version "3.10.12", minimum required is "3.6") 
[1.353s] -- Found python_cmake_module: 0.10.0 (/opt/ros/humble/share/python_cmake_module/cmake)
[1.372s] -- Found PythonLibs: /usr/lib/x86_64-linux-gnu/libpython3.10.so (found suitable version "3.10.12", minimum required is "3.5") 
[1.372s] -- Using PYTHON_EXECUTABLE: /usr/bin/python3
[1.372s] -- Using PYTHON_INCLUDE_DIRS: /usr/include/python3.10
[1.372s] -- Using PYTHON_LIBRARIES: /usr/lib/x86_64-linux-gnu/libpython3.10.so
[1.387s] -- Found PythonExtra: .so  
[1.428s] -- Configuring done
[1.455s] -- Generating done
[1.465s] -- Build files have been written to: /home/budiman/RIVAL/cdc/build/global_messages
[1.473s] Invoked command in '/home/budiman/RIVAL/cdc/build/global_messages' returned '0': CMAKE_PREFIX_PATH=/opt/ros/humble /usr/bin/cmake /home/budiman/RIVAL/cdc/src/global_messages -DCMAKE_INSTALL_PREFIX=/home/budiman/RIVAL/cdc/install/global_messages
[1.474s] Invoking command in '/home/budiman/RIVAL/cdc/build/global_messages': CMAKE_PREFIX_PATH=/opt/ros/humble /usr/bin/cmake --build /home/budiman/RIVAL/cdc/build/global_messages -- -j8 -l8
[1.502s] [  2%] [34m[1mGenerating C code for ROS interfaces[0m
[1.509s] [  4%] [34m[1mGenerating C++ code for ROS interfaces[0m
[1.515s] [  4%] Built target ament_cmake_python_copy_global_messages
[1.723s] running egg_info
[1.724s] creating global_messages.egg-info
[1.724s] writing global_messages.egg-info/PKG-INFO
[1.724s] writing dependency_links to global_messages.egg-info/dependency_links.txt
[1.724s] writing top-level names to global_messages.egg-info/top_level.txt
[1.724s] writing manifest file 'global_messages.egg-info/SOURCES.txt'
[1.726s] reading manifest file 'global_messages.egg-info/SOURCES.txt'
[1.726s] writing manifest file 'global_messages.egg-info/SOURCES.txt'
[1.749s] [  4%] Built target ament_cmake_python_build_global_messages_egg
[1.819s] [ 10%] [32mBuilding C object CMakeFiles/global_messages__rosidl_generator_c.dir/rosidl_generator_c/global_messages/msg/detail/swerve_module_state__functions.c.o[0m
[1.819s] [ 10%] [32mBuilding C object CMakeFiles/global_messages__rosidl_generator_c.dir/rosidl_generator_c/global_messages/msg/detail/swerve_module_states__functions.c.o[0m
[1.819s] [ 10%] [32mBuilding C object CMakeFiles/global_messages__rosidl_generator_c.dir/rosidl_generator_c/global_messages/msg/detail/controller__functions.c.o[0m
[1.847s] [ 10%] Built target global_messages__cpp
[1.855s] [ 14%] [34m[1mGenerating C++ type support for eProsima Fast-RTPS[0m
[1.855s] [ 14%] [34m[1mGenerating C++ type support dispatch for ROS interfaces[0m
[1.858s] [ 17%] [34m[1mGenerating C++ introspection for ROS interfaces[0m
[1.870s] [ 19%] [32m[1mLinking C shared library libglobal_messages__rosidl_generator_c.so[0m
[1.899s] [ 19%] Built target global_messages__rosidl_generator_c
[1.909s] [ 21%] [34m[1mGenerating C introspection for ROS interfaces[0m
[1.909s] [ 25%] [34m[1mGenerating C type support for eProsima Fast-RTPS[0m
[1.909s] [ 25%] [34m[1mGenerating C type support dispatch for ROS interfaces[0m
[2.246s] [ 27%] [32mBuilding CXX object CMakeFiles/global_messages__rosidl_typesupport_introspection_cpp.dir/rosidl_typesupport_introspection_cpp/global_messages/msg/detail/controller__type_support.cpp.o[0m
[2.255s] [ 31%] [32mBuilding CXX object CMakeFiles/global_messages__rosidl_typesupport_introspection_cpp.dir/rosidl_typesupport_introspection_cpp/global_messages/msg/detail/swerve_module_state__type_support.cpp.o[0m
[2.256s] [ 31%] [32mBuilding CXX object CMakeFiles/global_messages__rosidl_typesupport_cpp.dir/rosidl_typesupport_cpp/global_messages/msg/controller__type_support.cpp.o[0m
[2.258s] [ 34%] [32mBuilding CXX object CMakeFiles/global_messages__rosidl_typesupport_introspection_cpp.dir/rosidl_typesupport_introspection_cpp/global_messages/msg/detail/swerve_module_states__type_support.cpp.o[0m
[2.271s] [ 36%] [32mBuilding CXX object CMakeFiles/global_messages__rosidl_typesupport_fastrtps_cpp.dir/rosidl_typesupport_fastrtps_cpp/global_messages/msg/detail/dds_fastrtps/controller__type_support.cpp.o[0m
[2.322s] [ 38%] [32mBuilding CXX object CMakeFiles/global_messages__rosidl_typesupport_c.dir/rosidl_typesupport_c/global_messages/msg/controller__type_support.cpp.o[0m
[2.357s] [ 40%] [32mBuilding CXX object CMakeFiles/global_messages__rosidl_typesupport_c.dir/rosidl_typesupport_c/global_messages/msg/swerve_module_state__type_support.cpp.o[0m
[2.394s] [ 42%] [32mBuilding CXX object CMakeFiles/global_messages__rosidl_typesupport_c.dir/rosidl_typesupport_c/global_messages/msg/swerve_module_states__type_support.cpp.o[0m
[2.405s] [ 44%] [32mBuilding C object CMakeFiles/global_messages__rosidl_typesupport_introspection_c.dir/rosidl_typesupport_introspection_c/global_messages/msg/detail/controller__type_support.c.o[0m
[2.435s] [ 46%] [32m[1mLinking CXX shared library libglobal_messages__rosidl_typesupport_c.so[0m
[2.452s] [ 48%] [32mBuilding C object CMakeFiles/global_messages__rosidl_typesupport_introspection_c.dir/rosidl_typesupport_introspection_c/global_messages/msg/detail/swerve_module_state__type_support.c.o[0m
[2.486s] [ 48%] Built target global_messages__rosidl_typesupport_c
[2.497s] [ 51%] [32mBuilding C object CMakeFiles/global_messages__rosidl_typesupport_introspection_c.dir/rosidl_typesupport_introspection_c/global_messages/msg/detail/swerve_module_states__type_support.c.o[0m
[2.497s] [ 53%] [32mBuilding CXX object CMakeFiles/global_messages__rosidl_typesupport_cpp.dir/rosidl_typesupport_cpp/global_messages/msg/swerve_module_state__type_support.cpp.o[0m
[2.513s] [ 55%] [32mBuilding CXX object CMakeFiles/global_messages__rosidl_typesupport_fastrtps_c.dir/rosidl_typesupport_fastrtps_c/global_messages/msg/detail/controller__type_support_c.cpp.o[0m
[2.537s] [ 57%] [32m[1mLinking C shared library libglobal_messages__rosidl_typesupport_introspection_c.so[0m
[2.574s] [ 57%] Built target global_messages__rosidl_typesupport_introspection_c
[2.586s] [ 59%] [32mBuilding CXX object CMakeFiles/global_messages__rosidl_typesupport_cpp.dir/rosidl_typesupport_cpp/global_messages/msg/swerve_module_states__type_support.cpp.o[0m
[2.623s] [ 61%] [32mBuilding CXX object CMakeFiles/global_messages__rosidl_typesupport_fastrtps_cpp.dir/rosidl_typesupport_fastrtps_cpp/global_messages/msg/detail/dds_fastrtps/swerve_module_state__type_support.cpp.o[0m
[2.799s] [ 63%] [32mBuilding CXX object CMakeFiles/global_messages__rosidl_typesupport_fastrtps_c.dir/rosidl_typesupport_fastrtps_c/global_messages/msg/detail/swerve_module_state__type_support_c.cpp.o[0m
[2.801s] [ 65%] [32mBuilding CXX object CMakeFiles/global_messages__rosidl_typesupport_fastrtps_cpp.dir/rosidl_typesupport_fastrtps_cpp/global_messages/msg/detail/dds_fastrtps/swerve_module_states__type_support.cpp.o[0m
[2.814s] [ 68%] [32m[1mLinking CXX shared library libglobal_messages__rosidl_typesupport_introspection_cpp.so[0m
[2.832s] [ 70%] [32mBuilding CXX object CMakeFiles/global_messages__rosidl_typesupport_fastrtps_c.dir/rosidl_typesupport_fastrtps_c/global_messages/msg/detail/swerve_module_states__type_support_c.cpp.o[0m
[2.936s] [ 70%] Built target global_messages__rosidl_typesupport_introspection_cpp
[2.945s] [ 72%] [32m[1mLinking CXX shared library libglobal_messages__rosidl_typesupport_cpp.so[0m
[2.999s] [ 72%] Built target global_messages__rosidl_typesupport_cpp
[3.158s] [ 74%] [32m[1mLinking CXX shared library libglobal_messages__rosidl_typesupport_fastrtps_c.so[0m
[3.205s] [ 76%] [32m[1mLinking CXX shared library libglobal_messages__rosidl_typesupport_fastrtps_cpp.so[0m
[3.228s] [ 76%] Built target global_messages__rosidl_typesupport_fastrtps_c
[3.264s] [ 76%] Built target global_messages__rosidl_typesupport_fastrtps_cpp
[3.278s] [ 76%] Built target global_messages
[3.293s] [ 78%] [34m[1mGenerating Python code for ROS interfaces[0m
[3.696s] [ 78%] Built target global_messages__py
[3.710s] [ 85%] [32mBuilding C object CMakeFiles/global_messages__rosidl_generator_py.dir/rosidl_generator_py/global_messages/msg/_controller_s.c.o[0m
[3.710s] [ 85%] [32mBuilding C object CMakeFiles/global_messages__rosidl_generator_py.dir/rosidl_generator_py/global_messages/msg/_swerve_module_states_s.c.o[0m
[3.710s] [ 85%] [32mBuilding C object CMakeFiles/global_messages__rosidl_generator_py.dir/rosidl_generator_py/global_messages/msg/_swerve_module_state_s.c.o[0m
[3.788s] [ 87%] [32m[1mLinking C shared library rosidl_generator_py/global_messages/libglobal_messages__rosidl_generator_py.so[0m
[3.819s] [ 87%] Built target global_messages__rosidl_generator_py
[3.833s] [ 93%] [32mBuilding C object CMakeFiles/global_messages__rosidl_typesupport_fastrtps_c__pyext.dir/rosidl_generator_py/global_messages/_global_messages_s.ep.rosidl_typesupport_fastrtps_c.c.o[0m
[3.833s] [ 93%] [32mBuilding C object CMakeFiles/global_messages__rosidl_typesupport_introspection_c__pyext.dir/rosidl_generator_py/global_messages/_global_messages_s.ep.rosidl_typesupport_introspection_c.c.o[0m
[3.833s] [ 93%] [32mBuilding C object CMakeFiles/global_messages__rosidl_typesupport_c__pyext.dir/rosidl_generator_py/global_messages/_global_messages_s.ep.rosidl_typesupport_c.c.o[0m
[3.930s] [100%] [32m[1mLinking C shared library rosidl_generator_py/global_messages/global_messages_s__rosidl_typesupport_fastrtps_c.cpython-310-x86_64-linux-gnu.so[0m
[3.930s] [100%] [32m[1mLinking C shared library rosidl_generator_py/global_messages/global_messages_s__rosidl_typesupport_introspection_c.cpython-310-x86_64-linux-gnu.so[0m
[3.930s] [100%] [32m[1mLinking C shared library rosidl_generator_py/global_messages/global_messages_s__rosidl_typesupport_c.cpython-310-x86_64-linux-gnu.so[0m
[3.959s] [100%] Built target global_messages__rosidl_typesupport_fastrtps_c__pyext
[3.959s] [100%] Built target global_messages__rosidl_typesupport_introspection_c__pyext
[3.959s] [100%] Built target global_messages__rosidl_typesupport_c__pyext
[3.967s] Invoked command in '/home/budiman/RIVAL/cdc/build/global_messages' returned '0': CMAKE_PREFIX_PATH=/opt/ros/humble /usr/bin/cmake --build /home/budiman/RIVAL/cdc/build/global_messages -- -j8 -l8
[3.974s] Invoking command in '/home/budiman/RIVAL/cdc/build/global_messages': CMAKE_PREFIX_PATH=/opt/ros/humble /usr/bin/cmake --install /home/budiman/RIVAL/cdc/build/global_messages
[3.980s] -- Install configuration: ""
[3.981s] -- Installing: /home/budiman/RIVAL/cdc/install/global_messages/share/ament_index/resource_index/rosidl_interfaces/global_messages
[3.981s] -- Installing: /home/budiman/RIVAL/cdc/install/global_messages/include/global_messages/global_messages
[3.981s] -- Installing: /home/budiman/RIVAL/cdc/install/global_messages/include/global_messages/global_messages/msg
[3.981s] -- Installing: /home/budiman/RIVAL/cdc/install/global_messages/include/global_messages/global_messages/msg/swerve_module_state.h
[3.981s] -- Installing: /home/budiman/RIVAL/cdc/install/global_messages/include/global_messages/global_messages/msg/swerve_module_states.h
[3.981s] -- Installing: /home/budiman/RIVAL/cdc/install/global_messages/include/global_messages/global_messages/msg/controller.h
[3.981s] -- Installing: /home/budiman/RIVAL/cdc/install/global_messages/include/global_messages/global_messages/msg/rosidl_generator_c__visibility_control.h
[3.981s] -- Installing: /home/budiman/RIVAL/cdc/install/global_messages/include/global_messages/global_messages/msg/detail
[3.981s] -- Installing: /home/budiman/RIVAL/cdc/install/global_messages/include/global_messages/global_messages/msg/detail/controller__struct.h
[3.981s] -- Installing: /home/budiman/RIVAL/cdc/install/global_messages/include/global_messages/global_messages/msg/detail/swerve_module_states__functions.c
[3.981s] -- Installing: /home/budiman/RIVAL/cdc/install/global_messages/include/global_messages/global_messages/msg/detail/controller__type_support.h
[3.981s] -- Installing: /home/budiman/RIVAL/cdc/install/global_messages/include/global_messages/global_messages/msg/detail/controller__functions.c
[3.981s] -- Installing: /home/budiman/RIVAL/cdc/install/global_messages/include/global_messages/global_messages/msg/detail/swerve_module_states__functions.h
[3.981s] -- Installing: /home/budiman/RIVAL/cdc/install/global_messages/include/global_messages/global_messages/msg/detail/swerve_module_states__type_support.h
[3.982s] -- Installing: /home/budiman/RIVAL/cdc/install/global_messages/include/global_messages/global_messages/msg/detail/swerve_module_state__functions.c
[3.982s] -- Installing: /home/budiman/RIVAL/cdc/install/global_messages/include/global_messages/global_messages/msg/detail/swerve_module_state__type_support.h
[3.982s] -- Installing: /home/budiman/RIVAL/cdc/install/global_messages/include/global_messages/global_messages/msg/detail/swerve_module_state__struct.h
[3.982s] -- Installing: /home/budiman/RIVAL/cdc/install/global_messages/include/global_messages/global_messages/msg/detail/swerve_module_states__struct.h
[3.982s] -- Installing: /home/budiman/RIVAL/cdc/install/global_messages/include/global_messages/global_messages/msg/detail/swerve_module_state__functions.h
[3.982s] -- Installing: /home/budiman/RIVAL/cdc/install/global_messages/include/global_messages/global_messages/msg/detail/controller__functions.h
[3.982s] -- Installing: /home/budiman/RIVAL/cdc/install/global_messages/share/global_messages/environment/library_path.sh
[3.982s] -- Installing: /home/budiman/RIVAL/cdc/install/global_messages/share/global_messages/environment/library_path.dsv
[3.982s] -- Installing: /home/budiman/RIVAL/cdc/install/global_messages/lib/libglobal_messages__rosidl_generator_c.so
[3.982s] -- Set runtime path of "/home/budiman/RIVAL/cdc/install/global_messages/lib/libglobal_messages__rosidl_generator_c.so" to ""
[3.983s] -- Up-to-date: /home/budiman/RIVAL/cdc/install/global_messages/include/global_messages/global_messages
[3.983s] -- Up-to-date: /home/budiman/RIVAL/cdc/install/global_messages/include/global_messages/global_messages/msg
[3.983s] -- Installing: /home/budiman/RIVAL/cdc/install/global_messages/include/global_messages/global_messages/msg/rosidl_typesupport_fastrtps_c__visibility_control.h
[3.983s] -- Up-to-date: /home/budiman/RIVAL/cdc/install/global_messages/include/global_messages/global_messages/msg/detail
[3.983s] -- Installing: /home/budiman/RIVAL/cdc/install/global_messages/include/global_messages/global_messages/msg/detail/controller__rosidl_typesupport_fastrtps_c.h
[3.983s] -- Installing: /home/budiman/RIVAL/cdc/install/global_messages/include/global_messages/global_messages/msg/detail/swerve_module_states__rosidl_typesupport_fastrtps_c.h
[3.983s] -- Installing: /home/budiman/RIVAL/cdc/install/global_messages/include/global_messages/global_messages/msg/detail/swerve_module_state__rosidl_typesupport_fastrtps_c.h
[3.983s] -- Installing: /home/budiman/RIVAL/cdc/install/global_messages/lib/libglobal_messages__rosidl_typesupport_fastrtps_c.so
[3.983s] -- Set runtime path of "/home/budiman/RIVAL/cdc/install/global_messages/lib/libglobal_messages__rosidl_typesupport_fastrtps_c.so" to ""
[3.983s] -- Up-to-date: /home/budiman/RIVAL/cdc/install/global_messages/include/global_messages/global_messages
[3.983s] -- Up-to-date: /home/budiman/RIVAL/cdc/install/global_messages/include/global_messages/global_messages/msg
[3.983s] -- Installing: /home/budiman/RIVAL/cdc/install/global_messages/include/global_messages/global_messages/msg/swerve_module_states.hpp
[3.984s] -- Installing: /home/budiman/RIVAL/cdc/install/global_messages/include/global_messages/global_messages/msg/rosidl_generator_cpp__visibility_control.hpp
[3.984s] -- Installing: /home/budiman/RIVAL/cdc/install/global_messages/include/global_messages/global_messages/msg/swerve_module_state.hpp
[3.984s] -- Installing: /home/budiman/RIVAL/cdc/install/global_messages/include/global_messages/global_messages/msg/controller.hpp
[3.984s] -- Up-to-date: /home/budiman/RIVAL/cdc/install/global_messages/include/global_messages/global_messages/msg/detail
[3.984s] -- Installing: /home/budiman/RIVAL/cdc/install/global_messages/include/global_messages/global_messages/msg/detail/controller__type_support.hpp
[3.984s] -- Installing: /home/budiman/RIVAL/cdc/install/global_messages/include/global_messages/global_messages/msg/detail/swerve_module_states__struct.hpp
[3.984s] -- Installing: /home/budiman/RIVAL/cdc/install/global_messages/include/global_messages/global_messages/msg/detail/swerve_module_state__builder.hpp
[3.984s] -- Installing: /home/budiman/RIVAL/cdc/install/global_messages/include/global_messages/global_messages/msg/detail/swerve_module_states__type_support.hpp
[3.984s] -- Installing: /home/budiman/RIVAL/cdc/install/global_messages/include/global_messages/global_messages/msg/detail/swerve_module_states__builder.hpp
[3.984s] -- Installing: /home/budiman/RIVAL/cdc/install/global_messages/include/global_messages/global_messages/msg/detail/swerve_module_state__traits.hpp
[3.984s] -- Installing: /home/budiman/RIVAL/cdc/install/global_messages/include/global_messages/global_messages/msg/detail/swerve_module_state__type_support.hpp
[3.984s] -- Installing: /home/budiman/RIVAL/cdc/install/global_messages/include/global_messages/global_messages/msg/detail/swerve_module_state__struct.hpp
[3.984s] -- Installing: /home/budiman/RIVAL/cdc/install/global_messages/include/global_messages/global_messages/msg/detail/swerve_module_states__traits.hpp
[3.984s] -- Installing: /home/budiman/RIVAL/cdc/install/global_messages/include/global_messages/global_messages/msg/detail/controller__traits.hpp
[3.984s] -- Installing: /home/budiman/RIVAL/cdc/install/global_messages/include/global_messages/global_messages/msg/detail/controller__builder.hpp
[3.984s] -- Installing: /home/budiman/RIVAL/cdc/install/global_messages/include/global_messages/global_messages/msg/detail/controller__struct.hpp
[3.985s] -- Up-to-date: /home/budiman/RIVAL/cdc/install/global_messages/include/global_messages/global_messages
[3.985s] -- Up-to-date: /home/budiman/RIVAL/cdc/install/global_messages/include/global_messages/global_messages/msg
[3.985s] -- Installing: /home/budiman/RIVAL/cdc/install/global_messages/include/global_messages/global_messages/msg/rosidl_typesupport_fastrtps_cpp__visibility_control.h
[3.985s] -- Up-to-date: /home/budiman/RIVAL/cdc/install/global_messages/include/global_messages/global_messages/msg/detail
[3.985s] -- Installing: /home/budiman/RIVAL/cdc/install/global_messages/include/global_messages/global_messages/msg/detail/swerve_module_states__rosidl_typesupport_fastrtps_cpp.hpp
[3.985s] -- Installing: /home/budiman/RIVAL/cdc/install/global_messages/include/global_messages/global_messages/msg/detail/dds_fastrtps
[3.985s] -- Installing: /home/budiman/RIVAL/cdc/install/global_messages/include/global_messages/global_messages/msg/detail/controller__rosidl_typesupport_fastrtps_cpp.hpp
[3.985s] -- Installing: /home/budiman/RIVAL/cdc/install/global_messages/include/global_messages/global_messages/msg/detail/swerve_module_state__rosidl_typesupport_fastrtps_cpp.hpp
[3.985s] -- Installing: /home/budiman/RIVAL/cdc/install/global_messages/lib/libglobal_messages__rosidl_typesupport_fastrtps_cpp.so
[3.985s] -- Set runtime path of "/home/budiman/RIVAL/cdc/install/global_messages/lib/libglobal_messages__rosidl_typesupport_fastrtps_cpp.so" to ""
[3.985s] -- Up-to-date: /home/budiman/RIVAL/cdc/install/global_messages/include/global_messages/global_messages
[3.985s] -- Up-to-date: /home/budiman/RIVAL/cdc/install/global_messages/include/global_messages/global_messages/msg
[3.985s] -- Installing: /home/budiman/RIVAL/cdc/install/global_messages/include/global_messages/global_messages/msg/rosidl_typesupport_introspection_c__visibility_control.h
[3.985s] -- Up-to-date: /home/budiman/RIVAL/cdc/install/global_messages/include/global_messages/global_messages/msg/detail
[3.986s] -- Installing: /home/budiman/RIVAL/cdc/install/global_messages/include/global_messages/global_messages/msg/detail/swerve_module_states__type_support.c
[3.986s] -- Installing: /home/budiman/RIVAL/cdc/install/global_messages/include/global_messages/global_messages/msg/detail/swerve_module_states__rosidl_typesupport_introspection_c.h
[3.986s] -- Installing: /home/budiman/RIVAL/cdc/install/global_messages/include/global_messages/global_messages/msg/detail/controller__type_support.c
[3.986s] -- Installing: /home/budiman/RIVAL/cdc/install/global_messages/include/global_messages/global_messages/msg/detail/swerve_module_state__rosidl_typesupport_introspection_c.h
[3.986s] -- Installing: /home/budiman/RIVAL/cdc/install/global_messages/include/global_messages/global_messages/msg/detail/controller__rosidl_typesupport_introspection_c.h
[3.986s] -- Installing: /home/budiman/RIVAL/cdc/install/global_messages/include/global_messages/global_messages/msg/detail/swerve_module_state__type_support.c
[3.986s] -- Installing: /home/budiman/RIVAL/cdc/install/global_messages/lib/libglobal_messages__rosidl_typesupport_introspection_c.so
[3.986s] -- Set runtime path of "/home/budiman/RIVAL/cdc/install/global_messages/lib/libglobal_messages__rosidl_typesupport_introspection_c.so" to ""
[3.986s] -- Installing: /home/budiman/RIVAL/cdc/install/global_messages/lib/libglobal_messages__rosidl_typesupport_c.so
[3.986s] -- Set runtime path of "/home/budiman/RIVAL/cdc/install/global_messages/lib/libglobal_messages__rosidl_typesupport_c.so" to ""
[3.986s] -- Up-to-date: /home/budiman/RIVAL/cdc/install/global_messages/include/global_messages/global_messages
[3.986s] -- Up-to-date: /home/budiman/RIVAL/cdc/install/global_messages/include/global_messages/global_messages/msg
[3.987s] -- Up-to-date: /home/budiman/RIVAL/cdc/install/global_messages/include/global_messages/global_messages/msg/detail
[3.987s] -- Installing: /home/budiman/RIVAL/cdc/install/global_messages/include/global_messages/global_messages/msg/detail/swerve_module_states__rosidl_typesupport_introspection_cpp.hpp
[3.987s] -- Installing: /home/budiman/RIVAL/cdc/install/global_messages/include/global_messages/global_messages/msg/detail/controller__type_support.cpp
[3.987s] -- Installing: /home/budiman/RIVAL/cdc/install/global_messages/include/global_messages/global_messages/msg/detail/controller__rosidl_typesupport_introspection_cpp.hpp
[3.987s] -- Installing: /home/budiman/RIVAL/cdc/install/global_messages/include/global_messages/global_messages/msg/detail/swerve_module_states__type_support.cpp
[3.987s] -- Installing: /home/budiman/RIVAL/cdc/install/global_messages/include/global_messages/global_messages/msg/detail/swerve_module_state__type_support.cpp
[3.987s] -- Installing: /home/budiman/RIVAL/cdc/install/global_messages/include/global_messages/global_messages/msg/detail/swerve_module_state__rosidl_typesupport_introspection_cpp.hpp
[3.987s] -- Installing: /home/budiman/RIVAL/cdc/install/global_messages/lib/libglobal_messages__rosidl_typesupport_introspection_cpp.so
[3.987s] -- Set runtime path of "/home/budiman/RIVAL/cdc/install/global_messages/lib/libglobal_messages__rosidl_typesupport_introspection_cpp.so" to ""
[3.987s] -- Installing: /home/budiman/RIVAL/cdc/install/global_messages/lib/libglobal_messages__rosidl_typesupport_cpp.so
[3.987s] -- Set runtime path of "/home/budiman/RIVAL/cdc/install/global_messages/lib/libglobal_messages__rosidl_typesupport_cpp.so" to ""
[3.987s] -- Installing: /home/budiman/RIVAL/cdc/install/global_messages/share/global_messages/environment/pythonpath.sh
[3.988s] -- Installing: /home/budiman/RIVAL/cdc/install/global_messages/share/global_messages/environment/pythonpath.dsv
[3.988s] -- Installing: /home/budiman/RIVAL/cdc/install/global_messages/local/lib/python3.10/dist-packages/global_messages-0.0.0-py3.10.egg-info
[3.988s] -- Installing: /home/budiman/RIVAL/cdc/install/global_messages/local/lib/python3.10/dist-packages/global_messages-0.0.0-py3.10.egg-info/PKG-INFO
[3.988s] -- Installing: /home/budiman/RIVAL/cdc/install/global_messages/local/lib/python3.10/dist-packages/global_messages-0.0.0-py3.10.egg-info/dependency_links.txt
[3.988s] -- Installing: /home/budiman/RIVAL/cdc/install/global_messages/local/lib/python3.10/dist-packages/global_messages-0.0.0-py3.10.egg-info/top_level.txt
[3.988s] -- Installing: /home/budiman/RIVAL/cdc/install/global_messages/local/lib/python3.10/dist-packages/global_messages-0.0.0-py3.10.egg-info/SOURCES.txt
[3.988s] -- Installing: /home/budiman/RIVAL/cdc/install/global_messages/local/lib/python3.10/dist-packages/global_messages
[3.988s] -- Installing: /home/budiman/RIVAL/cdc/install/global_messages/local/lib/python3.10/dist-packages/global_messages/_global_messages_s.ep.rosidl_typesupport_c.c
[3.988s] -- Installing: /home/budiman/RIVAL/cdc/install/global_messages/local/lib/python3.10/dist-packages/global_messages/msg
[3.988s] -- Installing: /home/budiman/RIVAL/cdc/install/global_messages/local/lib/python3.10/dist-packages/global_messages/msg/_controller_s.c
[3.988s] -- Installing: /home/budiman/RIVAL/cdc/install/global_messages/local/lib/python3.10/dist-packages/global_messages/msg/_controller.py
[3.988s] -- Installing: /home/budiman/RIVAL/cdc/install/global_messages/local/lib/python3.10/dist-packages/global_messages/msg/__init__.py
[3.989s] -- Installing: /home/budiman/RIVAL/cdc/install/global_messages/local/lib/python3.10/dist-packages/global_messages/msg/_swerve_module_states.py
[3.989s] -- Installing: /home/budiman/RIVAL/cdc/install/global_messages/local/lib/python3.10/dist-packages/global_messages/msg/_swerve_module_states_s.c
[3.989s] -- Installing: /home/budiman/RIVAL/cdc/install/global_messages/local/lib/python3.10/dist-packages/global_messages/msg/_swerve_module_state.py
[3.989s] -- Installing: /home/budiman/RIVAL/cdc/install/global_messages/local/lib/python3.10/dist-packages/global_messages/msg/_swerve_module_state_s.c
[3.989s] -- Installing: /home/budiman/RIVAL/cdc/install/global_messages/local/lib/python3.10/dist-packages/global_messages/global_messages_s__rosidl_typesupport_fastrtps_c.cpython-310-x86_64-linux-gnu.so
[3.989s] -- Installing: /home/budiman/RIVAL/cdc/install/global_messages/local/lib/python3.10/dist-packages/global_messages/_global_messages_s.ep.rosidl_typesupport_fastrtps_c.c
[3.989s] -- Installing: /home/budiman/RIVAL/cdc/install/global_messages/local/lib/python3.10/dist-packages/global_messages/global_messages_s__rosidl_typesupport_introspection_c.cpython-310-x86_64-linux-gnu.so
[3.989s] -- Installing: /home/budiman/RIVAL/cdc/install/global_messages/local/lib/python3.10/dist-packages/global_messages/__init__.py
[3.989s] -- Installing: /home/budiman/RIVAL/cdc/install/global_messages/local/lib/python3.10/dist-packages/global_messages/libglobal_messages__rosidl_generator_py.so
[3.989s] -- Installing: /home/budiman/RIVAL/cdc/install/global_messages/local/lib/python3.10/dist-packages/global_messages/_global_messages_s.ep.rosidl_typesupport_introspection_c.c
[3.989s] -- Installing: /home/budiman/RIVAL/cdc/install/global_messages/local/lib/python3.10/dist-packages/global_messages/global_messages_s__rosidl_typesupport_c.cpython-310-x86_64-linux-gnu.so
[4.016s] Listing '/home/budiman/RIVAL/cdc/install/global_messages/local/lib/python3.10/dist-packages/global_messages'...
[4.016s] Compiling '/home/budiman/RIVAL/cdc/install/global_messages/local/lib/python3.10/dist-packages/global_messages/__init__.py'...
[4.016s] Listing '/home/budiman/RIVAL/cdc/install/global_messages/local/lib/python3.10/dist-packages/global_messages/msg'...
[4.016s] Compiling '/home/budiman/RIVAL/cdc/install/global_messages/local/lib/python3.10/dist-packages/global_messages/msg/__init__.py'...
[4.016s] Compiling '/home/budiman/RIVAL/cdc/install/global_messages/local/lib/python3.10/dist-packages/global_messages/msg/_controller.py'...
[4.016s] Compiling '/home/budiman/RIVAL/cdc/install/global_messages/local/lib/python3.10/dist-packages/global_messages/msg/_swerve_module_state.py'...
[4.016s] Compiling '/home/budiman/RIVAL/cdc/install/global_messages/local/lib/python3.10/dist-packages/global_messages/msg/_swerve_module_states.py'...
[4.019s] -- Installing: /home/budiman/RIVAL/cdc/install/global_messages/local/lib/python3.10/dist-packages/global_messages/global_messages_s__rosidl_typesupport_fastrtps_c.cpython-310-x86_64-linux-gnu.so
[4.020s] -- Set runtime path of "/home/budiman/RIVAL/cdc/install/global_messages/local/lib/python3.10/dist-packages/global_messages/global_messages_s__rosidl_typesupport_fastrtps_c.cpython-310-x86_64-linux-gnu.so" to ""
[4.020s] -- Installing: /home/budiman/RIVAL/cdc/install/global_messages/local/lib/python3.10/dist-packages/global_messages/global_messages_s__rosidl_typesupport_introspection_c.cpython-310-x86_64-linux-gnu.so
[4.020s] -- Set runtime path of "/home/budiman/RIVAL/cdc/install/global_messages/local/lib/python3.10/dist-packages/global_messages/global_messages_s__rosidl_typesupport_introspection_c.cpython-310-x86_64-linux-gnu.so" to ""
[4.020s] -- Installing: /home/budiman/RIVAL/cdc/install/global_messages/local/lib/python3.10/dist-packages/global_messages/global_messages_s__rosidl_typesupport_c.cpython-310-x86_64-linux-gnu.so
[4.020s] -- Set runtime path of "/home/budiman/RIVAL/cdc/install/global_messages/local/lib/python3.10/dist-packages/global_messages/global_messages_s__rosidl_typesupport_c.cpython-310-x86_64-linux-gnu.so" to ""
[4.021s] -- Installing: /home/budiman/RIVAL/cdc/install/global_messages/lib/libglobal_messages__rosidl_generator_py.so
[4.021s] -- Set runtime path of "/home/budiman/RIVAL/cdc/install/global_messages/lib/libglobal_messages__rosidl_generator_py.so" to ""
[4.021s] -- Installing: /home/budiman/RIVAL/cdc/install/global_messages/share/global_messages/msg/Controller.idl
[4.021s] -- Installing: /home/budiman/RIVAL/cdc/install/global_messages/share/global_messages/msg/SwerveModuleState.idl
[4.021s] -- Installing: /home/budiman/RIVAL/cdc/install/global_messages/share/global_messages/msg/SwerveModuleStates.idl
[4.021s] -- Installing: /home/budiman/RIVAL/cdc/install/global_messages/share/global_messages/msg/Controller.msg
[4.021s] -- Installing: /home/budiman/RIVAL/cdc/install/global_messages/share/global_messages/msg/SwerveModuleState.msg
[4.021s] -- Installing: /home/budiman/RIVAL/cdc/install/global_messages/share/global_messages/msg/SwerveModuleStates.msg
[4.021s] -- Installing: /home/budiman/RIVAL/cdc/install/global_messages/share/ament_index/resource_index/package_run_dependencies/global_messages
[4.021s] -- Installing: /home/budiman/RIVAL/cdc/install/global_messages/share/ament_index/resource_index/parent_prefix_path/global_messages
[4.021s] -- Installing: /home/budiman/RIVAL/cdc/install/global_messages/share/global_messages/environment/ament_prefix_path.sh
[4.021s] -- Installing: /home/budiman/RIVAL/cdc/install/global_messages/share/global_messages/environment/ament_prefix_path.dsv
[4.022s] -- Installing: /home/budiman/RIVAL/cdc/install/global_messages/share/global_messages/environment/path.sh
[4.022s] -- Installing: /home/budiman/RIVAL/cdc/install/global_messages/share/global_messages/environment/path.dsv
[4.022s] -- Installing: /home/budiman/RIVAL/cdc/install/global_messages/share/global_messages/local_setup.bash
[4.022s] -- Installing: /home/budiman/RIVAL/cdc/install/global_messages/share/global_messages/local_setup.sh
[4.022s] -- Installing: /home/budiman/RIVAL/cdc/install/global_messages/share/global_messages/local_setup.zsh
[4.022s] -- Installing: /home/budiman/RIVAL/cdc/install/global_messages/share/global_messages/local_setup.dsv
[4.022s] -- Installing: /home/budiman/RIVAL/cdc/install/global_messages/share/global_messages/package.dsv
[4.022s] -- Installing: /home/budiman/RIVAL/cdc/install/global_messages/share/ament_index/resource_index/packages/global_messages
[4.022s] -- Installing: /home/budiman/RIVAL/cdc/install/global_messages/share/global_messages/cmake/export_global_messages__rosidl_generator_cExport.cmake
[4.022s] -- Installing: /home/budiman/RIVAL/cdc/install/global_messages/share/global_messages/cmake/export_global_messages__rosidl_generator_cExport-noconfig.cmake
[4.022s] -- Installing: /home/budiman/RIVAL/cdc/install/global_messages/share/global_messages/cmake/export_global_messages__rosidl_typesupport_fastrtps_cExport.cmake
[4.023s] -- Installing: /home/budiman/RIVAL/cdc/install/global_messages/share/global_messages/cmake/export_global_messages__rosidl_typesupport_fastrtps_cExport-noconfig.cmake
[4.023s] -- Installing: /home/budiman/RIVAL/cdc/install/global_messages/share/global_messages/cmake/export_global_messages__rosidl_generator_cppExport.cmake
[4.023s] -- Installing: /home/budiman/RIVAL/cdc/install/global_messages/share/global_messages/cmake/export_global_messages__rosidl_typesupport_fastrtps_cppExport.cmake
[4.023s] -- Installing: /home/budiman/RIVAL/cdc/install/global_messages/share/global_messages/cmake/export_global_messages__rosidl_typesupport_fastrtps_cppExport-noconfig.cmake
[4.023s] -- Installing: /home/budiman/RIVAL/cdc/install/global_messages/share/global_messages/cmake/global_messages__rosidl_typesupport_introspection_cExport.cmake
[4.023s] -- Installing: /home/budiman/RIVAL/cdc/install/global_messages/share/global_messages/cmake/global_messages__rosidl_typesupport_introspection_cExport-noconfig.cmake
[4.023s] -- Installing: /home/budiman/RIVAL/cdc/install/global_messages/share/global_messages/cmake/global_messages__rosidl_typesupport_cExport.cmake
[4.023s] -- Installing: /home/budiman/RIVAL/cdc/install/global_messages/share/global_messages/cmake/global_messages__rosidl_typesupport_cExport-noconfig.cmake
[4.023s] -- Installing: /home/budiman/RIVAL/cdc/install/global_messages/share/global_messages/cmake/global_messages__rosidl_typesupport_introspection_cppExport.cmake
[4.023s] -- Installing: /home/budiman/RIVAL/cdc/install/global_messages/share/global_messages/cmake/global_messages__rosidl_typesupport_introspection_cppExport-noconfig.cmake
[4.023s] -- Installing: /home/budiman/RIVAL/cdc/install/global_messages/share/global_messages/cmake/global_messages__rosidl_typesupport_cppExport.cmake
[4.024s] -- Installing: /home/budiman/RIVAL/cdc/install/global_messages/share/global_messages/cmake/global_messages__rosidl_typesupport_cppExport-noconfig.cmake
[4.024s] -- Installing: /home/budiman/RIVAL/cdc/install/global_messages/share/global_messages/cmake/export_global_messages__rosidl_generator_pyExport.cmake
[4.024s] -- Installing: /home/budiman/RIVAL/cdc/install/global_messages/share/global_messages/cmake/export_global_messages__rosidl_generator_pyExport-noconfig.cmake
[4.024s] -- Installing: /home/budiman/RIVAL/cdc/install/global_messages/share/global_messages/cmake/rosidl_cmake-extras.cmake
[4.024s] -- Installing: /home/budiman/RIVAL/cdc/install/global_messages/share/global_messages/cmake/ament_cmake_export_dependencies-extras.cmake
[4.024s] -- Installing: /home/budiman/RIVAL/cdc/install/global_messages/share/global_messages/cmake/ament_cmake_export_include_directories-extras.cmake
[4.024s] -- Installing: /home/budiman/RIVAL/cdc/install/global_messages/share/global_messages/cmake/ament_cmake_export_libraries-extras.cmake
[4.024s] -- Installing: /home/budiman/RIVAL/cdc/install/global_messages/share/global_messages/cmake/ament_cmake_export_targets-extras.cmake
[4.024s] -- Installing: /home/budiman/RIVAL/cdc/install/global_messages/share/global_messages/cmake/rosidl_cmake_export_typesupport_targets-extras.cmake
[4.024s] -- Installing: /home/budiman/RIVAL/cdc/install/global_messages/share/global_messages/cmake/rosidl_cmake_export_typesupport_libraries-extras.cmake
[4.024s] -- Installing: /home/budiman/RIVAL/cdc/install/global_messages/share/global_messages/cmake/global_messagesConfig.cmake
[4.024s] -- Installing: /home/budiman/RIVAL/cdc/install/global_messages/share/global_messages/cmake/global_messagesConfig-version.cmake
[4.025s] -- Installing: /home/budiman/RIVAL/cdc/install/global_messages/share/global_messages/package.xml
[4.026s] Invoked command in '/home/budiman/RIVAL/cdc/build/global_messages' returned '0': CMAKE_PREFIX_PATH=/opt/ros/humble /usr/bin/cmake --install /home/budiman/RIVAL/cdc/build/global_messages
