[0.009s] Invoking command in '/home/budiman/RIVAL/cdc/build/global_messages': CMAKE_PREFIX_PATH=/opt/ros/humble /usr/bin/cmake --build /home/budiman/RIVAL/cdc/build/global_messages -- -j8 -l8
[0.448s] [  2%] Built target global_messages__cpp
[0.448s] [ 12%] Built target global_messages__rosidl_generator_c
[0.462s] [ 12%] Built target ament_cmake_python_copy_global_messages
[0.477s] [ 29%] Built target global_messages__rosidl_typesupport_c
[0.478s] [ 44%] Built target global_messages__rosidl_typesupport_cpp
[0.478s] [ 44%] Built target global_messages__rosidl_typesupport_fastrtps_cpp
[0.478s] [ 55%] Built target global_messages__rosidl_typesupport_fastrtps_c
[0.481s] [ 65%] Built target global_messages__rosidl_typesupport_introspection_c
[0.481s] [ 76%] Built target global_messages__rosidl_typesupport_introspection_cpp
[0.507s] [ 76%] Built target global_messages
[0.532s] [ 78%] Built target global_messages__py
[0.554s] [ 87%] Built target global_messages__rosidl_generator_py
[0.576s] [100%] Built target global_messages__rosidl_typesupport_introspection_c__pyext
[0.576s] [100%] Built target global_messages__rosidl_typesupport_fastrtps_c__pyext
[0.576s] [100%] Built target global_messages__rosidl_typesupport_c__pyext
[0.718s] running egg_info
[0.719s] writing global_messages.egg-info/PKG-INFO
[0.720s] writing dependency_links to global_messages.egg-info/dependency_links.txt
[0.720s] writing top-level names to global_messages.egg-info/top_level.txt
[0.723s] reading manifest file 'global_messages.egg-info/SOURCES.txt'
[0.724s] writing manifest file 'global_messages.egg-info/SOURCES.txt'
[0.761s] [100%] Built target ament_cmake_python_build_global_messages_egg
[0.772s] Invoked command in '/home/budiman/RIVAL/cdc/build/global_messages' returned '0': CMAKE_PREFIX_PATH=/opt/ros/humble /usr/bin/cmake --build /home/budiman/RIVAL/cdc/build/global_messages -- -j8 -l8
[0.782s] Invoking command in '/home/budiman/RIVAL/cdc/build/global_messages': CMAKE_PREFIX_PATH=/opt/ros/humble /usr/bin/cmake --install /home/budiman/RIVAL/cdc/build/global_messages
[0.789s] -- Install configuration: ""
[0.789s] -- Up-to-date: /home/budiman/RIVAL/cdc/install/global_messages/share/ament_index/resource_index/rosidl_interfaces/global_messages
[0.790s] -- Up-to-date: /home/budiman/RIVAL/cdc/install/global_messages/include/global_messages/global_messages
[0.790s] -- Up-to-date: /home/budiman/RIVAL/cdc/install/global_messages/include/global_messages/global_messages/msg
[0.790s] -- Up-to-date: /home/budiman/RIVAL/cdc/install/global_messages/include/global_messages/global_messages/msg/swerve_module_state.h
[0.790s] -- Up-to-date: /home/budiman/RIVAL/cdc/install/global_messages/include/global_messages/global_messages/msg/swerve_module_states.h
[0.790s] -- Up-to-date: /home/budiman/RIVAL/cdc/install/global_messages/include/global_messages/global_messages/msg/controller.h
[0.790s] -- Up-to-date: /home/budiman/RIVAL/cdc/install/global_messages/include/global_messages/global_messages/msg/rosidl_generator_c__visibility_control.h
[0.790s] -- Up-to-date: /home/budiman/RIVAL/cdc/install/global_messages/include/global_messages/global_messages/msg/detail
[0.790s] -- Up-to-date: /home/budiman/RIVAL/cdc/install/global_messages/include/global_messages/global_messages/msg/detail/controller__struct.h
[0.790s] -- Up-to-date: /home/budiman/RIVAL/cdc/install/global_messages/include/global_messages/global_messages/msg/detail/swerve_module_states__functions.c
[0.790s] -- Up-to-date: /home/budiman/RIVAL/cdc/install/global_messages/include/global_messages/global_messages/msg/detail/controller__type_support.h
[0.790s] -- Up-to-date: /home/budiman/RIVAL/cdc/install/global_messages/include/global_messages/global_messages/msg/detail/controller__functions.c
[0.790s] -- Up-to-date: /home/budiman/RIVAL/cdc/install/global_messages/include/global_messages/global_messages/msg/detail/swerve_module_states__functions.h
[0.790s] -- Up-to-date: /home/budiman/RIVAL/cdc/install/global_messages/include/global_messages/global_messages/msg/detail/swerve_module_states__type_support.h
[0.790s] -- Up-to-date: /home/budiman/RIVAL/cdc/install/global_messages/include/global_messages/global_messages/msg/detail/swerve_module_state__functions.c
[0.790s] -- Up-to-date: /home/budiman/RIVAL/cdc/install/global_messages/include/global_messages/global_messages/msg/detail/swerve_module_state__type_support.h
[0.790s] -- Up-to-date: /home/budiman/RIVAL/cdc/install/global_messages/include/global_messages/global_messages/msg/detail/swerve_module_state__struct.h
[0.791s] -- Up-to-date: /home/budiman/RIVAL/cdc/install/global_messages/include/global_messages/global_messages/msg/detail/swerve_module_states__struct.h
[0.791s] -- Up-to-date: /home/budiman/RIVAL/cdc/install/global_messages/include/global_messages/global_messages/msg/detail/swerve_module_state__functions.h
[0.791s] -- Up-to-date: /home/budiman/RIVAL/cdc/install/global_messages/include/global_messages/global_messages/msg/detail/controller__functions.h
[0.791s] -- Up-to-date: /home/budiman/RIVAL/cdc/install/global_messages/share/global_messages/environment/library_path.sh
[0.791s] -- Up-to-date: /home/budiman/RIVAL/cdc/install/global_messages/share/global_messages/environment/library_path.dsv
[0.791s] -- Up-to-date: /home/budiman/RIVAL/cdc/install/global_messages/lib/libglobal_messages__rosidl_generator_c.so
[0.791s] -- Up-to-date: /home/budiman/RIVAL/cdc/install/global_messages/include/global_messages/global_messages
[0.791s] -- Up-to-date: /home/budiman/RIVAL/cdc/install/global_messages/include/global_messages/global_messages/msg
[0.791s] -- Up-to-date: /home/budiman/RIVAL/cdc/install/global_messages/include/global_messages/global_messages/msg/rosidl_typesupport_fastrtps_c__visibility_control.h
[0.791s] -- Up-to-date: /home/budiman/RIVAL/cdc/install/global_messages/include/global_messages/global_messages/msg/detail
[0.791s] -- Up-to-date: /home/budiman/RIVAL/cdc/install/global_messages/include/global_messages/global_messages/msg/detail/controller__rosidl_typesupport_fastrtps_c.h
[0.791s] -- Up-to-date: /home/budiman/RIVAL/cdc/install/global_messages/include/global_messages/global_messages/msg/detail/swerve_module_states__rosidl_typesupport_fastrtps_c.h
[0.791s] -- Up-to-date: /home/budiman/RIVAL/cdc/install/global_messages/include/global_messages/global_messages/msg/detail/swerve_module_state__rosidl_typesupport_fastrtps_c.h
[0.791s] -- Up-to-date: /home/budiman/RIVAL/cdc/install/global_messages/lib/libglobal_messages__rosidl_typesupport_fastrtps_c.so
[0.791s] -- Up-to-date: /home/budiman/RIVAL/cdc/install/global_messages/include/global_messages/global_messages
[0.792s] -- Up-to-date: /home/budiman/RIVAL/cdc/install/global_messages/include/global_messages/global_messages/msg
[0.792s] -- Up-to-date: /home/budiman/RIVAL/cdc/install/global_messages/include/global_messages/global_messages/msg/swerve_module_states.hpp
[0.792s] -- Up-to-date: /home/budiman/RIVAL/cdc/install/global_messages/include/global_messages/global_messages/msg/rosidl_generator_cpp__visibility_control.hpp
[0.792s] -- Up-to-date: /home/budiman/RIVAL/cdc/install/global_messages/include/global_messages/global_messages/msg/swerve_module_state.hpp
[0.792s] -- Up-to-date: /home/budiman/RIVAL/cdc/install/global_messages/include/global_messages/global_messages/msg/controller.hpp
[0.792s] -- Up-to-date: /home/budiman/RIVAL/cdc/install/global_messages/include/global_messages/global_messages/msg/detail
[0.792s] -- Up-to-date: /home/budiman/RIVAL/cdc/install/global_messages/include/global_messages/global_messages/msg/detail/controller__type_support.hpp
[0.792s] -- Up-to-date: /home/budiman/RIVAL/cdc/install/global_messages/include/global_messages/global_messages/msg/detail/swerve_module_states__struct.hpp
[0.792s] -- Up-to-date: /home/budiman/RIVAL/cdc/install/global_messages/include/global_messages/global_messages/msg/detail/swerve_module_state__builder.hpp
[0.792s] -- Up-to-date: /home/budiman/RIVAL/cdc/install/global_messages/include/global_messages/global_messages/msg/detail/swerve_module_states__type_support.hpp
[0.792s] -- Up-to-date: /home/budiman/RIVAL/cdc/install/global_messages/include/global_messages/global_messages/msg/detail/swerve_module_states__builder.hpp
[0.792s] -- Up-to-date: /home/budiman/RIVAL/cdc/install/global_messages/include/global_messages/global_messages/msg/detail/swerve_module_state__traits.hpp
[0.792s] -- Up-to-date: /home/budiman/RIVAL/cdc/install/global_messages/include/global_messages/global_messages/msg/detail/swerve_module_state__type_support.hpp
[0.792s] -- Up-to-date: /home/budiman/RIVAL/cdc/install/global_messages/include/global_messages/global_messages/msg/detail/swerve_module_state__struct.hpp
[0.792s] -- Up-to-date: /home/budiman/RIVAL/cdc/install/global_messages/include/global_messages/global_messages/msg/detail/swerve_module_states__traits.hpp
[0.792s] -- Up-to-date: /home/budiman/RIVAL/cdc/install/global_messages/include/global_messages/global_messages/msg/detail/controller__traits.hpp
[0.792s] -- Up-to-date: /home/budiman/RIVAL/cdc/install/global_messages/include/global_messages/global_messages/msg/detail/controller__builder.hpp
[0.793s] -- Up-to-date: /home/budiman/RIVAL/cdc/install/global_messages/include/global_messages/global_messages/msg/detail/controller__struct.hpp
[0.793s] -- Up-to-date: /home/budiman/RIVAL/cdc/install/global_messages/include/global_messages/global_messages
[0.793s] -- Up-to-date: /home/budiman/RIVAL/cdc/install/global_messages/include/global_messages/global_messages/msg
[0.793s] -- Up-to-date: /home/budiman/RIVAL/cdc/install/global_messages/include/global_messages/global_messages/msg/rosidl_typesupport_fastrtps_cpp__visibility_control.h
[0.793s] -- Up-to-date: /home/budiman/RIVAL/cdc/install/global_messages/include/global_messages/global_messages/msg/detail
[0.793s] -- Up-to-date: /home/budiman/RIVAL/cdc/install/global_messages/include/global_messages/global_messages/msg/detail/swerve_module_states__rosidl_typesupport_fastrtps_cpp.hpp
[0.793s] -- Up-to-date: /home/budiman/RIVAL/cdc/install/global_messages/include/global_messages/global_messages/msg/detail/dds_fastrtps
[0.793s] -- Up-to-date: /home/budiman/RIVAL/cdc/install/global_messages/include/global_messages/global_messages/msg/detail/controller__rosidl_typesupport_fastrtps_cpp.hpp
[0.793s] -- Up-to-date: /home/budiman/RIVAL/cdc/install/global_messages/include/global_messages/global_messages/msg/detail/swerve_module_state__rosidl_typesupport_fastrtps_cpp.hpp
[0.793s] -- Up-to-date: /home/budiman/RIVAL/cdc/install/global_messages/lib/libglobal_messages__rosidl_typesupport_fastrtps_cpp.so
[0.793s] -- Up-to-date: /home/budiman/RIVAL/cdc/install/global_messages/include/global_messages/global_messages
[0.793s] -- Up-to-date: /home/budiman/RIVAL/cdc/install/global_messages/include/global_messages/global_messages/msg
[0.793s] -- Up-to-date: /home/budiman/RIVAL/cdc/install/global_messages/include/global_messages/global_messages/msg/rosidl_typesupport_introspection_c__visibility_control.h
[0.793s] -- Up-to-date: /home/budiman/RIVAL/cdc/install/global_messages/include/global_messages/global_messages/msg/detail
[0.793s] -- Up-to-date: /home/budiman/RIVAL/cdc/install/global_messages/include/global_messages/global_messages/msg/detail/swerve_module_states__type_support.c
[0.793s] -- Up-to-date: /home/budiman/RIVAL/cdc/install/global_messages/include/global_messages/global_messages/msg/detail/swerve_module_states__rosidl_typesupport_introspection_c.h
[0.793s] -- Up-to-date: /home/budiman/RIVAL/cdc/install/global_messages/include/global_messages/global_messages/msg/detail/controller__type_support.c
[0.793s] -- Up-to-date: /home/budiman/RIVAL/cdc/install/global_messages/include/global_messages/global_messages/msg/detail/swerve_module_state__rosidl_typesupport_introspection_c.h
[0.793s] -- Up-to-date: /home/budiman/RIVAL/cdc/install/global_messages/include/global_messages/global_messages/msg/detail/controller__rosidl_typesupport_introspection_c.h
[0.794s] -- Up-to-date: /home/budiman/RIVAL/cdc/install/global_messages/include/global_messages/global_messages/msg/detail/swerve_module_state__type_support.c
[0.794s] -- Up-to-date: /home/budiman/RIVAL/cdc/install/global_messages/lib/libglobal_messages__rosidl_typesupport_introspection_c.so
[0.794s] -- Up-to-date: /home/budiman/RIVAL/cdc/install/global_messages/lib/libglobal_messages__rosidl_typesupport_c.so
[0.794s] -- Up-to-date: /home/budiman/RIVAL/cdc/install/global_messages/include/global_messages/global_messages
[0.794s] -- Up-to-date: /home/budiman/RIVAL/cdc/install/global_messages/include/global_messages/global_messages/msg
[0.794s] -- Up-to-date: /home/budiman/RIVAL/cdc/install/global_messages/include/global_messages/global_messages/msg/detail
[0.794s] -- Up-to-date: /home/budiman/RIVAL/cdc/install/global_messages/include/global_messages/global_messages/msg/detail/swerve_module_states__rosidl_typesupport_introspection_cpp.hpp
[0.794s] -- Up-to-date: /home/budiman/RIVAL/cdc/install/global_messages/include/global_messages/global_messages/msg/detail/controller__type_support.cpp
[0.794s] -- Up-to-date: /home/budiman/RIVAL/cdc/install/global_messages/include/global_messages/global_messages/msg/detail/controller__rosidl_typesupport_introspection_cpp.hpp
[0.794s] -- Up-to-date: /home/budiman/RIVAL/cdc/install/global_messages/include/global_messages/global_messages/msg/detail/swerve_module_states__type_support.cpp
[0.794s] -- Up-to-date: /home/budiman/RIVAL/cdc/install/global_messages/include/global_messages/global_messages/msg/detail/swerve_module_state__type_support.cpp
[0.794s] -- Up-to-date: /home/budiman/RIVAL/cdc/install/global_messages/include/global_messages/global_messages/msg/detail/swerve_module_state__rosidl_typesupport_introspection_cpp.hpp
[0.794s] -- Up-to-date: /home/budiman/RIVAL/cdc/install/global_messages/lib/libglobal_messages__rosidl_typesupport_introspection_cpp.so
[0.795s] -- Up-to-date: /home/budiman/RIVAL/cdc/install/global_messages/lib/libglobal_messages__rosidl_typesupport_cpp.so
[0.795s] -- Up-to-date: /home/budiman/RIVAL/cdc/install/global_messages/share/global_messages/environment/pythonpath.sh
[0.795s] -- Up-to-date: /home/budiman/RIVAL/cdc/install/global_messages/share/global_messages/environment/pythonpath.dsv
[0.795s] -- Up-to-date: /home/budiman/RIVAL/cdc/install/global_messages/local/lib/python3.10/dist-packages/global_messages-0.0.0-py3.10.egg-info
[0.795s] -- Installing: /home/budiman/RIVAL/cdc/install/global_messages/local/lib/python3.10/dist-packages/global_messages-0.0.0-py3.10.egg-info/PKG-INFO
[0.795s] -- Installing: /home/budiman/RIVAL/cdc/install/global_messages/local/lib/python3.10/dist-packages/global_messages-0.0.0-py3.10.egg-info/dependency_links.txt
[0.795s] -- Installing: /home/budiman/RIVAL/cdc/install/global_messages/local/lib/python3.10/dist-packages/global_messages-0.0.0-py3.10.egg-info/top_level.txt
[0.795s] -- Installing: /home/budiman/RIVAL/cdc/install/global_messages/local/lib/python3.10/dist-packages/global_messages-0.0.0-py3.10.egg-info/SOURCES.txt
[0.795s] -- Up-to-date: /home/budiman/RIVAL/cdc/install/global_messages/local/lib/python3.10/dist-packages/global_messages
[0.795s] -- Up-to-date: /home/budiman/RIVAL/cdc/install/global_messages/local/lib/python3.10/dist-packages/global_messages/_global_messages_s.ep.rosidl_typesupport_c.c
[0.795s] -- Up-to-date: /home/budiman/RIVAL/cdc/install/global_messages/local/lib/python3.10/dist-packages/global_messages/msg
[0.796s] -- Up-to-date: /home/budiman/RIVAL/cdc/install/global_messages/local/lib/python3.10/dist-packages/global_messages/msg/_controller_s.c
[0.796s] -- Up-to-date: /home/budiman/RIVAL/cdc/install/global_messages/local/lib/python3.10/dist-packages/global_messages/msg/_controller.py
[0.796s] -- Up-to-date: /home/budiman/RIVAL/cdc/install/global_messages/local/lib/python3.10/dist-packages/global_messages/msg/__init__.py
[0.796s] -- Up-to-date: /home/budiman/RIVAL/cdc/install/global_messages/local/lib/python3.10/dist-packages/global_messages/msg/_swerve_module_states.py
[0.796s] -- Up-to-date: /home/budiman/RIVAL/cdc/install/global_messages/local/lib/python3.10/dist-packages/global_messages/msg/_swerve_module_states_s.c
[0.796s] -- Up-to-date: /home/budiman/RIVAL/cdc/install/global_messages/local/lib/python3.10/dist-packages/global_messages/msg/_swerve_module_state.py
[0.796s] -- Up-to-date: /home/budiman/RIVAL/cdc/install/global_messages/local/lib/python3.10/dist-packages/global_messages/msg/_swerve_module_state_s.c
[0.796s] -- Up-to-date: /home/budiman/RIVAL/cdc/install/global_messages/local/lib/python3.10/dist-packages/global_messages/global_messages_s__rosidl_typesupport_fastrtps_c.cpython-310-x86_64-linux-gnu.so
[0.796s] -- Up-to-date: /home/budiman/RIVAL/cdc/install/global_messages/local/lib/python3.10/dist-packages/global_messages/_global_messages_s.ep.rosidl_typesupport_fastrtps_c.c
[0.796s] -- Up-to-date: /home/budiman/RIVAL/cdc/install/global_messages/local/lib/python3.10/dist-packages/global_messages/global_messages_s__rosidl_typesupport_introspection_c.cpython-310-x86_64-linux-gnu.so
[0.797s] -- Up-to-date: /home/budiman/RIVAL/cdc/install/global_messages/local/lib/python3.10/dist-packages/global_messages/__init__.py
[0.797s] -- Up-to-date: /home/budiman/RIVAL/cdc/install/global_messages/local/lib/python3.10/dist-packages/global_messages/libglobal_messages__rosidl_generator_py.so
[0.797s] -- Up-to-date: /home/budiman/RIVAL/cdc/install/global_messages/local/lib/python3.10/dist-packages/global_messages/_global_messages_s.ep.rosidl_typesupport_introspection_c.c
[0.797s] -- Up-to-date: /home/budiman/RIVAL/cdc/install/global_messages/local/lib/python3.10/dist-packages/global_messages/global_messages_s__rosidl_typesupport_c.cpython-310-x86_64-linux-gnu.so
[0.821s] Listing '/home/budiman/RIVAL/cdc/install/global_messages/local/lib/python3.10/dist-packages/global_messages'...
[0.821s] Listing '/home/budiman/RIVAL/cdc/install/global_messages/local/lib/python3.10/dist-packages/global_messages/msg'...
[0.825s] -- Up-to-date: /home/budiman/RIVAL/cdc/install/global_messages/local/lib/python3.10/dist-packages/global_messages/global_messages_s__rosidl_typesupport_fastrtps_c.cpython-310-x86_64-linux-gnu.so
[0.825s] -- Up-to-date: /home/budiman/RIVAL/cdc/install/global_messages/local/lib/python3.10/dist-packages/global_messages/global_messages_s__rosidl_typesupport_introspection_c.cpython-310-x86_64-linux-gnu.so
[0.825s] -- Up-to-date: /home/budiman/RIVAL/cdc/install/global_messages/local/lib/python3.10/dist-packages/global_messages/global_messages_s__rosidl_typesupport_c.cpython-310-x86_64-linux-gnu.so
[0.825s] -- Up-to-date: /home/budiman/RIVAL/cdc/install/global_messages/lib/libglobal_messages__rosidl_generator_py.so
[0.826s] -- Up-to-date: /home/budiman/RIVAL/cdc/install/global_messages/share/global_messages/msg/Controller.idl
[0.826s] -- Up-to-date: /home/budiman/RIVAL/cdc/install/global_messages/share/global_messages/msg/SwerveModuleState.idl
[0.826s] -- Up-to-date: /home/budiman/RIVAL/cdc/install/global_messages/share/global_messages/msg/SwerveModuleStates.idl
[0.826s] -- Up-to-date: /home/budiman/RIVAL/cdc/install/global_messages/share/global_messages/msg/Controller.msg
[0.826s] -- Up-to-date: /home/budiman/RIVAL/cdc/install/global_messages/share/global_messages/msg/SwerveModuleState.msg
[0.826s] -- Up-to-date: /home/budiman/RIVAL/cdc/install/global_messages/share/global_messages/msg/SwerveModuleStates.msg
[0.826s] -- Up-to-date: /home/budiman/RIVAL/cdc/install/global_messages/share/ament_index/resource_index/package_run_dependencies/global_messages
[0.827s] -- Up-to-date: /home/budiman/RIVAL/cdc/install/global_messages/share/ament_index/resource_index/parent_prefix_path/global_messages
[0.827s] -- Up-to-date: /home/budiman/RIVAL/cdc/install/global_messages/share/global_messages/environment/ament_prefix_path.sh
[0.827s] -- Up-to-date: /home/budiman/RIVAL/cdc/install/global_messages/share/global_messages/environment/ament_prefix_path.dsv
[0.827s] -- Up-to-date: /home/budiman/RIVAL/cdc/install/global_messages/share/global_messages/environment/path.sh
[0.827s] -- Up-to-date: /home/budiman/RIVAL/cdc/install/global_messages/share/global_messages/environment/path.dsv
[0.827s] -- Up-to-date: /home/budiman/RIVAL/cdc/install/global_messages/share/global_messages/local_setup.bash
[0.827s] -- Up-to-date: /home/budiman/RIVAL/cdc/install/global_messages/share/global_messages/local_setup.sh
[0.827s] -- Up-to-date: /home/budiman/RIVAL/cdc/install/global_messages/share/global_messages/local_setup.zsh
[0.827s] -- Up-to-date: /home/budiman/RIVAL/cdc/install/global_messages/share/global_messages/local_setup.dsv
[0.828s] -- Installing: /home/budiman/RIVAL/cdc/install/global_messages/share/global_messages/package.dsv
[0.828s] -- Up-to-date: /home/budiman/RIVAL/cdc/install/global_messages/share/ament_index/resource_index/packages/global_messages
[0.828s] -- Up-to-date: /home/budiman/RIVAL/cdc/install/global_messages/share/global_messages/cmake/export_global_messages__rosidl_generator_cExport.cmake
[0.828s] -- Up-to-date: /home/budiman/RIVAL/cdc/install/global_messages/share/global_messages/cmake/export_global_messages__rosidl_generator_cExport-noconfig.cmake
[0.828s] -- Up-to-date: /home/budiman/RIVAL/cdc/install/global_messages/share/global_messages/cmake/export_global_messages__rosidl_typesupport_fastrtps_cExport.cmake
[0.828s] -- Up-to-date: /home/budiman/RIVAL/cdc/install/global_messages/share/global_messages/cmake/export_global_messages__rosidl_typesupport_fastrtps_cExport-noconfig.cmake
[0.828s] -- Up-to-date: /home/budiman/RIVAL/cdc/install/global_messages/share/global_messages/cmake/export_global_messages__rosidl_generator_cppExport.cmake
[0.828s] -- Up-to-date: /home/budiman/RIVAL/cdc/install/global_messages/share/global_messages/cmake/export_global_messages__rosidl_typesupport_fastrtps_cppExport.cmake
[0.829s] -- Up-to-date: /home/budiman/RIVAL/cdc/install/global_messages/share/global_messages/cmake/export_global_messages__rosidl_typesupport_fastrtps_cppExport-noconfig.cmake
[0.829s] -- Up-to-date: /home/budiman/RIVAL/cdc/install/global_messages/share/global_messages/cmake/global_messages__rosidl_typesupport_introspection_cExport.cmake
[0.829s] -- Up-to-date: /home/budiman/RIVAL/cdc/install/global_messages/share/global_messages/cmake/global_messages__rosidl_typesupport_introspection_cExport-noconfig.cmake
[0.829s] -- Up-to-date: /home/budiman/RIVAL/cdc/install/global_messages/share/global_messages/cmake/global_messages__rosidl_typesupport_cExport.cmake
[0.829s] -- Up-to-date: /home/budiman/RIVAL/cdc/install/global_messages/share/global_messages/cmake/global_messages__rosidl_typesupport_cExport-noconfig.cmake
[0.829s] -- Up-to-date: /home/budiman/RIVAL/cdc/install/global_messages/share/global_messages/cmake/global_messages__rosidl_typesupport_introspection_cppExport.cmake
[0.829s] -- Up-to-date: /home/budiman/RIVAL/cdc/install/global_messages/share/global_messages/cmake/global_messages__rosidl_typesupport_introspection_cppExport-noconfig.cmake
[0.829s] -- Up-to-date: /home/budiman/RIVAL/cdc/install/global_messages/share/global_messages/cmake/global_messages__rosidl_typesupport_cppExport.cmake
[0.829s] -- Up-to-date: /home/budiman/RIVAL/cdc/install/global_messages/share/global_messages/cmake/global_messages__rosidl_typesupport_cppExport-noconfig.cmake
[0.829s] -- Up-to-date: /home/budiman/RIVAL/cdc/install/global_messages/share/global_messages/cmake/export_global_messages__rosidl_generator_pyExport.cmake
[0.829s] -- Up-to-date: /home/budiman/RIVAL/cdc/install/global_messages/share/global_messages/cmake/export_global_messages__rosidl_generator_pyExport-noconfig.cmake
[0.829s] -- Up-to-date: /home/budiman/RIVAL/cdc/install/global_messages/share/global_messages/cmake/rosidl_cmake-extras.cmake
[0.830s] -- Up-to-date: /home/budiman/RIVAL/cdc/install/global_messages/share/global_messages/cmake/ament_cmake_export_dependencies-extras.cmake
[0.830s] -- Up-to-date: /home/budiman/RIVAL/cdc/install/global_messages/share/global_messages/cmake/ament_cmake_export_include_directories-extras.cmake
[0.830s] -- Up-to-date: /home/budiman/RIVAL/cdc/install/global_messages/share/global_messages/cmake/ament_cmake_export_libraries-extras.cmake
[0.830s] -- Up-to-date: /home/budiman/RIVAL/cdc/install/global_messages/share/global_messages/cmake/ament_cmake_export_targets-extras.cmake
[0.830s] -- Up-to-date: /home/budiman/RIVAL/cdc/install/global_messages/share/global_messages/cmake/rosidl_cmake_export_typesupport_targets-extras.cmake
[0.830s] -- Up-to-date: /home/budiman/RIVAL/cdc/install/global_messages/share/global_messages/cmake/rosidl_cmake_export_typesupport_libraries-extras.cmake
[0.830s] -- Up-to-date: /home/budiman/RIVAL/cdc/install/global_messages/share/global_messages/cmake/global_messagesConfig.cmake
[0.830s] -- Up-to-date: /home/budiman/RIVAL/cdc/install/global_messages/share/global_messages/cmake/global_messagesConfig-version.cmake
[0.830s] -- Up-to-date: /home/budiman/RIVAL/cdc/install/global_messages/share/global_messages/package.xml
[0.832s] Invoked command in '/home/budiman/RIVAL/cdc/build/global_messages' returned '0': CMAKE_PREFIX_PATH=/opt/ros/humble /usr/bin/cmake --install /home/budiman/RIVAL/cdc/build/global_messages
