[0.086s] DEBUG:colcon:Command line arguments: ['/usr/bin/colcon', 'build']
[0.086s] DEBUG:colcon:Parsed command line arguments: Namespace(log_base=None, log_level=None, verb_name='build', build_base='build', install_base='install', merge_install=False, symlink_install=False, test_result_base=None, continue_on_error=False, executor='parallel', parallel_workers=8, event_handlers=None, ignore_user_meta=False, metas=['./colcon.meta'], base_paths=['.'], packages_ignore=None, packages_ignore_regex=None, paths=None, packages_up_to=None, packages_up_to_regex=None, packages_above=None, packages_above_and_dependencies=None, packages_above_depth=None, packages_select_by_dep=None, packages_skip_by_dep=None, packages_skip_up_to=None, packages_select_build_failed=False, packages_skip_build_finished=False, packages_select_test_failures=False, packages_skip_test_passed=False, packages_select=None, packages_skip=None, packages_select_regex=None, packages_skip_regex=None, packages_start=None, packages_end=None, allow_overriding=[], cmake_args=None, cmake_target=None, cmake_target_skip_unavailable=False, cmake_clean_cache=False, cmake_clean_first=False, cmake_force_configure=False, ament_cmake_args=None, catkin_cmake_args=None, catkin_skip_building_tests=False, mixin_files=None, mixin=None, verb_parser=<colcon_mixin.mixin.mixin_argument.MixinArgumentDecorator object at 0x7f76baa4e500>, verb_extension=<colcon_core.verb.build.BuildVerb object at 0x7f76baa4df90>, main=<bound method BuildVerb.main of <colcon_core.verb.build.BuildVerb object at 0x7f76baa4df90>>, mixin_verb=('build',))
[0.227s] Level 1:colcon.colcon_core.package_discovery:discover_packages(colcon_meta) check parameters
[0.227s] Level 1:colcon.colcon_core.package_discovery:discover_packages(recursive) check parameters
[0.227s] Level 1:colcon.colcon_core.package_discovery:discover_packages(ignore) check parameters
[0.227s] Level 1:colcon.colcon_core.package_discovery:discover_packages(path) check parameters
[0.227s] Level 1:colcon.colcon_core.package_discovery:discover_packages(colcon_meta) discover
[0.227s] Level 1:colcon.colcon_core.package_discovery:discover_packages(recursive) discover
[0.227s] INFO:colcon.colcon_core.package_discovery:Crawling recursively for packages in '/home/budiman/RIVAL/cdc'
[0.227s] Level 1:colcon.colcon_core.package_identification:_identify(.) by extensions ['ignore', 'ignore_ament_install']
[0.227s] Level 1:colcon.colcon_core.package_identification:_identify(.) by extension 'ignore'
[0.227s] Level 1:colcon.colcon_core.package_identification:_identify(.) by extension 'ignore_ament_install'
[0.227s] Level 1:colcon.colcon_core.package_identification:_identify(.) by extensions ['colcon_pkg']
[0.227s] Level 1:colcon.colcon_core.package_identification:_identify(.) by extension 'colcon_pkg'
[0.227s] Level 1:colcon.colcon_core.package_identification:_identify(.) by extensions ['colcon_meta']
[0.228s] Level 1:colcon.colcon_core.package_identification:_identify(.) by extension 'colcon_meta'
[0.228s] Level 1:colcon.colcon_core.package_identification:_identify(.) by extensions ['ros']
[0.228s] Level 1:colcon.colcon_core.package_identification:_identify(.) by extension 'ros'
[0.236s] Level 1:colcon.colcon_core.package_identification:_identify(.) by extensions ['cmake', 'python']
[0.236s] Level 1:colcon.colcon_core.package_identification:_identify(.) by extension 'cmake'
[0.236s] Level 1:colcon.colcon_core.package_identification:_identify(.) by extension 'python'
[0.236s] Level 1:colcon.colcon_core.package_identification:_identify(.) by extensions ['python_setup_py']
[0.236s] Level 1:colcon.colcon_core.package_identification:_identify(.) by extension 'python_setup_py'
[0.236s] Level 1:colcon.colcon_core.package_identification:_identify(build) by extensions ['ignore', 'ignore_ament_install']
[0.236s] Level 1:colcon.colcon_core.package_identification:_identify(build) by extension 'ignore'
[0.236s] Level 1:colcon.colcon_core.package_identification:_identify(build) ignored
[0.236s] Level 1:colcon.colcon_core.package_identification:_identify(install) by extensions ['ignore', 'ignore_ament_install']
[0.237s] Level 1:colcon.colcon_core.package_identification:_identify(install) by extension 'ignore'
[0.237s] Level 1:colcon.colcon_core.package_identification:_identify(install) ignored
[0.237s] Level 1:colcon.colcon_core.package_identification:_identify(log) by extensions ['ignore', 'ignore_ament_install']
[0.237s] Level 1:colcon.colcon_core.package_identification:_identify(log) by extension 'ignore'
[0.237s] Level 1:colcon.colcon_core.package_identification:_identify(log) ignored
[0.237s] Level 1:colcon.colcon_core.package_identification:_identify(src) by extensions ['ignore', 'ignore_ament_install']
[0.237s] Level 1:colcon.colcon_core.package_identification:_identify(src) by extension 'ignore'
[0.237s] Level 1:colcon.colcon_core.package_identification:_identify(src) by extension 'ignore_ament_install'
[0.237s] Level 1:colcon.colcon_core.package_identification:_identify(src) by extensions ['colcon_pkg']
[0.237s] Level 1:colcon.colcon_core.package_identification:_identify(src) by extension 'colcon_pkg'
[0.237s] Level 1:colcon.colcon_core.package_identification:_identify(src) by extensions ['colcon_meta']
[0.237s] Level 1:colcon.colcon_core.package_identification:_identify(src) by extension 'colcon_meta'
[0.237s] Level 1:colcon.colcon_core.package_identification:_identify(src) by extensions ['ros']
[0.237s] Level 1:colcon.colcon_core.package_identification:_identify(src) by extension 'ros'
[0.237s] Level 1:colcon.colcon_core.package_identification:_identify(src) by extensions ['cmake', 'python']
[0.237s] Level 1:colcon.colcon_core.package_identification:_identify(src) by extension 'cmake'
[0.237s] Level 1:colcon.colcon_core.package_identification:_identify(src) by extension 'python'
[0.237s] Level 1:colcon.colcon_core.package_identification:_identify(src) by extensions ['python_setup_py']
[0.237s] Level 1:colcon.colcon_core.package_identification:_identify(src) by extension 'python_setup_py'
[0.237s] Level 1:colcon.colcon_core.package_identification:_identify(src/global_messages) by extensions ['ignore', 'ignore_ament_install']
[0.237s] Level 1:colcon.colcon_core.package_identification:_identify(src/global_messages) by extension 'ignore'
[0.237s] Level 1:colcon.colcon_core.package_identification:_identify(src/global_messages) by extension 'ignore_ament_install'
[0.237s] Level 1:colcon.colcon_core.package_identification:_identify(src/global_messages) by extensions ['colcon_pkg']
[0.237s] Level 1:colcon.colcon_core.package_identification:_identify(src/global_messages) by extension 'colcon_pkg'
[0.238s] Level 1:colcon.colcon_core.package_identification:_identify(src/global_messages) by extensions ['colcon_meta']
[0.238s] Level 1:colcon.colcon_core.package_identification:_identify(src/global_messages) by extension 'colcon_meta'
[0.238s] Level 1:colcon.colcon_core.package_identification:_identify(src/global_messages) by extensions ['ros']
[0.238s] Level 1:colcon.colcon_core.package_identification:_identify(src/global_messages) by extension 'ros'
[0.240s] DEBUG:colcon.colcon_core.package_identification:Package 'src/global_messages' with type 'ros.ament_cmake' and name 'global_messages'
[0.240s] Level 1:colcon.colcon_core.package_identification:_identify(src/pkg1) by extensions ['ignore', 'ignore_ament_install']
[0.240s] Level 1:colcon.colcon_core.package_identification:_identify(src/pkg1) by extension 'ignore'
[0.240s] Level 1:colcon.colcon_core.package_identification:_identify(src/pkg1) by extension 'ignore_ament_install'
[0.240s] Level 1:colcon.colcon_core.package_identification:_identify(src/pkg1) by extensions ['colcon_pkg']
[0.240s] Level 1:colcon.colcon_core.package_identification:_identify(src/pkg1) by extension 'colcon_pkg'
[0.240s] Level 1:colcon.colcon_core.package_identification:_identify(src/pkg1) by extensions ['colcon_meta']
[0.240s] Level 1:colcon.colcon_core.package_identification:_identify(src/pkg1) by extension 'colcon_meta'
[0.241s] Level 1:colcon.colcon_core.package_identification:_identify(src/pkg1) by extensions ['ros']
[0.241s] Level 1:colcon.colcon_core.package_identification:_identify(src/pkg1) by extension 'ros'
[0.241s] DEBUG:colcon.colcon_core.package_identification:Package 'src/pkg1' with type 'ros.ament_cmake' and name 'pkg1'
[0.241s] Level 1:colcon.colcon_core.package_discovery:discover_packages(recursive) using defaults
[0.241s] Level 1:colcon.colcon_core.package_discovery:discover_packages(ignore) discover
[0.241s] Level 1:colcon.colcon_core.package_discovery:discover_packages(ignore) using defaults
[0.241s] Level 1:colcon.colcon_core.package_discovery:discover_packages(path) discover
[0.241s] Level 1:colcon.colcon_core.package_discovery:discover_packages(path) using defaults
[0.264s] Level 1:colcon.colcon_core.package_discovery:discover_packages(prefix_path) check parameters
[0.264s] Level 1:colcon.colcon_core.package_discovery:discover_packages(prefix_path) discover
[0.266s] DEBUG:colcon.colcon_installed_package_information.package_discovery:Found 329 installed packages in /opt/ros/humble
[0.267s] Level 1:colcon.colcon_core.package_discovery:discover_packages(prefix_path) using defaults
[0.300s] Level 5:colcon.colcon_core.verb:set package 'global_messages' build argument 'cmake_args' from command line to 'None'
[0.300s] Level 5:colcon.colcon_core.verb:set package 'global_messages' build argument 'cmake_target' from command line to 'None'
[0.300s] Level 5:colcon.colcon_core.verb:set package 'global_messages' build argument 'cmake_target_skip_unavailable' from command line to 'False'
[0.300s] Level 5:colcon.colcon_core.verb:set package 'global_messages' build argument 'cmake_clean_cache' from command line to 'False'
[0.300s] Level 5:colcon.colcon_core.verb:set package 'global_messages' build argument 'cmake_clean_first' from command line to 'False'
[0.300s] Level 5:colcon.colcon_core.verb:set package 'global_messages' build argument 'cmake_force_configure' from command line to 'False'
[0.300s] Level 5:colcon.colcon_core.verb:set package 'global_messages' build argument 'ament_cmake_args' from command line to 'None'
[0.300s] Level 5:colcon.colcon_core.verb:set package 'global_messages' build argument 'catkin_cmake_args' from command line to 'None'
[0.300s] Level 5:colcon.colcon_core.verb:set package 'global_messages' build argument 'catkin_skip_building_tests' from command line to 'False'
[0.300s] DEBUG:colcon.colcon_core.verb:Building package 'global_messages' with the following arguments: {'ament_cmake_args': None, 'build_base': '/home/budiman/RIVAL/cdc/build/global_messages', 'catkin_cmake_args': None, 'catkin_skip_building_tests': False, 'cmake_args': None, 'cmake_clean_cache': False, 'cmake_clean_first': False, 'cmake_force_configure': False, 'cmake_target': None, 'cmake_target_skip_unavailable': False, 'install_base': '/home/budiman/RIVAL/cdc/install/global_messages', 'merge_install': False, 'path': '/home/budiman/RIVAL/cdc/src/global_messages', 'symlink_install': False, 'test_result_base': None}
[0.300s] Level 5:colcon.colcon_core.verb:set package 'pkg1' build argument 'cmake_args' from command line to 'None'
[0.300s] Level 5:colcon.colcon_core.verb:set package 'pkg1' build argument 'cmake_target' from command line to 'None'
[0.300s] Level 5:colcon.colcon_core.verb:set package 'pkg1' build argument 'cmake_target_skip_unavailable' from command line to 'False'
[0.300s] Level 5:colcon.colcon_core.verb:set package 'pkg1' build argument 'cmake_clean_cache' from command line to 'False'
[0.301s] Level 5:colcon.colcon_core.verb:set package 'pkg1' build argument 'cmake_clean_first' from command line to 'False'
[0.301s] Level 5:colcon.colcon_core.verb:set package 'pkg1' build argument 'cmake_force_configure' from command line to 'False'
[0.301s] Level 5:colcon.colcon_core.verb:set package 'pkg1' build argument 'ament_cmake_args' from command line to 'None'
[0.301s] Level 5:colcon.colcon_core.verb:set package 'pkg1' build argument 'catkin_cmake_args' from command line to 'None'
[0.301s] Level 5:colcon.colcon_core.verb:set package 'pkg1' build argument 'catkin_skip_building_tests' from command line to 'False'
[0.301s] DEBUG:colcon.colcon_core.verb:Building package 'pkg1' with the following arguments: {'ament_cmake_args': None, 'build_base': '/home/budiman/RIVAL/cdc/build/pkg1', 'catkin_cmake_args': None, 'catkin_skip_building_tests': False, 'cmake_args': None, 'cmake_clean_cache': False, 'cmake_clean_first': False, 'cmake_force_configure': False, 'cmake_target': None, 'cmake_target_skip_unavailable': False, 'install_base': '/home/budiman/RIVAL/cdc/install/pkg1', 'merge_install': False, 'path': '/home/budiman/RIVAL/cdc/src/pkg1', 'symlink_install': False, 'test_result_base': None}
[0.301s] INFO:colcon.colcon_core.executor:Executing jobs using 'parallel' executor
[0.302s] DEBUG:colcon.colcon_parallel_executor.executor.parallel:run_until_complete
[0.302s] INFO:colcon.colcon_ros.task.ament_cmake.build:Building ROS package in '/home/budiman/RIVAL/cdc/src/global_messages' with build type 'ament_cmake'
[0.302s] INFO:colcon.colcon_cmake.task.cmake.build:Building CMake package in '/home/budiman/RIVAL/cdc/src/global_messages'
[0.303s] INFO:colcon.colcon_core.plugin_system:Skipping extension 'colcon_core.shell.bat': Not used on non-Windows systems
[0.304s] INFO:colcon.colcon_core.shell:Skip shell extension 'powershell' for command environment: Not usable outside of PowerShell
[0.304s] DEBUG:colcon.colcon_core.shell:Skip shell extension 'dsv' for command environment
[0.309s] DEBUG:colcon.colcon_core.event_handler.log_command:Invoking command in '/home/budiman/RIVAL/cdc/build/global_messages': CMAKE_PREFIX_PATH=/opt/ros/humble /usr/bin/cmake /home/budiman/RIVAL/cdc/src/global_messages -DCMAKE_INSTALL_PREFIX=/home/budiman/RIVAL/cdc/install/global_messages
[1.775s] DEBUG:colcon.colcon_core.event_handler.log_command:Invoked command in '/home/budiman/RIVAL/cdc/build/global_messages' returned '0': CMAKE_PREFIX_PATH=/opt/ros/humble /usr/bin/cmake /home/budiman/RIVAL/cdc/src/global_messages -DCMAKE_INSTALL_PREFIX=/home/budiman/RIVAL/cdc/install/global_messages
[1.777s] DEBUG:colcon.colcon_core.event_handler.log_command:Invoking command in '/home/budiman/RIVAL/cdc/build/global_messages': CMAKE_PREFIX_PATH=/opt/ros/humble /usr/bin/cmake --build /home/budiman/RIVAL/cdc/build/global_messages -- -j8 -l8
[4.270s] DEBUG:colcon.colcon_core.event_handler.log_command:Invoked command in '/home/budiman/RIVAL/cdc/build/global_messages' returned '0': CMAKE_PREFIX_PATH=/opt/ros/humble /usr/bin/cmake --build /home/budiman/RIVAL/cdc/build/global_messages -- -j8 -l8
[4.276s] DEBUG:colcon.colcon_core.event_handler.log_command:Invoking command in '/home/budiman/RIVAL/cdc/build/global_messages': CMAKE_PREFIX_PATH=/opt/ros/humble /usr/bin/cmake --install /home/budiman/RIVAL/cdc/build/global_messages
[4.328s] Level 1:colcon.colcon_core.environment:create_environment_scripts_only(global_messages)
[4.329s] DEBUG:colcon.colcon_core.event_handler.log_command:Invoked command in '/home/budiman/RIVAL/cdc/build/global_messages' returned '0': CMAKE_PREFIX_PATH=/opt/ros/humble /usr/bin/cmake --install /home/budiman/RIVAL/cdc/build/global_messages
[4.330s] Level 1:colcon.colcon_core.environment:checking '/home/budiman/RIVAL/cdc/install/global_messages' for CMake module files
[4.331s] Level 1:colcon.colcon_core.environment:checking '/home/budiman/RIVAL/cdc/install/global_messages' for CMake config files
[4.331s] Level 1:colcon.colcon_core.shell:create_environment_hook('global_messages', 'cmake_prefix_path')
[4.331s] INFO:colcon.colcon_core.shell:Creating environment hook '/home/budiman/RIVAL/cdc/install/global_messages/share/global_messages/hook/cmake_prefix_path.ps1'
[4.332s] INFO:colcon.colcon_core.shell:Creating environment descriptor '/home/budiman/RIVAL/cdc/install/global_messages/share/global_messages/hook/cmake_prefix_path.dsv'
[4.332s] INFO:colcon.colcon_core.shell:Creating environment hook '/home/budiman/RIVAL/cdc/install/global_messages/share/global_messages/hook/cmake_prefix_path.sh'
[4.333s] Level 1:colcon.colcon_core.environment:checking '/home/budiman/RIVAL/cdc/install/global_messages/lib'
[4.333s] Level 1:colcon.colcon_core.shell:create_environment_hook('global_messages', 'ld_library_path_lib')
[4.333s] INFO:colcon.colcon_core.shell:Creating environment hook '/home/budiman/RIVAL/cdc/install/global_messages/share/global_messages/hook/ld_library_path_lib.ps1'
[4.333s] INFO:colcon.colcon_core.shell:Creating environment descriptor '/home/budiman/RIVAL/cdc/install/global_messages/share/global_messages/hook/ld_library_path_lib.dsv'
[4.333s] INFO:colcon.colcon_core.shell:Creating environment hook '/home/budiman/RIVAL/cdc/install/global_messages/share/global_messages/hook/ld_library_path_lib.sh'
[4.334s] Level 1:colcon.colcon_core.environment:checking '/home/budiman/RIVAL/cdc/install/global_messages/bin'
[4.334s] Level 1:colcon.colcon_core.environment:checking '/home/budiman/RIVAL/cdc/install/global_messages/lib/pkgconfig/global_messages.pc'
[4.334s] Level 1:colcon.colcon_core.environment:checking '/home/budiman/RIVAL/cdc/install/global_messages/lib/python3.10/site-packages'
[4.334s] Level 1:colcon.colcon_core.environment:checking '/home/budiman/RIVAL/cdc/install/global_messages/bin'
[4.334s] INFO:colcon.colcon_core.shell:Creating package script '/home/budiman/RIVAL/cdc/install/global_messages/share/global_messages/package.ps1'
[4.335s] INFO:colcon.colcon_core.shell:Creating package descriptor '/home/budiman/RIVAL/cdc/install/global_messages/share/global_messages/package.dsv'
[4.335s] INFO:colcon.colcon_core.shell:Creating package script '/home/budiman/RIVAL/cdc/install/global_messages/share/global_messages/package.sh'
[4.336s] INFO:colcon.colcon_core.shell:Creating package script '/home/budiman/RIVAL/cdc/install/global_messages/share/global_messages/package.bash'
[4.337s] INFO:colcon.colcon_core.shell:Creating package script '/home/budiman/RIVAL/cdc/install/global_messages/share/global_messages/package.zsh'
[4.337s] Level 1:colcon.colcon_core.environment:create_file_with_runtime_dependencies(/home/budiman/RIVAL/cdc/install/global_messages/share/colcon-core/packages/global_messages)
[4.337s] Level 1:colcon.colcon_core.environment:create_environment_scripts_only(global_messages)
[4.338s] Level 1:colcon.colcon_core.environment:checking '/home/budiman/RIVAL/cdc/install/global_messages' for CMake module files
[4.338s] Level 1:colcon.colcon_core.environment:checking '/home/budiman/RIVAL/cdc/install/global_messages' for CMake config files
[4.338s] Level 1:colcon.colcon_core.shell:create_environment_hook('global_messages', 'cmake_prefix_path')
[4.339s] INFO:colcon.colcon_core.shell:Creating environment hook '/home/budiman/RIVAL/cdc/install/global_messages/share/global_messages/hook/cmake_prefix_path.ps1'
[4.339s] INFO:colcon.colcon_core.shell:Creating environment descriptor '/home/budiman/RIVAL/cdc/install/global_messages/share/global_messages/hook/cmake_prefix_path.dsv'
[4.339s] INFO:colcon.colcon_core.shell:Creating environment hook '/home/budiman/RIVAL/cdc/install/global_messages/share/global_messages/hook/cmake_prefix_path.sh'
[4.340s] Level 1:colcon.colcon_core.environment:checking '/home/budiman/RIVAL/cdc/install/global_messages/lib'
[4.340s] Level 1:colcon.colcon_core.shell:create_environment_hook('global_messages', 'ld_library_path_lib')
[4.340s] INFO:colcon.colcon_core.shell:Creating environment hook '/home/budiman/RIVAL/cdc/install/global_messages/share/global_messages/hook/ld_library_path_lib.ps1'
[4.340s] INFO:colcon.colcon_core.shell:Creating environment descriptor '/home/budiman/RIVAL/cdc/install/global_messages/share/global_messages/hook/ld_library_path_lib.dsv'
[4.340s] INFO:colcon.colcon_core.shell:Creating environment hook '/home/budiman/RIVAL/cdc/install/global_messages/share/global_messages/hook/ld_library_path_lib.sh'
[4.341s] Level 1:colcon.colcon_core.environment:checking '/home/budiman/RIVAL/cdc/install/global_messages/bin'
[4.341s] Level 1:colcon.colcon_core.environment:checking '/home/budiman/RIVAL/cdc/install/global_messages/lib/pkgconfig/global_messages.pc'
[4.341s] Level 1:colcon.colcon_core.environment:checking '/home/budiman/RIVAL/cdc/install/global_messages/lib/python3.10/site-packages'
[4.341s] Level 1:colcon.colcon_core.environment:checking '/home/budiman/RIVAL/cdc/install/global_messages/bin'
[4.341s] INFO:colcon.colcon_core.shell:Creating package script '/home/budiman/RIVAL/cdc/install/global_messages/share/global_messages/package.ps1'
[4.342s] INFO:colcon.colcon_core.shell:Creating package descriptor '/home/budiman/RIVAL/cdc/install/global_messages/share/global_messages/package.dsv'
[4.342s] INFO:colcon.colcon_core.shell:Creating package script '/home/budiman/RIVAL/cdc/install/global_messages/share/global_messages/package.sh'
[4.342s] INFO:colcon.colcon_core.shell:Creating package script '/home/budiman/RIVAL/cdc/install/global_messages/share/global_messages/package.bash'
[4.343s] INFO:colcon.colcon_core.shell:Creating package script '/home/budiman/RIVAL/cdc/install/global_messages/share/global_messages/package.zsh'
[4.343s] Level 1:colcon.colcon_core.environment:create_file_with_runtime_dependencies(/home/budiman/RIVAL/cdc/install/global_messages/share/colcon-core/packages/global_messages)
[4.343s] INFO:colcon.colcon_ros.task.ament_cmake.build:Building ROS package in '/home/budiman/RIVAL/cdc/src/pkg1' with build type 'ament_cmake'
[4.343s] INFO:colcon.colcon_cmake.task.cmake.build:Building CMake package in '/home/budiman/RIVAL/cdc/src/pkg1'
[4.344s] INFO:colcon.colcon_core.shell:Skip shell extension 'powershell' for command environment: Not usable outside of PowerShell
[4.344s] DEBUG:colcon.colcon_core.shell:Skip shell extension 'dsv' for command environment
[4.350s] DEBUG:colcon.colcon_core.event_handler.log_command:Invoking command in '/home/budiman/RIVAL/cdc/build/pkg1': AMENT_PREFIX_PATH=/home/budiman/RIVAL/cdc/install/global_messages:${AMENT_PREFIX_PATH} CMAKE_PREFIX_PATH=/home/budiman/RIVAL/cdc/install/global_messages:/opt/ros/humble LD_LIBRARY_PATH=/home/budiman/RIVAL/cdc/install/global_messages/lib:${LD_LIBRARY_PATH} PYTHONPATH=/home/budiman/RIVAL/cdc/install/global_messages/local/lib/python3.10/dist-packages:${PYTHONPATH} /usr/bin/cmake /home/budiman/RIVAL/cdc/src/pkg1 -DCMAKE_INSTALL_PREFIX=/home/budiman/RIVAL/cdc/install/pkg1
[5.242s] DEBUG:colcon.colcon_core.event_handler.log_command:Invoked command in '/home/budiman/RIVAL/cdc/build/pkg1' returned '0': AMENT_PREFIX_PATH=/home/budiman/RIVAL/cdc/install/global_messages:${AMENT_PREFIX_PATH} CMAKE_PREFIX_PATH=/home/budiman/RIVAL/cdc/install/global_messages:/opt/ros/humble LD_LIBRARY_PATH=/home/budiman/RIVAL/cdc/install/global_messages/lib:${LD_LIBRARY_PATH} PYTHONPATH=/home/budiman/RIVAL/cdc/install/global_messages/local/lib/python3.10/dist-packages:${PYTHONPATH} /usr/bin/cmake /home/budiman/RIVAL/cdc/src/pkg1 -DCMAKE_INSTALL_PREFIX=/home/budiman/RIVAL/cdc/install/pkg1
[5.243s] DEBUG:colcon.colcon_core.event_handler.log_command:Invoking command in '/home/budiman/RIVAL/cdc/build/pkg1': AMENT_PREFIX_PATH=/home/budiman/RIVAL/cdc/install/global_messages:${AMENT_PREFIX_PATH} CMAKE_PREFIX_PATH=/home/budiman/RIVAL/cdc/install/global_messages:/opt/ros/humble LD_LIBRARY_PATH=/home/budiman/RIVAL/cdc/install/global_messages/lib:${LD_LIBRARY_PATH} PYTHONPATH=/home/budiman/RIVAL/cdc/install/global_messages/local/lib/python3.10/dist-packages:${PYTHONPATH} /usr/bin/cmake --build /home/budiman/RIVAL/cdc/build/pkg1 -- -j8 -l8
[12.268s] DEBUG:colcon.colcon_core.event_handler.log_command:Invoked command in '/home/budiman/RIVAL/cdc/build/pkg1' returned '0': AMENT_PREFIX_PATH=/home/budiman/RIVAL/cdc/install/global_messages:${AMENT_PREFIX_PATH} CMAKE_PREFIX_PATH=/home/budiman/RIVAL/cdc/install/global_messages:/opt/ros/humble LD_LIBRARY_PATH=/home/budiman/RIVAL/cdc/install/global_messages/lib:${LD_LIBRARY_PATH} PYTHONPATH=/home/budiman/RIVAL/cdc/install/global_messages/local/lib/python3.10/dist-packages:${PYTHONPATH} /usr/bin/cmake --build /home/budiman/RIVAL/cdc/build/pkg1 -- -j8 -l8
[12.272s] DEBUG:colcon.colcon_core.event_handler.log_command:Invoking command in '/home/budiman/RIVAL/cdc/build/pkg1': AMENT_PREFIX_PATH=/home/budiman/RIVAL/cdc/install/global_messages:${AMENT_PREFIX_PATH} CMAKE_PREFIX_PATH=/home/budiman/RIVAL/cdc/install/global_messages:/opt/ros/humble LD_LIBRARY_PATH=/home/budiman/RIVAL/cdc/install/global_messages/lib:${LD_LIBRARY_PATH} PYTHONPATH=/home/budiman/RIVAL/cdc/install/global_messages/local/lib/python3.10/dist-packages:${PYTHONPATH} /usr/bin/cmake --install /home/budiman/RIVAL/cdc/build/pkg1
[12.301s] Level 1:colcon.colcon_core.environment:create_environment_scripts_only(pkg1)
[12.302s] DEBUG:colcon.colcon_core.event_handler.log_command:Invoked command in '/home/budiman/RIVAL/cdc/build/pkg1' returned '0': AMENT_PREFIX_PATH=/home/budiman/RIVAL/cdc/install/global_messages:${AMENT_PREFIX_PATH} CMAKE_PREFIX_PATH=/home/budiman/RIVAL/cdc/install/global_messages:/opt/ros/humble LD_LIBRARY_PATH=/home/budiman/RIVAL/cdc/install/global_messages/lib:${LD_LIBRARY_PATH} PYTHONPATH=/home/budiman/RIVAL/cdc/install/global_messages/local/lib/python3.10/dist-packages:${PYTHONPATH} /usr/bin/cmake --install /home/budiman/RIVAL/cdc/build/pkg1
[12.302s] Level 1:colcon.colcon_core.environment:checking '/home/budiman/RIVAL/cdc/install/pkg1' for CMake module files
[12.303s] Level 1:colcon.colcon_core.environment:checking '/home/budiman/RIVAL/cdc/install/pkg1' for CMake config files
[12.303s] Level 1:colcon.colcon_core.shell:create_environment_hook('pkg1', 'cmake_prefix_path')
[12.304s] INFO:colcon.colcon_core.shell:Creating environment hook '/home/budiman/RIVAL/cdc/install/pkg1/share/pkg1/hook/cmake_prefix_path.ps1'
[12.304s] INFO:colcon.colcon_core.shell:Creating environment descriptor '/home/budiman/RIVAL/cdc/install/pkg1/share/pkg1/hook/cmake_prefix_path.dsv'
[12.305s] INFO:colcon.colcon_core.shell:Creating environment hook '/home/budiman/RIVAL/cdc/install/pkg1/share/pkg1/hook/cmake_prefix_path.sh'
[12.305s] Level 1:colcon.colcon_core.environment:checking '/home/budiman/RIVAL/cdc/install/pkg1/lib'
[12.306s] Level 1:colcon.colcon_core.environment:checking '/home/budiman/RIVAL/cdc/install/pkg1/bin'
[12.306s] Level 1:colcon.colcon_core.environment:checking '/home/budiman/RIVAL/cdc/install/pkg1/lib/pkgconfig/pkg1.pc'
[12.306s] Level 1:colcon.colcon_core.environment:checking '/home/budiman/RIVAL/cdc/install/pkg1/lib/python3.10/site-packages'
[12.306s] Level 1:colcon.colcon_core.environment:checking '/home/budiman/RIVAL/cdc/install/pkg1/bin'
[12.307s] INFO:colcon.colcon_core.shell:Creating package script '/home/budiman/RIVAL/cdc/install/pkg1/share/pkg1/package.ps1'
[12.307s] INFO:colcon.colcon_core.shell:Creating package descriptor '/home/budiman/RIVAL/cdc/install/pkg1/share/pkg1/package.dsv'
[12.308s] INFO:colcon.colcon_core.shell:Creating package script '/home/budiman/RIVAL/cdc/install/pkg1/share/pkg1/package.sh'
[12.309s] INFO:colcon.colcon_core.shell:Creating package script '/home/budiman/RIVAL/cdc/install/pkg1/share/pkg1/package.bash'
[12.309s] INFO:colcon.colcon_core.shell:Creating package script '/home/budiman/RIVAL/cdc/install/pkg1/share/pkg1/package.zsh'
[12.310s] Level 1:colcon.colcon_core.environment:create_file_with_runtime_dependencies(/home/budiman/RIVAL/cdc/install/pkg1/share/colcon-core/packages/pkg1)
[12.310s] Level 1:colcon.colcon_core.environment:create_environment_scripts_only(pkg1)
[12.311s] Level 1:colcon.colcon_core.environment:checking '/home/budiman/RIVAL/cdc/install/pkg1' for CMake module files
[12.311s] Level 1:colcon.colcon_core.environment:checking '/home/budiman/RIVAL/cdc/install/pkg1' for CMake config files
[12.311s] Level 1:colcon.colcon_core.shell:create_environment_hook('pkg1', 'cmake_prefix_path')
[12.312s] INFO:colcon.colcon_core.shell:Creating environment hook '/home/budiman/RIVAL/cdc/install/pkg1/share/pkg1/hook/cmake_prefix_path.ps1'
[12.312s] INFO:colcon.colcon_core.shell:Creating environment descriptor '/home/budiman/RIVAL/cdc/install/pkg1/share/pkg1/hook/cmake_prefix_path.dsv'
[12.313s] INFO:colcon.colcon_core.shell:Creating environment hook '/home/budiman/RIVAL/cdc/install/pkg1/share/pkg1/hook/cmake_prefix_path.sh'
[12.314s] Level 1:colcon.colcon_core.environment:checking '/home/budiman/RIVAL/cdc/install/pkg1/lib'
[12.314s] Level 1:colcon.colcon_core.environment:checking '/home/budiman/RIVAL/cdc/install/pkg1/bin'
[12.314s] Level 1:colcon.colcon_core.environment:checking '/home/budiman/RIVAL/cdc/install/pkg1/lib/pkgconfig/pkg1.pc'
[12.314s] Level 1:colcon.colcon_core.environment:checking '/home/budiman/RIVAL/cdc/install/pkg1/lib/python3.10/site-packages'
[12.315s] Level 1:colcon.colcon_core.environment:checking '/home/budiman/RIVAL/cdc/install/pkg1/bin'
[12.315s] INFO:colcon.colcon_core.shell:Creating package script '/home/budiman/RIVAL/cdc/install/pkg1/share/pkg1/package.ps1'
[12.316s] INFO:colcon.colcon_core.shell:Creating package descriptor '/home/budiman/RIVAL/cdc/install/pkg1/share/pkg1/package.dsv'
[12.316s] INFO:colcon.colcon_core.shell:Creating package script '/home/budiman/RIVAL/cdc/install/pkg1/share/pkg1/package.sh'
[12.317s] INFO:colcon.colcon_core.shell:Creating package script '/home/budiman/RIVAL/cdc/install/pkg1/share/pkg1/package.bash'
[12.318s] INFO:colcon.colcon_core.shell:Creating package script '/home/budiman/RIVAL/cdc/install/pkg1/share/pkg1/package.zsh'
[12.318s] Level 1:colcon.colcon_core.environment:create_file_with_runtime_dependencies(/home/budiman/RIVAL/cdc/install/pkg1/share/colcon-core/packages/pkg1)
[12.318s] DEBUG:colcon.colcon_parallel_executor.executor.parallel:closing loop
[12.319s] DEBUG:colcon.colcon_parallel_executor.executor.parallel:loop closed
[12.319s] DEBUG:colcon.colcon_parallel_executor.executor.parallel:run_until_complete finished with '0'
[12.319s] DEBUG:colcon.colcon_core.event_reactor:joining thread
[12.325s] INFO:colcon.colcon_core.plugin_system:Skipping extension 'colcon_notification.desktop_notification.terminal_notifier': Not used on non-Darwin systems
[12.326s] INFO:colcon.colcon_core.plugin_system:Skipping extension 'colcon_notification.desktop_notification.win32': Not used on non-Windows systems
[12.326s] INFO:colcon.colcon_notification.desktop_notification:Sending desktop notification using 'notify2'
[12.340s] DEBUG:colcon.colcon_core.event_reactor:joined thread
[12.340s] INFO:colcon.colcon_core.shell:Creating prefix script '/home/budiman/RIVAL/cdc/install/local_setup.ps1'
[12.342s] INFO:colcon.colcon_core.shell:Creating prefix util module '/home/budiman/RIVAL/cdc/install/_local_setup_util_ps1.py'
[12.344s] INFO:colcon.colcon_core.shell:Creating prefix chain script '/home/budiman/RIVAL/cdc/install/setup.ps1'
[12.345s] INFO:colcon.colcon_core.shell:Creating prefix script '/home/budiman/RIVAL/cdc/install/local_setup.sh'
[12.346s] INFO:colcon.colcon_core.shell:Creating prefix util module '/home/budiman/RIVAL/cdc/install/_local_setup_util_sh.py'
[12.347s] INFO:colcon.colcon_core.shell:Creating prefix chain script '/home/budiman/RIVAL/cdc/install/setup.sh'
[12.348s] INFO:colcon.colcon_core.shell:Creating prefix script '/home/budiman/RIVAL/cdc/install/local_setup.bash'
[12.348s] INFO:colcon.colcon_core.shell:Creating prefix chain script '/home/budiman/RIVAL/cdc/install/setup.bash'
[12.350s] INFO:colcon.colcon_core.shell:Creating prefix script '/home/budiman/RIVAL/cdc/install/local_setup.zsh'
[12.350s] INFO:colcon.colcon_core.shell:Creating prefix chain script '/home/budiman/RIVAL/cdc/install/setup.zsh'
