[4.570s] DEBUG:colcon:Command line arguments: ['/usr/bin/colcon', 'build']
[4.570s] DEBUG:colcon:Parsed command line arguments: Namespace(log_base=None, log_level=None, verb_name='build', build_base='build', install_base='install', merge_install=False, symlink_install=False, test_result_base=None, continue_on_error=False, executor='parallel', parallel_workers=8, event_handlers=None, ignore_user_meta=False, metas=['./colcon.meta'], base_paths=['.'], packages_ignore=None, packages_ignore_regex=None, paths=None, packages_up_to=None, packages_up_to_regex=None, packages_above=None, packages_above_and_dependencies=None, packages_above_depth=None, packages_select_by_dep=None, packages_skip_by_dep=None, packages_skip_up_to=None, packages_select_build_failed=False, packages_skip_build_finished=False, packages_select_test_failures=False, packages_skip_test_passed=False, packages_select=None, packages_skip=None, packages_select_regex=None, packages_skip_regex=None, packages_start=None, packages_end=None, allow_overriding=[], cmake_args=None, cmake_target=None, cmake_target_skip_unavailable=False, cmake_clean_cache=False, cmake_clean_first=False, cmake_force_configure=False, ament_cmake_args=None, catkin_cmake_args=None, catkin_skip_building_tests=False, mixin_files=None, mixin=None, verb_parser=<colcon_mixin.mixin.mixin_argument.MixinArgumentDecorator object at 0x78c3b8a5ae00>, verb_extension=<colcon_core.verb.build.BuildVerb object at 0x78c3b8a5a890>, main=<bound method BuildVerb.main of <colcon_core.verb.build.BuildVerb object at 0x78c3b8a5a890>>, mixin_verb=('build',))
[9.641s] Level 1:colcon.colcon_core.package_discovery:discover_packages(colcon_meta) check parameters
[9.641s] Level 1:colcon.colcon_core.package_discovery:discover_packages(recursive) check parameters
[9.641s] Level 1:colcon.colcon_core.package_discovery:discover_packages(ignore) check parameters
[9.642s] Level 1:colcon.colcon_core.package_discovery:discover_packages(path) check parameters
[9.642s] Level 1:colcon.colcon_core.package_discovery:discover_packages(colcon_meta) discover
[9.642s] Level 1:colcon.colcon_core.package_discovery:discover_packages(recursive) discover
[9.642s] INFO:colcon.colcon_core.package_discovery:Crawling recursively for packages in '/home/budiman/RIVAL/cdc'
[9.642s] Level 1:colcon.colcon_core.package_identification:_identify(.) by extensions ['ignore', 'ignore_ament_install']
[9.643s] Level 1:colcon.colcon_core.package_identification:_identify(.) by extension 'ignore'
[9.643s] Level 1:colcon.colcon_core.package_identification:_identify(.) by extension 'ignore_ament_install'
[9.643s] Level 1:colcon.colcon_core.package_identification:_identify(.) by extensions ['colcon_pkg']
[9.643s] Level 1:colcon.colcon_core.package_identification:_identify(.) by extension 'colcon_pkg'
[9.644s] Level 1:colcon.colcon_core.package_identification:_identify(.) by extensions ['colcon_meta']
[9.644s] Level 1:colcon.colcon_core.package_identification:_identify(.) by extension 'colcon_meta'
[9.644s] Level 1:colcon.colcon_core.package_identification:_identify(.) by extensions ['ros']
[9.644s] Level 1:colcon.colcon_core.package_identification:_identify(.) by extension 'ros'
[9.737s] Level 1:colcon.colcon_core.package_identification:_identify(.) by extensions ['cmake', 'python']
[9.738s] Level 1:colcon.colcon_core.package_identification:_identify(.) by extension 'cmake'
[9.738s] Level 1:colcon.colcon_core.package_identification:_identify(.) by extension 'python'
[9.738s] Level 1:colcon.colcon_core.package_identification:_identify(.) by extensions ['python_setup_py']
[9.738s] Level 1:colcon.colcon_core.package_identification:_identify(.) by extension 'python_setup_py'
[9.738s] Level 1:colcon.colcon_core.package_identification:_identify(build) by extensions ['ignore', 'ignore_ament_install']
[9.739s] Level 1:colcon.colcon_core.package_identification:_identify(build) by extension 'ignore'
[9.739s] Level 1:colcon.colcon_core.package_identification:_identify(build) ignored
[9.739s] Level 1:colcon.colcon_core.package_identification:_identify(install) by extensions ['ignore', 'ignore_ament_install']
[9.739s] Level 1:colcon.colcon_core.package_identification:_identify(install) by extension 'ignore'
[9.739s] Level 1:colcon.colcon_core.package_identification:_identify(install) ignored
[9.740s] Level 1:colcon.colcon_core.package_identification:_identify(log) by extensions ['ignore', 'ignore_ament_install']
[9.740s] Level 1:colcon.colcon_core.package_identification:_identify(log) by extension 'ignore'
[9.740s] Level 1:colcon.colcon_core.package_identification:_identify(log) ignored
[9.740s] Level 1:colcon.colcon_core.package_identification:_identify(src) by extensions ['ignore', 'ignore_ament_install']
[9.740s] Level 1:colcon.colcon_core.package_identification:_identify(src) by extension 'ignore'
[9.740s] Level 1:colcon.colcon_core.package_identification:_identify(src) by extension 'ignore_ament_install'
[9.741s] Level 1:colcon.colcon_core.package_identification:_identify(src) by extensions ['colcon_pkg']
[9.741s] Level 1:colcon.colcon_core.package_identification:_identify(src) by extension 'colcon_pkg'
[9.741s] Level 1:colcon.colcon_core.package_identification:_identify(src) by extensions ['colcon_meta']
[9.741s] Level 1:colcon.colcon_core.package_identification:_identify(src) by extension 'colcon_meta'
[9.741s] Level 1:colcon.colcon_core.package_identification:_identify(src) by extensions ['ros']
[9.741s] Level 1:colcon.colcon_core.package_identification:_identify(src) by extension 'ros'
[9.741s] Level 1:colcon.colcon_core.package_identification:_identify(src) by extensions ['cmake', 'python']
[9.741s] Level 1:colcon.colcon_core.package_identification:_identify(src) by extension 'cmake'
[9.741s] Level 1:colcon.colcon_core.package_identification:_identify(src) by extension 'python'
[9.742s] Level 1:colcon.colcon_core.package_identification:_identify(src) by extensions ['python_setup_py']
[9.742s] Level 1:colcon.colcon_core.package_identification:_identify(src) by extension 'python_setup_py'
[9.742s] Level 1:colcon.colcon_core.package_identification:_identify(src/global_messages) by extensions ['ignore', 'ignore_ament_install']
[9.742s] Level 1:colcon.colcon_core.package_identification:_identify(src/global_messages) by extension 'ignore'
[9.742s] Level 1:colcon.colcon_core.package_identification:_identify(src/global_messages) by extension 'ignore_ament_install'
[9.742s] Level 1:colcon.colcon_core.package_identification:_identify(src/global_messages) by extensions ['colcon_pkg']
[9.742s] Level 1:colcon.colcon_core.package_identification:_identify(src/global_messages) by extension 'colcon_pkg'
[9.743s] Level 1:colcon.colcon_core.package_identification:_identify(src/global_messages) by extensions ['colcon_meta']
[9.743s] Level 1:colcon.colcon_core.package_identification:_identify(src/global_messages) by extension 'colcon_meta'
[9.743s] Level 1:colcon.colcon_core.package_identification:_identify(src/global_messages) by extensions ['ros']
[9.743s] Level 1:colcon.colcon_core.package_identification:_identify(src/global_messages) by extension 'ros'
[9.785s] DEBUG:colcon.colcon_core.package_identification:Package 'src/global_messages' with type 'ros.ament_cmake' and name 'global_messages'
[9.785s] Level 1:colcon.colcon_core.package_identification:_identify(src/pkg1) by extensions ['ignore', 'ignore_ament_install']
[9.785s] Level 1:colcon.colcon_core.package_identification:_identify(src/pkg1) by extension 'ignore'
[9.785s] Level 1:colcon.colcon_core.package_identification:_identify(src/pkg1) by extension 'ignore_ament_install'
[9.786s] Level 1:colcon.colcon_core.package_identification:_identify(src/pkg1) by extensions ['colcon_pkg']
[9.786s] Level 1:colcon.colcon_core.package_identification:_identify(src/pkg1) by extension 'colcon_pkg'
[9.786s] Level 1:colcon.colcon_core.package_identification:_identify(src/pkg1) by extensions ['colcon_meta']
[9.786s] Level 1:colcon.colcon_core.package_identification:_identify(src/pkg1) by extension 'colcon_meta'
[9.786s] Level 1:colcon.colcon_core.package_identification:_identify(src/pkg1) by extensions ['ros']
[9.786s] Level 1:colcon.colcon_core.package_identification:_identify(src/pkg1) by extension 'ros'
[9.797s] DEBUG:colcon.colcon_core.package_identification:Package 'src/pkg1' with type 'ros.ament_cmake' and name 'pkg1'
[9.798s] Level 1:colcon.colcon_core.package_discovery:discover_packages(recursive) using defaults
[9.798s] Level 1:colcon.colcon_core.package_discovery:discover_packages(ignore) discover
[9.798s] Level 1:colcon.colcon_core.package_discovery:discover_packages(ignore) using defaults
[9.798s] Level 1:colcon.colcon_core.package_discovery:discover_packages(path) discover
[9.798s] Level 1:colcon.colcon_core.package_discovery:discover_packages(path) using defaults
[10.114s] Level 1:colcon.colcon_core.package_discovery:discover_packages(prefix_path) check parameters
[10.114s] Level 1:colcon.colcon_core.package_discovery:discover_packages(prefix_path) discover
[10.154s] DEBUG:colcon.colcon_installed_package_information.package_discovery:Found 369 installed packages in /opt/ros/humble
[10.159s] Level 1:colcon.colcon_core.package_discovery:discover_packages(prefix_path) using defaults
[13.105s] Level 5:colcon.colcon_core.verb:set package 'global_messages' build argument 'cmake_args' from command line to 'None'
[13.105s] Level 5:colcon.colcon_core.verb:set package 'global_messages' build argument 'cmake_target' from command line to 'None'
[13.105s] Level 5:colcon.colcon_core.verb:set package 'global_messages' build argument 'cmake_target_skip_unavailable' from command line to 'False'
[13.105s] Level 5:colcon.colcon_core.verb:set package 'global_messages' build argument 'cmake_clean_cache' from command line to 'False'
[13.105s] Level 5:colcon.colcon_core.verb:set package 'global_messages' build argument 'cmake_clean_first' from command line to 'False'
[13.105s] Level 5:colcon.colcon_core.verb:set package 'global_messages' build argument 'cmake_force_configure' from command line to 'False'
[13.105s] Level 5:colcon.colcon_core.verb:set package 'global_messages' build argument 'ament_cmake_args' from command line to 'None'
[13.105s] Level 5:colcon.colcon_core.verb:set package 'global_messages' build argument 'catkin_cmake_args' from command line to 'None'
[13.105s] Level 5:colcon.colcon_core.verb:set package 'global_messages' build argument 'catkin_skip_building_tests' from command line to 'False'
[13.105s] DEBUG:colcon.colcon_core.verb:Building package 'global_messages' with the following arguments: {'ament_cmake_args': None, 'build_base': '/home/budiman/RIVAL/cdc/build/global_messages', 'catkin_cmake_args': None, 'catkin_skip_building_tests': False, 'cmake_args': None, 'cmake_clean_cache': False, 'cmake_clean_first': False, 'cmake_force_configure': False, 'cmake_target': None, 'cmake_target_skip_unavailable': False, 'install_base': '/home/budiman/RIVAL/cdc/install/global_messages', 'merge_install': False, 'path': '/home/budiman/RIVAL/cdc/src/global_messages', 'symlink_install': False, 'test_result_base': None}
[13.106s] Level 5:colcon.colcon_core.verb:set package 'pkg1' build argument 'cmake_args' from command line to 'None'
[13.106s] Level 5:colcon.colcon_core.verb:set package 'pkg1' build argument 'cmake_target' from command line to 'None'
[13.106s] Level 5:colcon.colcon_core.verb:set package 'pkg1' build argument 'cmake_target_skip_unavailable' from command line to 'False'
[13.106s] Level 5:colcon.colcon_core.verb:set package 'pkg1' build argument 'cmake_clean_cache' from command line to 'False'
[13.106s] Level 5:colcon.colcon_core.verb:set package 'pkg1' build argument 'cmake_clean_first' from command line to 'False'
[13.106s] Level 5:colcon.colcon_core.verb:set package 'pkg1' build argument 'cmake_force_configure' from command line to 'False'
[13.106s] Level 5:colcon.colcon_core.verb:set package 'pkg1' build argument 'ament_cmake_args' from command line to 'None'
[13.106s] Level 5:colcon.colcon_core.verb:set package 'pkg1' build argument 'catkin_cmake_args' from command line to 'None'
[13.106s] Level 5:colcon.colcon_core.verb:set package 'pkg1' build argument 'catkin_skip_building_tests' from command line to 'False'
[13.106s] DEBUG:colcon.colcon_core.verb:Building package 'pkg1' with the following arguments: {'ament_cmake_args': None, 'build_base': '/home/budiman/RIVAL/cdc/build/pkg1', 'catkin_cmake_args': None, 'catkin_skip_building_tests': False, 'cmake_args': None, 'cmake_clean_cache': False, 'cmake_clean_first': False, 'cmake_force_configure': False, 'cmake_target': None, 'cmake_target_skip_unavailable': False, 'install_base': '/home/budiman/RIVAL/cdc/install/pkg1', 'merge_install': False, 'path': '/home/budiman/RIVAL/cdc/src/pkg1', 'symlink_install': False, 'test_result_base': None}
[13.106s] INFO:colcon.colcon_core.executor:Executing jobs using 'parallel' executor
[13.107s] DEBUG:colcon.colcon_parallel_executor.executor.parallel:run_until_complete
[13.107s] INFO:colcon.colcon_ros.task.ament_cmake.build:Building ROS package in '/home/budiman/RIVAL/cdc/src/global_messages' with build type 'ament_cmake'
[13.107s] INFO:colcon.colcon_cmake.task.cmake.build:Building CMake package in '/home/budiman/RIVAL/cdc/src/global_messages'
[13.395s] INFO:colcon.colcon_core.plugin_system:Skipping extension 'colcon_core.shell.bat': Not used on non-Windows systems
[13.395s] INFO:colcon.colcon_core.shell:Skip shell extension 'powershell' for command environment: Not usable outside of PowerShell
[13.396s] DEBUG:colcon.colcon_core.shell:Skip shell extension 'dsv' for command environment
[13.488s] DEBUG:colcon.colcon_core.event_handler.log_command:Invoking command in '/home/budiman/RIVAL/cdc/build/global_messages': CMAKE_PREFIX_PATH=/opt/ros/humble /usr/bin/cmake --build /home/budiman/RIVAL/cdc/build/global_messages -- -j8 -l8
[15.316s] DEBUG:colcon.colcon_core.event_handler.log_command:Invoked command in '/home/budiman/RIVAL/cdc/build/global_messages' returned '0': CMAKE_PREFIX_PATH=/opt/ros/humble /usr/bin/cmake --build /home/budiman/RIVAL/cdc/build/global_messages -- -j8 -l8
[15.418s] DEBUG:colcon.colcon_core.event_handler.log_command:Invoking command in '/home/budiman/RIVAL/cdc/build/global_messages': CMAKE_PREFIX_PATH=/opt/ros/humble /usr/bin/cmake --install /home/budiman/RIVAL/cdc/build/global_messages
[15.713s] Level 1:colcon.colcon_core.environment:create_environment_scripts_only(global_messages)
[15.714s] DEBUG:colcon.colcon_core.event_handler.log_command:Invoked command in '/home/budiman/RIVAL/cdc/build/global_messages' returned '0': CMAKE_PREFIX_PATH=/opt/ros/humble /usr/bin/cmake --install /home/budiman/RIVAL/cdc/build/global_messages
[15.745s] Level 1:colcon.colcon_core.environment:checking '/home/budiman/RIVAL/cdc/install/global_messages' for CMake module files
[15.745s] Level 1:colcon.colcon_core.environment:checking '/home/budiman/RIVAL/cdc/install/global_messages' for CMake config files
[15.746s] Level 1:colcon.colcon_core.shell:create_environment_hook('global_messages', 'cmake_prefix_path')
[15.746s] INFO:colcon.colcon_core.shell:Creating environment hook '/home/budiman/RIVAL/cdc/install/global_messages/share/global_messages/hook/cmake_prefix_path.ps1'
[15.785s] INFO:colcon.colcon_core.shell:Creating environment descriptor '/home/budiman/RIVAL/cdc/install/global_messages/share/global_messages/hook/cmake_prefix_path.dsv'
[15.786s] INFO:colcon.colcon_core.shell:Creating environment hook '/home/budiman/RIVAL/cdc/install/global_messages/share/global_messages/hook/cmake_prefix_path.sh'
[15.790s] Level 1:colcon.colcon_core.environment:checking '/home/budiman/RIVAL/cdc/install/global_messages/lib'
[15.791s] Level 1:colcon.colcon_core.shell:create_environment_hook('global_messages', 'ld_library_path_lib')
[15.792s] INFO:colcon.colcon_core.shell:Creating environment hook '/home/budiman/RIVAL/cdc/install/global_messages/share/global_messages/hook/ld_library_path_lib.ps1'
[15.793s] INFO:colcon.colcon_core.shell:Creating environment descriptor '/home/budiman/RIVAL/cdc/install/global_messages/share/global_messages/hook/ld_library_path_lib.dsv'
[15.794s] INFO:colcon.colcon_core.shell:Creating environment hook '/home/budiman/RIVAL/cdc/install/global_messages/share/global_messages/hook/ld_library_path_lib.sh'
[15.796s] Level 1:colcon.colcon_core.environment:checking '/home/budiman/RIVAL/cdc/install/global_messages/bin'
[15.796s] Level 1:colcon.colcon_core.environment:checking '/home/budiman/RIVAL/cdc/install/global_messages/lib/pkgconfig/global_messages.pc'
[15.797s] Level 1:colcon.colcon_core.environment:checking '/home/budiman/RIVAL/cdc/install/global_messages/lib/python3.10/site-packages'
[15.798s] Level 1:colcon.colcon_core.environment:checking '/home/budiman/RIVAL/cdc/install/global_messages/bin'
[15.800s] INFO:colcon.colcon_core.shell:Creating package script '/home/budiman/RIVAL/cdc/install/global_messages/share/global_messages/package.ps1'
[15.825s] INFO:colcon.colcon_core.shell:Creating package descriptor '/home/budiman/RIVAL/cdc/install/global_messages/share/global_messages/package.dsv'
[15.827s] INFO:colcon.colcon_core.shell:Creating package script '/home/budiman/RIVAL/cdc/install/global_messages/share/global_messages/package.sh'
[15.831s] INFO:colcon.colcon_core.shell:Creating package script '/home/budiman/RIVAL/cdc/install/global_messages/share/global_messages/package.bash'
[15.908s] INFO:colcon.colcon_core.shell:Creating package script '/home/budiman/RIVAL/cdc/install/global_messages/share/global_messages/package.zsh'
[15.979s] Level 1:colcon.colcon_core.environment:create_file_with_runtime_dependencies(/home/budiman/RIVAL/cdc/install/global_messages/share/colcon-core/packages/global_messages)
[15.980s] Level 1:colcon.colcon_core.environment:create_environment_scripts_only(global_messages)
[15.980s] Level 1:colcon.colcon_core.environment:checking '/home/budiman/RIVAL/cdc/install/global_messages' for CMake module files
[15.980s] Level 1:colcon.colcon_core.environment:checking '/home/budiman/RIVAL/cdc/install/global_messages' for CMake config files
[15.981s] Level 1:colcon.colcon_core.shell:create_environment_hook('global_messages', 'cmake_prefix_path')
[15.981s] INFO:colcon.colcon_core.shell:Creating environment hook '/home/budiman/RIVAL/cdc/install/global_messages/share/global_messages/hook/cmake_prefix_path.ps1'
[15.981s] INFO:colcon.colcon_core.shell:Creating environment descriptor '/home/budiman/RIVAL/cdc/install/global_messages/share/global_messages/hook/cmake_prefix_path.dsv'
[15.982s] INFO:colcon.colcon_core.shell:Creating environment hook '/home/budiman/RIVAL/cdc/install/global_messages/share/global_messages/hook/cmake_prefix_path.sh'
[15.982s] Level 1:colcon.colcon_core.environment:checking '/home/budiman/RIVAL/cdc/install/global_messages/lib'
[15.982s] Level 1:colcon.colcon_core.shell:create_environment_hook('global_messages', 'ld_library_path_lib')
[15.982s] INFO:colcon.colcon_core.shell:Creating environment hook '/home/budiman/RIVAL/cdc/install/global_messages/share/global_messages/hook/ld_library_path_lib.ps1'
[15.983s] INFO:colcon.colcon_core.shell:Creating environment descriptor '/home/budiman/RIVAL/cdc/install/global_messages/share/global_messages/hook/ld_library_path_lib.dsv'
[15.983s] INFO:colcon.colcon_core.shell:Creating environment hook '/home/budiman/RIVAL/cdc/install/global_messages/share/global_messages/hook/ld_library_path_lib.sh'
[15.984s] Level 1:colcon.colcon_core.environment:checking '/home/budiman/RIVAL/cdc/install/global_messages/bin'
[15.984s] Level 1:colcon.colcon_core.environment:checking '/home/budiman/RIVAL/cdc/install/global_messages/lib/pkgconfig/global_messages.pc'
[15.984s] Level 1:colcon.colcon_core.environment:checking '/home/budiman/RIVAL/cdc/install/global_messages/lib/python3.10/site-packages'
[15.984s] Level 1:colcon.colcon_core.environment:checking '/home/budiman/RIVAL/cdc/install/global_messages/bin'
[15.985s] INFO:colcon.colcon_core.shell:Creating package script '/home/budiman/RIVAL/cdc/install/global_messages/share/global_messages/package.ps1'
[15.985s] INFO:colcon.colcon_core.shell:Creating package descriptor '/home/budiman/RIVAL/cdc/install/global_messages/share/global_messages/package.dsv'
[15.985s] INFO:colcon.colcon_core.shell:Creating package script '/home/budiman/RIVAL/cdc/install/global_messages/share/global_messages/package.sh'
[15.986s] INFO:colcon.colcon_core.shell:Creating package script '/home/budiman/RIVAL/cdc/install/global_messages/share/global_messages/package.bash'
[15.986s] INFO:colcon.colcon_core.shell:Creating package script '/home/budiman/RIVAL/cdc/install/global_messages/share/global_messages/package.zsh'
[15.986s] Level 1:colcon.colcon_core.environment:create_file_with_runtime_dependencies(/home/budiman/RIVAL/cdc/install/global_messages/share/colcon-core/packages/global_messages)
[15.987s] INFO:colcon.colcon_ros.task.ament_cmake.build:Building ROS package in '/home/budiman/RIVAL/cdc/src/pkg1' with build type 'ament_cmake'
[15.987s] INFO:colcon.colcon_cmake.task.cmake.build:Building CMake package in '/home/budiman/RIVAL/cdc/src/pkg1'
[15.987s] INFO:colcon.colcon_core.shell:Skip shell extension 'powershell' for command environment: Not usable outside of PowerShell
[15.987s] DEBUG:colcon.colcon_core.shell:Skip shell extension 'dsv' for command environment
[16.256s] DEBUG:colcon.colcon_core.event_handler.log_command:Invoking command in '/home/budiman/RIVAL/cdc/build/pkg1': AMENT_PREFIX_PATH=/home/budiman/RIVAL/cdc/install/global_messages:${AMENT_PREFIX_PATH} CMAKE_PREFIX_PATH=/home/budiman/RIVAL/cdc/install/global_messages:/opt/ros/humble LD_LIBRARY_PATH=/home/budiman/RIVAL/cdc/install/global_messages/lib:/usr/lib/x86_64-linux-gnu/gazebo-11/plugins:/opt/ros/humble/opt/rviz_ogre_vendor/lib:/opt/ros/humble/lib/x86_64-linux-gnu:/opt/ros/humble/opt/libphidget22/lib:/opt/ros/humble/lib:/usr/share/gazebo/../../lib/x86_64-linux-gnu/gazebo-11/plugins PYTHONPATH=/home/budiman/RIVAL/cdc/install/global_messages/local/lib/python3.10/dist-packages:${PYTHONPATH} /usr/bin/cmake --build /home/budiman/RIVAL/cdc/build/pkg1 -- -j8 -l8
[25.698s] DEBUG:colcon.colcon_core.event_handler.log_command:Invoked command in '/home/budiman/RIVAL/cdc/build/pkg1' returned '2': AMENT_PREFIX_PATH=/home/budiman/RIVAL/cdc/install/global_messages:${AMENT_PREFIX_PATH} CMAKE_PREFIX_PATH=/home/budiman/RIVAL/cdc/install/global_messages:/opt/ros/humble LD_LIBRARY_PATH=/home/budiman/RIVAL/cdc/install/global_messages/lib:/usr/lib/x86_64-linux-gnu/gazebo-11/plugins:/opt/ros/humble/opt/rviz_ogre_vendor/lib:/opt/ros/humble/lib/x86_64-linux-gnu:/opt/ros/humble/opt/libphidget22/lib:/opt/ros/humble/lib:/usr/share/gazebo/../../lib/x86_64-linux-gnu/gazebo-11/plugins PYTHONPATH=/home/budiman/RIVAL/cdc/install/global_messages/local/lib/python3.10/dist-packages:${PYTHONPATH} /usr/bin/cmake --build /home/budiman/RIVAL/cdc/build/pkg1 -- -j8 -l8
[26.021s] Level 1:colcon.colcon_core.environment:create_environment_scripts_only(pkg1)
[26.023s] Level 1:colcon.colcon_core.environment:checking '/home/budiman/RIVAL/cdc/install/pkg1' for CMake module files
[26.024s] Level 1:colcon.colcon_core.environment:checking '/home/budiman/RIVAL/cdc/install/pkg1' for CMake config files
[26.025s] Level 1:colcon.colcon_core.shell:create_environment_hook('pkg1', 'cmake_prefix_path')
[26.026s] INFO:colcon.colcon_core.shell:Creating environment hook '/home/budiman/RIVAL/cdc/install/pkg1/share/pkg1/hook/cmake_prefix_path.ps1'
[26.093s] INFO:colcon.colcon_core.shell:Creating environment descriptor '/home/budiman/RIVAL/cdc/install/pkg1/share/pkg1/hook/cmake_prefix_path.dsv'
[26.095s] INFO:colcon.colcon_core.shell:Creating environment hook '/home/budiman/RIVAL/cdc/install/pkg1/share/pkg1/hook/cmake_prefix_path.sh'
[26.097s] Level 1:colcon.colcon_core.environment:checking '/home/budiman/RIVAL/cdc/install/pkg1/lib'
[26.097s] Level 1:colcon.colcon_core.environment:checking '/home/budiman/RIVAL/cdc/install/pkg1/bin'
[26.097s] Level 1:colcon.colcon_core.environment:checking '/home/budiman/RIVAL/cdc/install/pkg1/lib/pkgconfig/pkg1.pc'
[26.098s] Level 1:colcon.colcon_core.environment:checking '/home/budiman/RIVAL/cdc/install/pkg1/lib/python3.10/site-packages'
[26.099s] Level 1:colcon.colcon_core.environment:checking '/home/budiman/RIVAL/cdc/install/pkg1/bin'
[26.100s] INFO:colcon.colcon_core.shell:Creating package script '/home/budiman/RIVAL/cdc/install/pkg1/share/pkg1/package.ps1'
[26.102s] INFO:colcon.colcon_core.shell:Creating package descriptor '/home/budiman/RIVAL/cdc/install/pkg1/share/pkg1/package.dsv'
[26.103s] INFO:colcon.colcon_core.shell:Creating package script '/home/budiman/RIVAL/cdc/install/pkg1/share/pkg1/package.sh'
[26.104s] INFO:colcon.colcon_core.shell:Creating package script '/home/budiman/RIVAL/cdc/install/pkg1/share/pkg1/package.bash'
[26.106s] INFO:colcon.colcon_core.shell:Creating package script '/home/budiman/RIVAL/cdc/install/pkg1/share/pkg1/package.zsh'
[26.107s] Level 1:colcon.colcon_core.environment:create_file_with_runtime_dependencies(/home/budiman/RIVAL/cdc/install/pkg1/share/colcon-core/packages/pkg1)
[26.118s] DEBUG:colcon.colcon_parallel_executor.executor.parallel:closing loop
[26.119s] DEBUG:colcon.colcon_parallel_executor.executor.parallel:loop closed
[26.119s] DEBUG:colcon.colcon_parallel_executor.executor.parallel:run_until_complete finished with '2'
[26.119s] DEBUG:colcon.colcon_core.event_reactor:joining thread
[27.730s] INFO:colcon.colcon_core.plugin_system:Skipping extension 'colcon_notification.desktop_notification.terminal_notifier': Not used on non-Darwin systems
[27.730s] INFO:colcon.colcon_core.plugin_system:Skipping extension 'colcon_notification.desktop_notification.win32': Not used on non-Windows systems
[27.730s] INFO:colcon.colcon_notification.desktop_notification:Sending desktop notification using 'notify2'
[36.151s] DEBUG:colcon.colcon_core.event_reactor:joined thread
[36.151s] INFO:colcon.colcon_core.shell:Creating prefix script '/home/budiman/RIVAL/cdc/install/local_setup.ps1'
[36.176s] INFO:colcon.colcon_core.shell:Creating prefix util module '/home/budiman/RIVAL/cdc/install/_local_setup_util_ps1.py'
[36.185s] INFO:colcon.colcon_core.shell:Creating prefix chain script '/home/budiman/RIVAL/cdc/install/setup.ps1'
[36.186s] INFO:colcon.colcon_core.shell:Creating prefix script '/home/budiman/RIVAL/cdc/install/local_setup.sh'
[36.206s] INFO:colcon.colcon_core.shell:Creating prefix util module '/home/budiman/RIVAL/cdc/install/_local_setup_util_sh.py'
[36.207s] INFO:colcon.colcon_core.shell:Creating prefix chain script '/home/budiman/RIVAL/cdc/install/setup.sh'
[36.208s] INFO:colcon.colcon_core.shell:Creating prefix script '/home/budiman/RIVAL/cdc/install/local_setup.bash'
[36.277s] INFO:colcon.colcon_core.shell:Creating prefix chain script '/home/budiman/RIVAL/cdc/install/setup.bash'
[36.280s] INFO:colcon.colcon_core.shell:Creating prefix script '/home/budiman/RIVAL/cdc/install/local_setup.zsh'
[36.368s] INFO:colcon.colcon_core.shell:Creating prefix chain script '/home/budiman/RIVAL/cdc/install/setup.zsh'
