[0.105s] DEBUG:colcon:Command line arguments: ['/usr/bin/colcon', 'build']
[0.105s] DEBUG:colcon:Parsed command line arguments: Namespace(log_base=None, log_level=None, verb_name='build', build_base='build', install_base='install', merge_install=False, symlink_install=False, test_result_base=None, continue_on_error=False, executor='parallel', parallel_workers=8, event_handlers=None, ignore_user_meta=False, metas=['./colcon.meta'], base_paths=['.'], packages_ignore=None, packages_ignore_regex=None, paths=None, packages_up_to=None, packages_up_to_regex=None, packages_above=None, packages_above_and_dependencies=None, packages_above_depth=None, packages_select_by_dep=None, packages_skip_by_dep=None, packages_skip_up_to=None, packages_select_build_failed=False, packages_skip_build_finished=False, packages_select_test_failures=False, packages_skip_test_passed=False, packages_select=None, packages_skip=None, packages_select_regex=None, packages_skip_regex=None, packages_start=None, packages_end=None, allow_overriding=[], cmake_args=None, cmake_target=None, cmake_target_skip_unavailable=False, cmake_clean_cache=False, cmake_clean_first=False, cmake_force_configure=False, ament_cmake_args=None, catkin_cmake_args=None, catkin_skip_building_tests=False, mixin_files=None, mixin=None, verb_parser=<colcon_mixin.mixin.mixin_argument.MixinArgumentDecorator object at 0x791e9915ae00>, verb_extension=<colcon_core.verb.build.BuildVerb object at 0x791e9915a890>, main=<bound method BuildVerb.main of <colcon_core.verb.build.BuildVerb object at 0x791e9915a890>>, mixin_verb=('build',))
[0.263s] Level 1:colcon.colcon_core.package_discovery:discover_packages(colcon_meta) check parameters
[0.263s] Level 1:colcon.colcon_core.package_discovery:discover_packages(recursive) check parameters
[0.263s] Level 1:colcon.colcon_core.package_discovery:discover_packages(ignore) check parameters
[0.263s] Level 1:colcon.colcon_core.package_discovery:discover_packages(path) check parameters
[0.263s] Level 1:colcon.colcon_core.package_discovery:discover_packages(colcon_meta) discover
[0.263s] Level 1:colcon.colcon_core.package_discovery:discover_packages(recursive) discover
[0.263s] INFO:colcon.colcon_core.package_discovery:Crawling recursively for packages in '/home/budiman/RIVAL/cdc'
[0.263s] Level 1:colcon.colcon_core.package_identification:_identify(.) by extensions ['ignore', 'ignore_ament_install']
[0.263s] Level 1:colcon.colcon_core.package_identification:_identify(.) by extension 'ignore'
[0.263s] Level 1:colcon.colcon_core.package_identification:_identify(.) by extension 'ignore_ament_install'
[0.263s] Level 1:colcon.colcon_core.package_identification:_identify(.) by extensions ['colcon_pkg']
[0.263s] Level 1:colcon.colcon_core.package_identification:_identify(.) by extension 'colcon_pkg'
[0.263s] Level 1:colcon.colcon_core.package_identification:_identify(.) by extensions ['colcon_meta']
[0.263s] Level 1:colcon.colcon_core.package_identification:_identify(.) by extension 'colcon_meta'
[0.263s] Level 1:colcon.colcon_core.package_identification:_identify(.) by extensions ['ros']
[0.263s] Level 1:colcon.colcon_core.package_identification:_identify(.) by extension 'ros'
[0.272s] Level 1:colcon.colcon_core.package_identification:_identify(.) by extensions ['cmake', 'python']
[0.272s] Level 1:colcon.colcon_core.package_identification:_identify(.) by extension 'cmake'
[0.273s] Level 1:colcon.colcon_core.package_identification:_identify(.) by extension 'python'
[0.273s] Level 1:colcon.colcon_core.package_identification:_identify(.) by extensions ['python_setup_py']
[0.273s] Level 1:colcon.colcon_core.package_identification:_identify(.) by extension 'python_setup_py'
[0.273s] Level 1:colcon.colcon_core.package_identification:_identify(build) by extensions ['ignore', 'ignore_ament_install']
[0.273s] Level 1:colcon.colcon_core.package_identification:_identify(build) by extension 'ignore'
[0.273s] Level 1:colcon.colcon_core.package_identification:_identify(build) ignored
[0.273s] Level 1:colcon.colcon_core.package_identification:_identify(install) by extensions ['ignore', 'ignore_ament_install']
[0.273s] Level 1:colcon.colcon_core.package_identification:_identify(install) by extension 'ignore'
[0.273s] Level 1:colcon.colcon_core.package_identification:_identify(install) ignored
[0.274s] Level 1:colcon.colcon_core.package_identification:_identify(log) by extensions ['ignore', 'ignore_ament_install']
[0.274s] Level 1:colcon.colcon_core.package_identification:_identify(log) by extension 'ignore'
[0.274s] Level 1:colcon.colcon_core.package_identification:_identify(log) ignored
[0.274s] Level 1:colcon.colcon_core.package_identification:_identify(src) by extensions ['ignore', 'ignore_ament_install']
[0.274s] Level 1:colcon.colcon_core.package_identification:_identify(src) by extension 'ignore'
[0.274s] Level 1:colcon.colcon_core.package_identification:_identify(src) by extension 'ignore_ament_install'
[0.274s] Level 1:colcon.colcon_core.package_identification:_identify(src) by extensions ['colcon_pkg']
[0.274s] Level 1:colcon.colcon_core.package_identification:_identify(src) by extension 'colcon_pkg'
[0.274s] Level 1:colcon.colcon_core.package_identification:_identify(src) by extensions ['colcon_meta']
[0.274s] Level 1:colcon.colcon_core.package_identification:_identify(src) by extension 'colcon_meta'
[0.274s] Level 1:colcon.colcon_core.package_identification:_identify(src) by extensions ['ros']
[0.274s] Level 1:colcon.colcon_core.package_identification:_identify(src) by extension 'ros'
[0.274s] Level 1:colcon.colcon_core.package_identification:_identify(src) by extensions ['cmake', 'python']
[0.275s] Level 1:colcon.colcon_core.package_identification:_identify(src) by extension 'cmake'
[0.275s] Level 1:colcon.colcon_core.package_identification:_identify(src) by extension 'python'
[0.275s] Level 1:colcon.colcon_core.package_identification:_identify(src) by extensions ['python_setup_py']
[0.275s] Level 1:colcon.colcon_core.package_identification:_identify(src) by extension 'python_setup_py'
[0.275s] Level 1:colcon.colcon_core.package_identification:_identify(src/global_messages) by extensions ['ignore', 'ignore_ament_install']
[0.275s] Level 1:colcon.colcon_core.package_identification:_identify(src/global_messages) by extension 'ignore'
[0.275s] Level 1:colcon.colcon_core.package_identification:_identify(src/global_messages) by extension 'ignore_ament_install'
[0.275s] Level 1:colcon.colcon_core.package_identification:_identify(src/global_messages) by extensions ['colcon_pkg']
[0.275s] Level 1:colcon.colcon_core.package_identification:_identify(src/global_messages) by extension 'colcon_pkg'
[0.275s] Level 1:colcon.colcon_core.package_identification:_identify(src/global_messages) by extensions ['colcon_meta']
[0.275s] Level 1:colcon.colcon_core.package_identification:_identify(src/global_messages) by extension 'colcon_meta'
[0.275s] Level 1:colcon.colcon_core.package_identification:_identify(src/global_messages) by extensions ['ros']
[0.275s] Level 1:colcon.colcon_core.package_identification:_identify(src/global_messages) by extension 'ros'
[0.278s] DEBUG:colcon.colcon_core.package_identification:Package 'src/global_messages' with type 'ros.ament_cmake' and name 'global_messages'
[0.278s] Level 1:colcon.colcon_core.package_identification:_identify(src/pkg1) by extensions ['ignore', 'ignore_ament_install']
[0.278s] Level 1:colcon.colcon_core.package_identification:_identify(src/pkg1) by extension 'ignore'
[0.278s] Level 1:colcon.colcon_core.package_identification:_identify(src/pkg1) by extension 'ignore_ament_install'
[0.278s] Level 1:colcon.colcon_core.package_identification:_identify(src/pkg1) by extensions ['colcon_pkg']
[0.278s] Level 1:colcon.colcon_core.package_identification:_identify(src/pkg1) by extension 'colcon_pkg'
[0.278s] Level 1:colcon.colcon_core.package_identification:_identify(src/pkg1) by extensions ['colcon_meta']
[0.278s] Level 1:colcon.colcon_core.package_identification:_identify(src/pkg1) by extension 'colcon_meta'
[0.278s] Level 1:colcon.colcon_core.package_identification:_identify(src/pkg1) by extensions ['ros']
[0.278s] Level 1:colcon.colcon_core.package_identification:_identify(src/pkg1) by extension 'ros'
[0.279s] DEBUG:colcon.colcon_core.package_identification:Package 'src/pkg1' with type 'ros.ament_cmake' and name 'pkg1'
[0.279s] Level 1:colcon.colcon_core.package_discovery:discover_packages(recursive) using defaults
[0.279s] Level 1:colcon.colcon_core.package_discovery:discover_packages(ignore) discover
[0.279s] Level 1:colcon.colcon_core.package_discovery:discover_packages(ignore) using defaults
[0.279s] Level 1:colcon.colcon_core.package_discovery:discover_packages(path) discover
[0.279s] Level 1:colcon.colcon_core.package_discovery:discover_packages(path) using defaults
[0.306s] Level 1:colcon.colcon_core.package_discovery:discover_packages(prefix_path) check parameters
[0.306s] Level 1:colcon.colcon_core.package_discovery:discover_packages(prefix_path) discover
[0.364s] DEBUG:colcon.colcon_installed_package_information.package_discovery:Found 369 installed packages in /opt/ros/humble
[0.365s] Level 1:colcon.colcon_core.package_discovery:discover_packages(prefix_path) using defaults
[0.404s] Level 5:colcon.colcon_core.verb:set package 'global_messages' build argument 'cmake_args' from command line to 'None'
[0.404s] Level 5:colcon.colcon_core.verb:set package 'global_messages' build argument 'cmake_target' from command line to 'None'
[0.404s] Level 5:colcon.colcon_core.verb:set package 'global_messages' build argument 'cmake_target_skip_unavailable' from command line to 'False'
[0.404s] Level 5:colcon.colcon_core.verb:set package 'global_messages' build argument 'cmake_clean_cache' from command line to 'False'
[0.404s] Level 5:colcon.colcon_core.verb:set package 'global_messages' build argument 'cmake_clean_first' from command line to 'False'
[0.404s] Level 5:colcon.colcon_core.verb:set package 'global_messages' build argument 'cmake_force_configure' from command line to 'False'
[0.404s] Level 5:colcon.colcon_core.verb:set package 'global_messages' build argument 'ament_cmake_args' from command line to 'None'
[0.404s] Level 5:colcon.colcon_core.verb:set package 'global_messages' build argument 'catkin_cmake_args' from command line to 'None'
[0.404s] Level 5:colcon.colcon_core.verb:set package 'global_messages' build argument 'catkin_skip_building_tests' from command line to 'False'
[0.404s] DEBUG:colcon.colcon_core.verb:Building package 'global_messages' with the following arguments: {'ament_cmake_args': None, 'build_base': '/home/budiman/RIVAL/cdc/build/global_messages', 'catkin_cmake_args': None, 'catkin_skip_building_tests': False, 'cmake_args': None, 'cmake_clean_cache': False, 'cmake_clean_first': False, 'cmake_force_configure': False, 'cmake_target': None, 'cmake_target_skip_unavailable': False, 'install_base': '/home/budiman/RIVAL/cdc/install/global_messages', 'merge_install': False, 'path': '/home/budiman/RIVAL/cdc/src/global_messages', 'symlink_install': False, 'test_result_base': None}
[0.405s] Level 5:colcon.colcon_core.verb:set package 'pkg1' build argument 'cmake_args' from command line to 'None'
[0.405s] Level 5:colcon.colcon_core.verb:set package 'pkg1' build argument 'cmake_target' from command line to 'None'
[0.405s] Level 5:colcon.colcon_core.verb:set package 'pkg1' build argument 'cmake_target_skip_unavailable' from command line to 'False'
[0.405s] Level 5:colcon.colcon_core.verb:set package 'pkg1' build argument 'cmake_clean_cache' from command line to 'False'
[0.405s] Level 5:colcon.colcon_core.verb:set package 'pkg1' build argument 'cmake_clean_first' from command line to 'False'
[0.405s] Level 5:colcon.colcon_core.verb:set package 'pkg1' build argument 'cmake_force_configure' from command line to 'False'
[0.405s] Level 5:colcon.colcon_core.verb:set package 'pkg1' build argument 'ament_cmake_args' from command line to 'None'
[0.405s] Level 5:colcon.colcon_core.verb:set package 'pkg1' build argument 'catkin_cmake_args' from command line to 'None'
[0.405s] Level 5:colcon.colcon_core.verb:set package 'pkg1' build argument 'catkin_skip_building_tests' from command line to 'False'
[0.405s] DEBUG:colcon.colcon_core.verb:Building package 'pkg1' with the following arguments: {'ament_cmake_args': None, 'build_base': '/home/budiman/RIVAL/cdc/build/pkg1', 'catkin_cmake_args': None, 'catkin_skip_building_tests': False, 'cmake_args': None, 'cmake_clean_cache': False, 'cmake_clean_first': False, 'cmake_force_configure': False, 'cmake_target': None, 'cmake_target_skip_unavailable': False, 'install_base': '/home/budiman/RIVAL/cdc/install/pkg1', 'merge_install': False, 'path': '/home/budiman/RIVAL/cdc/src/pkg1', 'symlink_install': False, 'test_result_base': None}
[0.405s] INFO:colcon.colcon_core.executor:Executing jobs using 'parallel' executor
[0.406s] DEBUG:colcon.colcon_parallel_executor.executor.parallel:run_until_complete
[0.406s] INFO:colcon.colcon_ros.task.ament_cmake.build:Building ROS package in '/home/budiman/RIVAL/cdc/src/global_messages' with build type 'ament_cmake'
[0.406s] INFO:colcon.colcon_cmake.task.cmake.build:Building CMake package in '/home/budiman/RIVAL/cdc/src/global_messages'
[0.408s] INFO:colcon.colcon_core.plugin_system:Skipping extension 'colcon_core.shell.bat': Not used on non-Windows systems
[0.408s] INFO:colcon.colcon_core.shell:Skip shell extension 'powershell' for command environment: Not usable outside of PowerShell
[0.408s] DEBUG:colcon.colcon_core.shell:Skip shell extension 'dsv' for command environment
[0.415s] DEBUG:colcon.colcon_core.event_handler.log_command:Invoking command in '/home/budiman/RIVAL/cdc/build/global_messages': CMAKE_PREFIX_PATH=/opt/ros/humble /usr/bin/cmake --build /home/budiman/RIVAL/cdc/build/global_messages -- -j8 -l8
[0.753s] DEBUG:colcon.colcon_core.event_handler.log_command:Invoked command in '/home/budiman/RIVAL/cdc/build/global_messages' returned '0': CMAKE_PREFIX_PATH=/opt/ros/humble /usr/bin/cmake --build /home/budiman/RIVAL/cdc/build/global_messages -- -j8 -l8
[0.762s] DEBUG:colcon.colcon_core.event_handler.log_command:Invoking command in '/home/budiman/RIVAL/cdc/build/global_messages': CMAKE_PREFIX_PATH=/opt/ros/humble /usr/bin/cmake --install /home/budiman/RIVAL/cdc/build/global_messages
[0.813s] Level 1:colcon.colcon_core.environment:create_environment_scripts_only(global_messages)
[0.814s] DEBUG:colcon.colcon_core.event_handler.log_command:Invoked command in '/home/budiman/RIVAL/cdc/build/global_messages' returned '0': CMAKE_PREFIX_PATH=/opt/ros/humble /usr/bin/cmake --install /home/budiman/RIVAL/cdc/build/global_messages
[0.815s] Level 1:colcon.colcon_core.environment:checking '/home/budiman/RIVAL/cdc/install/global_messages' for CMake module files
[0.816s] Level 1:colcon.colcon_core.environment:checking '/home/budiman/RIVAL/cdc/install/global_messages' for CMake config files
[0.816s] Level 1:colcon.colcon_core.shell:create_environment_hook('global_messages', 'cmake_prefix_path')
[0.817s] INFO:colcon.colcon_core.shell:Creating environment hook '/home/budiman/RIVAL/cdc/install/global_messages/share/global_messages/hook/cmake_prefix_path.ps1'
[0.817s] INFO:colcon.colcon_core.shell:Creating environment descriptor '/home/budiman/RIVAL/cdc/install/global_messages/share/global_messages/hook/cmake_prefix_path.dsv'
[0.818s] INFO:colcon.colcon_core.shell:Creating environment hook '/home/budiman/RIVAL/cdc/install/global_messages/share/global_messages/hook/cmake_prefix_path.sh'
[0.818s] Level 1:colcon.colcon_core.environment:checking '/home/budiman/RIVAL/cdc/install/global_messages/lib'
[0.818s] Level 1:colcon.colcon_core.shell:create_environment_hook('global_messages', 'ld_library_path_lib')
[0.819s] INFO:colcon.colcon_core.shell:Creating environment hook '/home/budiman/RIVAL/cdc/install/global_messages/share/global_messages/hook/ld_library_path_lib.ps1'
[0.819s] INFO:colcon.colcon_core.shell:Creating environment descriptor '/home/budiman/RIVAL/cdc/install/global_messages/share/global_messages/hook/ld_library_path_lib.dsv'
[0.819s] INFO:colcon.colcon_core.shell:Creating environment hook '/home/budiman/RIVAL/cdc/install/global_messages/share/global_messages/hook/ld_library_path_lib.sh'
[0.820s] Level 1:colcon.colcon_core.environment:checking '/home/budiman/RIVAL/cdc/install/global_messages/bin'
[0.820s] Level 1:colcon.colcon_core.environment:checking '/home/budiman/RIVAL/cdc/install/global_messages/lib/pkgconfig/global_messages.pc'
[0.820s] Level 1:colcon.colcon_core.environment:checking '/home/budiman/RIVAL/cdc/install/global_messages/lib/python3.10/site-packages'
[0.820s] Level 1:colcon.colcon_core.environment:checking '/home/budiman/RIVAL/cdc/install/global_messages/bin'
[0.820s] INFO:colcon.colcon_core.shell:Creating package script '/home/budiman/RIVAL/cdc/install/global_messages/share/global_messages/package.ps1'
[0.821s] INFO:colcon.colcon_core.shell:Creating package descriptor '/home/budiman/RIVAL/cdc/install/global_messages/share/global_messages/package.dsv'
[0.822s] INFO:colcon.colcon_core.shell:Creating package script '/home/budiman/RIVAL/cdc/install/global_messages/share/global_messages/package.sh'
[0.822s] INFO:colcon.colcon_core.shell:Creating package script '/home/budiman/RIVAL/cdc/install/global_messages/share/global_messages/package.bash'
[0.823s] INFO:colcon.colcon_core.shell:Creating package script '/home/budiman/RIVAL/cdc/install/global_messages/share/global_messages/package.zsh'
[0.824s] Level 1:colcon.colcon_core.environment:create_file_with_runtime_dependencies(/home/budiman/RIVAL/cdc/install/global_messages/share/colcon-core/packages/global_messages)
[0.824s] Level 1:colcon.colcon_core.environment:create_environment_scripts_only(global_messages)
[0.825s] Level 1:colcon.colcon_core.environment:checking '/home/budiman/RIVAL/cdc/install/global_messages' for CMake module files
[0.825s] Level 1:colcon.colcon_core.environment:checking '/home/budiman/RIVAL/cdc/install/global_messages' for CMake config files
[0.826s] Level 1:colcon.colcon_core.shell:create_environment_hook('global_messages', 'cmake_prefix_path')
[0.826s] INFO:colcon.colcon_core.shell:Creating environment hook '/home/budiman/RIVAL/cdc/install/global_messages/share/global_messages/hook/cmake_prefix_path.ps1'
[0.827s] INFO:colcon.colcon_core.shell:Creating environment descriptor '/home/budiman/RIVAL/cdc/install/global_messages/share/global_messages/hook/cmake_prefix_path.dsv'
[0.827s] INFO:colcon.colcon_core.shell:Creating environment hook '/home/budiman/RIVAL/cdc/install/global_messages/share/global_messages/hook/cmake_prefix_path.sh'
[0.828s] Level 1:colcon.colcon_core.environment:checking '/home/budiman/RIVAL/cdc/install/global_messages/lib'
[0.828s] Level 1:colcon.colcon_core.shell:create_environment_hook('global_messages', 'ld_library_path_lib')
[0.828s] INFO:colcon.colcon_core.shell:Creating environment hook '/home/budiman/RIVAL/cdc/install/global_messages/share/global_messages/hook/ld_library_path_lib.ps1'
[0.828s] INFO:colcon.colcon_core.shell:Creating environment descriptor '/home/budiman/RIVAL/cdc/install/global_messages/share/global_messages/hook/ld_library_path_lib.dsv'
[0.828s] INFO:colcon.colcon_core.shell:Creating environment hook '/home/budiman/RIVAL/cdc/install/global_messages/share/global_messages/hook/ld_library_path_lib.sh'
[0.829s] Level 1:colcon.colcon_core.environment:checking '/home/budiman/RIVAL/cdc/install/global_messages/bin'
[0.829s] Level 1:colcon.colcon_core.environment:checking '/home/budiman/RIVAL/cdc/install/global_messages/lib/pkgconfig/global_messages.pc'
[0.829s] Level 1:colcon.colcon_core.environment:checking '/home/budiman/RIVAL/cdc/install/global_messages/lib/python3.10/site-packages'
[0.830s] Level 1:colcon.colcon_core.environment:checking '/home/budiman/RIVAL/cdc/install/global_messages/bin'
[0.830s] INFO:colcon.colcon_core.shell:Creating package script '/home/budiman/RIVAL/cdc/install/global_messages/share/global_messages/package.ps1'
[0.831s] INFO:colcon.colcon_core.shell:Creating package descriptor '/home/budiman/RIVAL/cdc/install/global_messages/share/global_messages/package.dsv'
[0.831s] INFO:colcon.colcon_core.shell:Creating package script '/home/budiman/RIVAL/cdc/install/global_messages/share/global_messages/package.sh'
[0.832s] INFO:colcon.colcon_core.shell:Creating package script '/home/budiman/RIVAL/cdc/install/global_messages/share/global_messages/package.bash'
[0.832s] INFO:colcon.colcon_core.shell:Creating package script '/home/budiman/RIVAL/cdc/install/global_messages/share/global_messages/package.zsh'
[0.833s] Level 1:colcon.colcon_core.environment:create_file_with_runtime_dependencies(/home/budiman/RIVAL/cdc/install/global_messages/share/colcon-core/packages/global_messages)
[0.833s] INFO:colcon.colcon_ros.task.ament_cmake.build:Building ROS package in '/home/budiman/RIVAL/cdc/src/pkg1' with build type 'ament_cmake'
[0.833s] INFO:colcon.colcon_cmake.task.cmake.build:Building CMake package in '/home/budiman/RIVAL/cdc/src/pkg1'
[0.833s] INFO:colcon.colcon_core.shell:Skip shell extension 'powershell' for command environment: Not usable outside of PowerShell
[0.833s] DEBUG:colcon.colcon_core.shell:Skip shell extension 'dsv' for command environment
[0.841s] DEBUG:colcon.colcon_core.event_handler.log_command:Invoking command in '/home/budiman/RIVAL/cdc/build/pkg1': AMENT_PREFIX_PATH=/home/budiman/RIVAL/cdc/install/global_messages:${AMENT_PREFIX_PATH} CMAKE_PREFIX_PATH=/home/budiman/RIVAL/cdc/install/global_messages:/opt/ros/humble LD_LIBRARY_PATH=/home/budiman/RIVAL/cdc/install/global_messages/lib:/usr/lib/x86_64-linux-gnu/gazebo-11/plugins:/opt/ros/humble/opt/rviz_ogre_vendor/lib:/opt/ros/humble/lib/x86_64-linux-gnu:/opt/ros/humble/opt/libphidget22/lib:/opt/ros/humble/lib:/usr/share/gazebo/../../lib/x86_64-linux-gnu/gazebo-11/plugins PYTHONPATH=/home/budiman/RIVAL/cdc/install/global_messages/local/lib/python3.10/dist-packages:${PYTHONPATH} /usr/bin/cmake --build /home/budiman/RIVAL/cdc/build/pkg1 -- -j8 -l8
[22.624s] DEBUG:colcon.colcon_core.event_handler.log_command:Invoked command in '/home/budiman/RIVAL/cdc/build/pkg1' returned '0': AMENT_PREFIX_PATH=/home/budiman/RIVAL/cdc/install/global_messages:${AMENT_PREFIX_PATH} CMAKE_PREFIX_PATH=/home/budiman/RIVAL/cdc/install/global_messages:/opt/ros/humble LD_LIBRARY_PATH=/home/budiman/RIVAL/cdc/install/global_messages/lib:/usr/lib/x86_64-linux-gnu/gazebo-11/plugins:/opt/ros/humble/opt/rviz_ogre_vendor/lib:/opt/ros/humble/lib/x86_64-linux-gnu:/opt/ros/humble/opt/libphidget22/lib:/opt/ros/humble/lib:/usr/share/gazebo/../../lib/x86_64-linux-gnu/gazebo-11/plugins PYTHONPATH=/home/budiman/RIVAL/cdc/install/global_messages/local/lib/python3.10/dist-packages:${PYTHONPATH} /usr/bin/cmake --build /home/budiman/RIVAL/cdc/build/pkg1 -- -j8 -l8
[22.625s] DEBUG:colcon.colcon_core.event_handler.log_command:Invoking command in '/home/budiman/RIVAL/cdc/build/pkg1': AMENT_PREFIX_PATH=/home/budiman/RIVAL/cdc/install/global_messages:${AMENT_PREFIX_PATH} CMAKE_PREFIX_PATH=/home/budiman/RIVAL/cdc/install/global_messages:/opt/ros/humble LD_LIBRARY_PATH=/home/budiman/RIVAL/cdc/install/global_messages/lib:/usr/lib/x86_64-linux-gnu/gazebo-11/plugins:/opt/ros/humble/opt/rviz_ogre_vendor/lib:/opt/ros/humble/lib/x86_64-linux-gnu:/opt/ros/humble/opt/libphidget22/lib:/opt/ros/humble/lib:/usr/share/gazebo/../../lib/x86_64-linux-gnu/gazebo-11/plugins PYTHONPATH=/home/budiman/RIVAL/cdc/install/global_messages/local/lib/python3.10/dist-packages:${PYTHONPATH} /usr/bin/cmake --install /home/budiman/RIVAL/cdc/build/pkg1
[22.721s] Level 1:colcon.colcon_core.environment:create_environment_scripts_only(pkg1)
[22.722s] Level 1:colcon.colcon_core.environment:checking '/home/budiman/RIVAL/cdc/install/pkg1' for CMake module files
[22.723s] DEBUG:colcon.colcon_core.event_handler.log_command:Invoked command in '/home/budiman/RIVAL/cdc/build/pkg1' returned '0': AMENT_PREFIX_PATH=/home/budiman/RIVAL/cdc/install/global_messages:${AMENT_PREFIX_PATH} CMAKE_PREFIX_PATH=/home/budiman/RIVAL/cdc/install/global_messages:/opt/ros/humble LD_LIBRARY_PATH=/home/budiman/RIVAL/cdc/install/global_messages/lib:/usr/lib/x86_64-linux-gnu/gazebo-11/plugins:/opt/ros/humble/opt/rviz_ogre_vendor/lib:/opt/ros/humble/lib/x86_64-linux-gnu:/opt/ros/humble/opt/libphidget22/lib:/opt/ros/humble/lib:/usr/share/gazebo/../../lib/x86_64-linux-gnu/gazebo-11/plugins PYTHONPATH=/home/budiman/RIVAL/cdc/install/global_messages/local/lib/python3.10/dist-packages:${PYTHONPATH} /usr/bin/cmake --install /home/budiman/RIVAL/cdc/build/pkg1
[22.724s] Level 1:colcon.colcon_core.environment:checking '/home/budiman/RIVAL/cdc/install/pkg1' for CMake config files
[22.724s] Level 1:colcon.colcon_core.shell:create_environment_hook('pkg1', 'cmake_prefix_path')
[22.725s] INFO:colcon.colcon_core.shell:Creating environment hook '/home/budiman/RIVAL/cdc/install/pkg1/share/pkg1/hook/cmake_prefix_path.ps1'
[22.726s] INFO:colcon.colcon_core.shell:Creating environment descriptor '/home/budiman/RIVAL/cdc/install/pkg1/share/pkg1/hook/cmake_prefix_path.dsv'
[22.727s] INFO:colcon.colcon_core.shell:Creating environment hook '/home/budiman/RIVAL/cdc/install/pkg1/share/pkg1/hook/cmake_prefix_path.sh'
[22.728s] Level 1:colcon.colcon_core.environment:checking '/home/budiman/RIVAL/cdc/install/pkg1/lib'
[22.728s] Level 1:colcon.colcon_core.environment:checking '/home/budiman/RIVAL/cdc/install/pkg1/bin'
[22.728s] Level 1:colcon.colcon_core.environment:checking '/home/budiman/RIVAL/cdc/install/pkg1/lib/pkgconfig/pkg1.pc'
[22.729s] Level 1:colcon.colcon_core.environment:checking '/home/budiman/RIVAL/cdc/install/pkg1/lib/python3.10/site-packages'
[22.729s] Level 1:colcon.colcon_core.environment:checking '/home/budiman/RIVAL/cdc/install/pkg1/bin'
[22.730s] INFO:colcon.colcon_core.shell:Creating package script '/home/budiman/RIVAL/cdc/install/pkg1/share/pkg1/package.ps1'
[22.730s] INFO:colcon.colcon_core.shell:Creating package descriptor '/home/budiman/RIVAL/cdc/install/pkg1/share/pkg1/package.dsv'
[22.731s] INFO:colcon.colcon_core.shell:Creating package script '/home/budiman/RIVAL/cdc/install/pkg1/share/pkg1/package.sh'
[22.732s] INFO:colcon.colcon_core.shell:Creating package script '/home/budiman/RIVAL/cdc/install/pkg1/share/pkg1/package.bash'
[22.732s] INFO:colcon.colcon_core.shell:Creating package script '/home/budiman/RIVAL/cdc/install/pkg1/share/pkg1/package.zsh'
[22.733s] Level 1:colcon.colcon_core.environment:create_file_with_runtime_dependencies(/home/budiman/RIVAL/cdc/install/pkg1/share/colcon-core/packages/pkg1)
[22.734s] Level 1:colcon.colcon_core.environment:create_environment_scripts_only(pkg1)
[22.734s] Level 1:colcon.colcon_core.environment:checking '/home/budiman/RIVAL/cdc/install/pkg1' for CMake module files
[22.735s] Level 1:colcon.colcon_core.environment:checking '/home/budiman/RIVAL/cdc/install/pkg1' for CMake config files
[22.736s] Level 1:colcon.colcon_core.shell:create_environment_hook('pkg1', 'cmake_prefix_path')
[22.736s] INFO:colcon.colcon_core.shell:Creating environment hook '/home/budiman/RIVAL/cdc/install/pkg1/share/pkg1/hook/cmake_prefix_path.ps1'
[22.737s] INFO:colcon.colcon_core.shell:Creating environment descriptor '/home/budiman/RIVAL/cdc/install/pkg1/share/pkg1/hook/cmake_prefix_path.dsv'
[22.737s] INFO:colcon.colcon_core.shell:Creating environment hook '/home/budiman/RIVAL/cdc/install/pkg1/share/pkg1/hook/cmake_prefix_path.sh'
[22.738s] Level 1:colcon.colcon_core.environment:checking '/home/budiman/RIVAL/cdc/install/pkg1/lib'
[22.738s] Level 1:colcon.colcon_core.environment:checking '/home/budiman/RIVAL/cdc/install/pkg1/bin'
[22.738s] Level 1:colcon.colcon_core.environment:checking '/home/budiman/RIVAL/cdc/install/pkg1/lib/pkgconfig/pkg1.pc'
[22.739s] Level 1:colcon.colcon_core.environment:checking '/home/budiman/RIVAL/cdc/install/pkg1/lib/python3.10/site-packages'
[22.739s] Level 1:colcon.colcon_core.environment:checking '/home/budiman/RIVAL/cdc/install/pkg1/bin'
[22.740s] INFO:colcon.colcon_core.shell:Creating package script '/home/budiman/RIVAL/cdc/install/pkg1/share/pkg1/package.ps1'
[22.741s] INFO:colcon.colcon_core.shell:Creating package descriptor '/home/budiman/RIVAL/cdc/install/pkg1/share/pkg1/package.dsv'
[22.742s] INFO:colcon.colcon_core.shell:Creating package script '/home/budiman/RIVAL/cdc/install/pkg1/share/pkg1/package.sh'
[22.742s] INFO:colcon.colcon_core.shell:Creating package script '/home/budiman/RIVAL/cdc/install/pkg1/share/pkg1/package.bash'
[22.743s] INFO:colcon.colcon_core.shell:Creating package script '/home/budiman/RIVAL/cdc/install/pkg1/share/pkg1/package.zsh'
[22.744s] Level 1:colcon.colcon_core.environment:create_file_with_runtime_dependencies(/home/budiman/RIVAL/cdc/install/pkg1/share/colcon-core/packages/pkg1)
[22.744s] DEBUG:colcon.colcon_parallel_executor.executor.parallel:closing loop
[22.745s] DEBUG:colcon.colcon_parallel_executor.executor.parallel:loop closed
[22.745s] DEBUG:colcon.colcon_parallel_executor.executor.parallel:run_until_complete finished with '0'
[22.745s] DEBUG:colcon.colcon_core.event_reactor:joining thread
[22.768s] INFO:colcon.colcon_core.plugin_system:Skipping extension 'colcon_notification.desktop_notification.terminal_notifier': Not used on non-Darwin systems
[22.768s] INFO:colcon.colcon_core.plugin_system:Skipping extension 'colcon_notification.desktop_notification.win32': Not used on non-Windows systems
[22.768s] INFO:colcon.colcon_notification.desktop_notification:Sending desktop notification using 'notify2'
[22.796s] DEBUG:colcon.colcon_core.event_reactor:joined thread
[22.797s] INFO:colcon.colcon_core.shell:Creating prefix script '/home/budiman/RIVAL/cdc/install/local_setup.ps1'
[22.798s] INFO:colcon.colcon_core.shell:Creating prefix util module '/home/budiman/RIVAL/cdc/install/_local_setup_util_ps1.py'
[22.801s] INFO:colcon.colcon_core.shell:Creating prefix chain script '/home/budiman/RIVAL/cdc/install/setup.ps1'
[22.802s] INFO:colcon.colcon_core.shell:Creating prefix script '/home/budiman/RIVAL/cdc/install/local_setup.sh'
[22.803s] INFO:colcon.colcon_core.shell:Creating prefix util module '/home/budiman/RIVAL/cdc/install/_local_setup_util_sh.py'
[22.804s] INFO:colcon.colcon_core.shell:Creating prefix chain script '/home/budiman/RIVAL/cdc/install/setup.sh'
[22.805s] INFO:colcon.colcon_core.shell:Creating prefix script '/home/budiman/RIVAL/cdc/install/local_setup.bash'
[22.806s] INFO:colcon.colcon_core.shell:Creating prefix chain script '/home/budiman/RIVAL/cdc/install/setup.bash'
[22.808s] INFO:colcon.colcon_core.shell:Creating prefix script '/home/budiman/RIVAL/cdc/install/local_setup.zsh'
[22.808s] INFO:colcon.colcon_core.shell:Creating prefix chain script '/home/budiman/RIVAL/cdc/install/setup.zsh'
